<?xml version="1.0" encoding="UTF-8"?>
<testsuites tests="1836" failures="0" errors="0" time="265.606005">
	<testsuite tests="0" failures="0" time="0.000000" name="github.com/joltify-finance/joltify_lending/app" timestamp="2024-01-30T16:29:34+11:00">
		<properties>
			<property name="go.version" value="go1.21.4 linux/amd64"></property>
		</properties>
	</testsuite>
	<testsuite tests="24" failures="0" time="0.316000" name="github.com/joltify-finance/joltify_lending/app/ante" timestamp="2024-01-30T16:29:34+11:00">
		<properties>
			<property name="go.version" value="go1.21.4 linux/amd64"></property>
		</properties>
		<testcase classname="github.com/joltify-finance/joltify_lending/app/ante" name="TestTransferSPVNFT" time="0.020000"></testcase>
		<testcase classname="github.com/joltify-finance/joltify_lending/app/ante" name="TestQuotaCheck" time="0.020000"></testcase>
		<testcase classname="github.com/joltify-finance/joltify_lending/app/ante" name="TestAuthenticatedMempoolDecorator_AnteHandle_NotCheckTx" time="0.020000"></testcase>
		<testcase classname="github.com/joltify-finance/joltify_lending/app/ante" name="TestAuthenticatedMempoolDecorator_AnteHandle_Pass" time="0.010000"></testcase>
		<testcase classname="github.com/joltify-finance/joltify_lending/app/ante" name="TestAuthenticatedMempoolDecorator_AnteHandle_Reject" time="0.010000"></testcase>
		<testcase classname="github.com/joltify-finance/joltify_lending/app/ante" name="TestAuthzLimiterDecorator/a_non_blocked_msg_is_not_blocked" time="0.000000"></testcase>
		<testcase classname="github.com/joltify-finance/joltify_lending/app/ante" name="TestAuthzLimiterDecorator/a_blocked_msg_is_not_blocked_when_not_wrapped_in_MsgExec" time="0.000000"></testcase>
		<testcase classname="github.com/joltify-finance/joltify_lending/app/ante" name="TestAuthzLimiterDecorator/when_a_MsgGrant_contains_a_non_blocked_msg,_it_passes" time="0.000000"></testcase>
		<testcase classname="github.com/joltify-finance/joltify_lending/app/ante" name="TestAuthzLimiterDecorator/when_a_MsgGrant_contains_a_non_blocked_msg,_it_passes#01" time="0.000000"></testcase>
		<testcase classname="github.com/joltify-finance/joltify_lending/app/ante" name="TestAuthzLimiterDecorator/when_a_MsgGrant_contains_a_blocked_msg,_it_is_blocked" time="0.000000"></testcase>
		<testcase classname="github.com/joltify-finance/joltify_lending/app/ante" name="TestAuthzLimiterDecorator/when_a_MsgGrant_contains_a_blocked_msg,_it_is_blocked#01" time="0.000000"></testcase>
		<testcase classname="github.com/joltify-finance/joltify_lending/app/ante" name="TestAuthzLimiterDecorator/when_a_MsgExec_contains_a_non_blocked_msg,_it_passes" time="0.000000"></testcase>
		<testcase classname="github.com/joltify-finance/joltify_lending/app/ante" name="TestAuthzLimiterDecorator/when_a_MsgExec_contains_a_blocked_msg,_it_is_blocked" time="0.000000"></testcase>
		<testcase classname="github.com/joltify-finance/joltify_lending/app/ante" name="TestAuthzLimiterDecorator/blocked_msg_surrounded_by_valid_msgs_is_still_blocked" time="0.000000"></testcase>
		<testcase classname="github.com/joltify-finance/joltify_lending/app/ante" name="TestAuthzLimiterDecorator/a_nested_MsgExec_containing_a_blocked_msg_is_still_blocked" time="0.000000"></testcase>
		<testcase classname="github.com/joltify-finance/joltify_lending/app/ante" name="TestAuthzLimiterDecorator/a_nested_MsgGrant_containing_a_blocked_msg_is_still_blocked" time="0.000000"></testcase>
		<testcase classname="github.com/joltify-finance/joltify_lending/app/ante" name="TestAuthzLimiterDecorator" time="0.020000"></testcase>
		<testcase classname="github.com/joltify-finance/joltify_lending/app/ante" name="TestEvmMinGasFilter/no_min_gas_prices" time="0.000000"></testcase>
		<testcase classname="github.com/joltify-finance/joltify_lending/app/ante" name="TestEvmMinGasFilter/zero_ujolt_gas_price" time="0.000000"></testcase>
		<testcase classname="github.com/joltify-finance/joltify_lending/app/ante" name="TestEvmMinGasFilter/non-zero_ujolt_gas_price" time="0.000000"></testcase>
		<testcase classname="github.com/joltify-finance/joltify_lending/app/ante" name="TestEvmMinGasFilter/zero_ujolt_gas_price,_min_ajolt_price" time="0.000000"></testcase>
		<testcase classname="github.com/joltify-finance/joltify_lending/app/ante" name="TestEvmMinGasFilter/zero_ujolt_gas_price,_min_ajolt_price,_other_token" time="0.000000"></testcase>
		<testcase classname="github.com/joltify-finance/joltify_lending/app/ante" name="TestEvmMinGasFilter/non-zero_ujolt_gas_price,_min_ajolt_price" time="0.000000"></testcase>
		<testcase classname="github.com/joltify-finance/joltify_lending/app/ante" name="TestEvmMinGasFilter" time="0.070000"></testcase>
	</testsuite>
	<testsuite tests="0" failures="0" time="0.000000" name="github.com/joltify-finance/joltify_lending/app/params" timestamp="2024-01-30T16:29:34+11:00">
		<properties>
			<property name="go.version" value="go1.21.4 linux/amd64"></property>
		</properties>
	</testsuite>
	<testsuite tests="0" failures="0" time="0.000000" name="github.com/joltify-finance/joltify_lending/client" timestamp="2024-01-30T16:29:34+11:00">
		<properties>
			<property name="go.version" value="go1.21.4 linux/amd64"></property>
		</properties>
	</testsuite>
	<testsuite tests="0" failures="0" time="0.000000" name="github.com/joltify-finance/joltify_lending/client/docs" timestamp="2024-01-30T16:29:34+11:00">
		<properties>
			<property name="go.version" value="go1.21.4 linux/amd64"></property>
		</properties>
	</testsuite>
	<testsuite tests="0" failures="0" time="0.000000" name="github.com/joltify-finance/joltify_lending/client/docs/statik" timestamp="2024-01-30T16:29:34+11:00">
		<properties>
			<property name="go.version" value="go1.21.4 linux/amd64"></property>
		</properties>
	</testsuite>
	<testsuite tests="0" failures="0" time="0.000000" name="github.com/joltify-finance/joltify_lending/cmd/joltify" timestamp="2024-01-30T16:29:34+11:00">
		<properties>
			<property name="go.version" value="go1.21.4 linux/amd64"></property>
		</properties>
	</testsuite>
	<testsuite tests="0" failures="0" time="0.000000" name="github.com/joltify-finance/joltify_lending/cmd/joltify/cmd" timestamp="2024-01-30T16:29:34+11:00">
		<properties>
			<property name="go.version" value="go1.21.4 linux/amd64"></property>
		</properties>
	</testsuite>
	<testsuite tests="0" failures="0" time="0.000000" name="github.com/joltify-finance/joltify_lending/cmd/tools" timestamp="2024-01-30T16:29:34+11:00">
		<properties>
			<property name="go.version" value="go1.21.4 linux/amd64"></property>
		</properties>
	</testsuite>
	<testsuite tests="0" failures="0" time="0.000000" name="github.com/joltify-finance/joltify_lending/contrib/devnet/integrationtest" timestamp="2024-01-30T16:29:34+11:00">
		<properties>
			<property name="go.version" value="go1.21.4 linux/amd64"></property>
		</properties>
	</testsuite>
	<testsuite tests="0" failures="0" time="0.000000" name="github.com/joltify-finance/joltify_lending/contrib/devnet/integrationtest/common" timestamp="2024-01-30T16:29:34+11:00">
		<properties>
			<property name="go.version" value="go1.21.4 linux/amd64"></property>
		</properties>
	</testsuite>
	<testsuite tests="0" failures="0" time="0.000000" name="github.com/joltify-finance/joltify_lending/contrib/devnet/integrationtest/scripts" timestamp="2024-01-30T16:29:34+11:00">
		<properties>
			<property name="go.version" value="go1.21.4 linux/amd64"></property>
		</properties>
	</testsuite>
	<testsuite tests="0" failures="0" time="0.000000" name="github.com/joltify-finance/joltify_lending/testutil" timestamp="2024-01-30T16:29:34+11:00">
		<properties>
			<property name="go.version" value="go1.21.4 linux/amd64"></property>
		</properties>
	</testsuite>
	<testsuite tests="0" failures="0" time="0.000000" name="github.com/joltify-finance/joltify_lending/testutil/keeper" timestamp="2024-01-30T16:29:34+11:00">
		<properties>
			<property name="go.version" value="go1.21.4 linux/amd64"></property>
		</properties>
	</testsuite>
	<testsuite tests="0" failures="0" time="0.000000" name="github.com/joltify-finance/joltify_lending/testutil/network" timestamp="2024-01-30T16:29:34+11:00">
		<properties>
			<property name="go.version" value="go1.21.4 linux/amd64"></property>
		</properties>
	</testsuite>
	<testsuite tests="0" failures="0" time="0.000000" name="github.com/joltify-finance/joltify_lending/testutil/nullify" timestamp="2024-01-30T16:29:34+11:00">
		<properties>
			<property name="go.version" value="go1.21.4 linux/amd64"></property>
		</properties>
	</testsuite>
	<testsuite tests="0" failures="0" time="0.000000" name="github.com/joltify-finance/joltify_lending/testutil/sample" timestamp="2024-01-30T16:29:34+11:00">
		<properties>
			<property name="go.version" value="go1.21.4 linux/amd64"></property>
		</properties>
	</testsuite>
	<testsuite tests="0" failures="0" time="0.000000" name="github.com/joltify-finance/joltify_lending/testutil/simapp" timestamp="2024-01-30T16:29:34+11:00">
		<properties>
			<property name="go.version" value="go1.21.4 linux/amd64"></property>
		</properties>
	</testsuite>
	<testsuite tests="0" failures="0" time="0.000000" name="github.com/joltify-finance/joltify_lending/tools" timestamp="2024-01-30T16:29:34+11:00">
		<properties>
			<property name="go.version" value="go1.21.4 linux/amd64"></property>
		</properties>
	</testsuite>
	<testsuite tests="0" failures="0" time="0.000000" name="github.com/joltify-finance/joltify_lending/upgrade" timestamp="2024-01-30T16:29:34+11:00">
		<properties>
			<property name="go.version" value="go1.21.4 linux/amd64"></property>
		</properties>
	</testsuite>
	<testsuite tests="0" failures="0" time="0.000000" name="github.com/joltify-finance/joltify_lending/utils" timestamp="2024-01-30T16:29:34+11:00">
		<properties>
			<property name="go.version" value="go1.21.4 linux/amd64"></property>
		</properties>
	</testsuite>
	<testsuite tests="0" failures="0" time="0.000000" name="github.com/joltify-finance/joltify_lending/x/ibc-rate-limit" timestamp="2024-01-30T16:29:34+11:00">
		<properties>
			<property name="go.version" value="go1.21.4 linux/amd64"></property>
		</properties>
	</testsuite>
	<testsuite tests="0" failures="0" time="0.000000" name="github.com/joltify-finance/joltify_lending/x/ibc-rate-limit/keeper" timestamp="2024-01-30T16:29:34+11:00">
		<properties>
			<property name="go.version" value="go1.21.4 linux/amd64"></property>
		</properties>
	</testsuite>
	<testsuite tests="9" failures="0" time="0.030000" name="github.com/joltify-finance/joltify_lending/x/ibc-rate-limit/types" timestamp="2024-01-30T16:29:34+11:00">
		<properties>
			<property name="go.version" value="go1.21.4 linux/amd64"></property>
		</properties>
		<testcase classname="github.com/joltify-finance/joltify_lending/x/ibc-rate-limit/types" name="TestValidateQuota/invalid_quota" time="0.000000"></testcase>
		<testcase classname="github.com/joltify-finance/joltify_lending/x/ibc-rate-limit/types" name="TestValidateQuota/valid_quota_2" time="0.000000"></testcase>
		<testcase classname="github.com/joltify-finance/joltify_lending/x/ibc-rate-limit/types" name="TestValidateQuota/valid_quota" time="0.000000"></testcase>
		<testcase classname="github.com/joltify-finance/joltify_lending/x/ibc-rate-limit/types" name="TestValidateQuota" time="0.000000"></testcase>
		<testcase classname="github.com/joltify-finance/joltify_lending/x/ibc-rate-limit/types" name="TestValidateParams/valid_params" time="0.000000"></testcase>
		<testcase classname="github.com/joltify-finance/joltify_lending/x/ibc-rate-limit/types" name="TestValidateParams/invalid_white_list" time="0.000000"></testcase>
		<testcase classname="github.com/joltify-finance/joltify_lending/x/ibc-rate-limit/types" name="TestValidateParams/valid_params#01" time="0.000000"></testcase>
		<testcase classname="github.com/joltify-finance/joltify_lending/x/ibc-rate-limit/types" name="TestValidateParams/empty_quota" time="0.000000"></testcase>
		<testcase classname="github.com/joltify-finance/joltify_lending/x/ibc-rate-limit/types" name="TestValidateParams" time="0.000000"></testcase>
	</testsuite>
	<testsuite tests="1" failures="0" time="0.168000" name="github.com/joltify-finance/joltify_lending/x/kyc" timestamp="2024-01-30T16:29:34+11:00">
		<properties>
			<property name="go.version" value="go1.21.4 linux/amd64"></property>
		</properties>
		<testcase classname="github.com/joltify-finance/joltify_lending/x/kyc" name="TestGenesis" time="0.010000"></testcase>
	</testsuite>
	<testsuite tests="21" failures="0" time="140.388000" name="github.com/joltify-finance/joltify_lending/x/kyc/client/cli" timestamp="2024-01-30T16:29:34+11:00">
		<properties>
			<property name="go.version" value="go1.21.4 linux/amd64"></property>
		</properties>
		<testcase classname="github.com/joltify-finance/joltify_lending/x/kyc/client/cli" name="TestListInvestors/valid" time="0.000000"></testcase>
		<testcase classname="github.com/joltify-finance/joltify_lending/x/kyc/client/cli" name="TestListInvestors" time="21.960000"></testcase>
		<testcase classname="github.com/joltify-finance/joltify_lending/x/kyc/client/cli" name="TestQueryByWallets/invalid,_not_found" time="0.000000"></testcase>
		<testcase classname="github.com/joltify-finance/joltify_lending/x/kyc/client/cli" name="TestQueryByWallets/invalid_as_multify_address" time="0.000000"></testcase>
		<testcase classname="github.com/joltify-finance/joltify_lending/x/kyc/client/cli" name="TestQueryByWallets/valid" time="2.000000"></testcase>
		<testcase classname="github.com/joltify-finance/joltify_lending/x/kyc/client/cli" name="TestQueryByWallets/valid#01" time="2.000000"></testcase>
		<testcase classname="github.com/joltify-finance/joltify_lending/x/kyc/client/cli" name="TestQueryByWallets/valid#02" time="2.000000"></testcase>
		<testcase classname="github.com/joltify-finance/joltify_lending/x/kyc/client/cli" name="TestQueryByWallets/valid#03" time="2.000000"></testcase>
		<testcase classname="github.com/joltify-finance/joltify_lending/x/kyc/client/cli" name="TestQueryByWallets" time="31.800000"></testcase>
		<testcase classname="github.com/joltify-finance/joltify_lending/x/kyc/client/cli" name="TestQueryInvestorWalletsInvestors/invalid,_not_found" time="0.000000"></testcase>
		<testcase classname="github.com/joltify-finance/joltify_lending/x/kyc/client/cli" name="TestQueryInvestorWalletsInvestors/valid" time="0.000000"></testcase>
		<testcase classname="github.com/joltify-finance/joltify_lending/x/kyc/client/cli" name="TestQueryInvestorWalletsInvestors/valid#01" time="0.000000"></testcase>
		<testcase classname="github.com/joltify-finance/joltify_lending/x/kyc/client/cli" name="TestQueryInvestorWalletsInvestors" time="23.790000"></testcase>
		<testcase classname="github.com/joltify-finance/joltify_lending/x/kyc/client/cli" name="TestQueryParameters/valid" time="0.000000"></testcase>
		<testcase classname="github.com/joltify-finance/joltify_lending/x/kyc/client/cli" name="TestQueryParameters" time="19.760000"></testcase>
		<testcase classname="github.com/joltify-finance/joltify_lending/x/kyc/client/cli" name="TestUploadInvestor/invalid" time="4.010000"></testcase>
		<testcase classname="github.com/joltify-finance/joltify_lending/x/kyc/client/cli" name="TestUploadInvestor/valid" time="4.010000"></testcase>
		<testcase classname="github.com/joltify-finance/joltify_lending/x/kyc/client/cli" name="TestUploadInvestor/invalid_address" time="4.010000"></testcase>
		<testcase classname="github.com/joltify-finance/joltify_lending/x/kyc/client/cli" name="TestUploadInvestor/multipu_address" time="4.019000"></testcase>
		<testcase classname="github.com/joltify-finance/joltify_lending/x/kyc/client/cli" name="TestUploadInvestor/cannot_map_multiple_wallet_addresses_to_different_investors" time="7.020000"></testcase>
		<testcase classname="github.com/joltify-finance/joltify_lending/x/kyc/client/cli" name="TestUploadInvestor" time="42.850000"></testcase>
	</testsuite>
	<testsuite tests="9" failures="0" time="0.281000" name="github.com/joltify-finance/joltify_lending/x/kyc/keeper" timestamp="2024-01-30T16:29:34+11:00">
		<properties>
			<property name="go.version" value="go1.21.4 linux/amd64"></property>
		</properties>
		<testcase classname="github.com/joltify-finance/joltify_lending/x/kyc/keeper" name="TestParamsQuery" time="0.000000"></testcase>
		<testcase classname="github.com/joltify-finance/joltify_lending/x/kyc/keeper" name="TestSubmitInvestor" time="0.050000"></testcase>
		<testcase classname="github.com/joltify-finance/joltify_lending/x/kyc/keeper" name="TestUpdateWallets" time="0.020000"></testcase>
		<testcase classname="github.com/joltify-finance/joltify_lending/x/kyc/keeper" name="TestGetParams" time="0.000000"></testcase>
		<testcase classname="github.com/joltify-finance/joltify_lending/x/kyc/keeper" name="TestGetEach" time="0.000000"></testcase>
		<testcase classname="github.com/joltify-finance/joltify_lending/x/kyc/keeper" name="TestQueryAllInvestors" time="0.020000"></testcase>
		<testcase classname="github.com/joltify-finance/joltify_lending/x/kyc/keeper" name="TestQueryByWallet" time="0.030000"></testcase>
		<testcase classname="github.com/joltify-finance/joltify_lending/x/kyc/keeper" name="TestQueryByWalletTwoInvestorIDWithSameWallet" time="0.010000"></testcase>
		<testcase classname="github.com/joltify-finance/joltify_lending/x/kyc/keeper" name="TestQueryByInvestor" time="0.020000"></testcase>
	</testsuite>
	<testsuite tests="0" failures="0" time="0.000000" name="github.com/joltify-finance/joltify_lending/x/kyc/simulation" timestamp="2024-01-30T16:29:34+11:00">
		<properties>
			<property name="go.version" value="go1.21.4 linux/amd64"></property>
		</properties>
	</testsuite>
	<testsuite tests="6" failures="0" time="0.121000" name="github.com/joltify-finance/joltify_lending/x/kyc/types" timestamp="2024-01-30T16:29:34+11:00">
		<properties>
			<property name="go.version" value="go1.21.4 linux/amd64"></property>
		</properties>
		<testcase classname="github.com/joltify-finance/joltify_lending/x/kyc/types" name="TestMsgUploadInvestor_ValidateBasic/invalid_address" time="0.000000"></testcase>
		<testcase classname="github.com/joltify-finance/joltify_lending/x/kyc/types" name="TestMsgUploadInvestor_ValidateBasic/valid_address" time="0.000000"></testcase>
		<testcase classname="github.com/joltify-finance/joltify_lending/x/kyc/types" name="TestMsgUploadInvestor_ValidateBasic" time="0.000000"></testcase>
		<testcase classname="github.com/joltify-finance/joltify_lending/x/kyc/types" name="TestGenesisState_Validate/default_is_valid" time="0.000000"></testcase>
		<testcase classname="github.com/joltify-finance/joltify_lending/x/kyc/types" name="TestGenesisState_Validate/valid_genesis_state_as_submitter_is_empty" time="0.000000"></testcase>
		<testcase classname="github.com/joltify-finance/joltify_lending/x/kyc/types" name="TestGenesisState_Validate" time="0.000000"></testcase>
	</testsuite>
	<testsuite tests="1" failures="0" time="0.175000" name="github.com/joltify-finance/joltify_lending/x/mint" timestamp="2024-01-30T16:29:34+11:00">
		<properties>
			<property name="go.version" value="go1.21.4 linux/amd64"></property>
		</properties>
		<testcase classname="github.com/joltify-finance/joltify_lending/x/mint" name="TestGenesis" time="0.060000"></testcase>
	</testsuite>
	<testsuite tests="0" failures="0" time="0.000000" name="github.com/joltify-finance/joltify_lending/x/mint/client/cli" timestamp="2024-01-30T16:29:34+11:00">
		<properties>
			<property name="go.version" value="go1.21.4 linux/amd64"></property>
		</properties>
	</testsuite>
	<testsuite tests="5" failures="0" time="73.929000" name="github.com/joltify-finance/joltify_lending/x/mint/keeper" timestamp="2024-01-30T16:29:34+11:00">
		<properties>
			<property name="go.version" value="go1.21.4 linux/amd64"></property>
		</properties>
		<testcase classname="github.com/joltify-finance/joltify_lending/x/mint/keeper" name="TestMintCoinsAndDistribute" time="0.090000"></testcase>
		<testcase classname="github.com/joltify-finance/joltify_lending/x/mint/keeper" name="TestMintCoinsAndDistributeFor3Years" time="73.640000"></testcase>
		<testcase classname="github.com/joltify-finance/joltify_lending/x/mint/keeper" name="TestMintCoinsAndDistributeForAllYears" time="0.030000"></testcase>
		<testcase classname="github.com/joltify-finance/joltify_lending/x/mint/keeper" name="TestParamsQuery" time="0.020000"></testcase>
		<testcase classname="github.com/joltify-finance/joltify_lending/x/mint/keeper" name="TestGetParams" time="0.020000"></testcase>
	</testsuite>
	<testsuite tests="0" failures="0" time="0.000000" name="github.com/joltify-finance/joltify_lending/x/mint/simulation" timestamp="2024-01-30T16:29:34+11:00">
		<properties>
			<property name="go.version" value="go1.21.4 linux/amd64"></property>
		</properties>
	</testsuite>
	<testsuite tests="3" failures="0" time="0.057000" name="github.com/joltify-finance/joltify_lending/x/mint/types" timestamp="2024-01-30T16:29:34+11:00">
		<properties>
			<property name="go.version" value="go1.21.4 linux/amd64"></property>
		</properties>
		<testcase classname="github.com/joltify-finance/joltify_lending/x/mint/types" name="TestGenesisState_Validate/default_is_valid" time="0.000000"></testcase>
		<testcase classname="github.com/joltify-finance/joltify_lending/x/mint/types" name="TestGenesisState_Validate/valid_genesis_state" time="0.000000"></testcase>
		<testcase classname="github.com/joltify-finance/joltify_lending/x/mint/types" name="TestGenesisState_Validate" time="0.000000"></testcase>
	</testsuite>
	<testsuite tests="1" failures="0" time="0.137000" name="github.com/joltify-finance/joltify_lending/x/quota" timestamp="2024-01-30T16:29:34+11:00">
		<properties>
			<property name="go.version" value="go1.21.4 linux/amd64"></property>
		</properties>
		<testcase classname="github.com/joltify-finance/joltify_lending/x/quota" name="TestGenesis" time="0.000000"></testcase>
	</testsuite>
	<testsuite tests="0" failures="0" time="0.000000" name="github.com/joltify-finance/joltify_lending/x/quota/client/cli" timestamp="2024-01-30T16:29:34+11:00">
		<properties>
			<property name="go.version" value="go1.21.4 linux/amd64"></property>
		</properties>
	</testsuite>
	<testsuite tests="21" failures="0" time="1.030000" name="github.com/joltify-finance/joltify_lending/x/quota/keeper" timestamp="2024-01-30T16:29:34+11:00">
		<properties>
			<property name="go.version" value="go1.21.4 linux/amd64"></property>
		</properties>
		<testcase classname="github.com/joltify-finance/joltify_lending/x/quota/keeper" name="TestMsgServer" time="0.000000"></testcase>
		<testcase classname="github.com/joltify-finance/joltify_lending/x/quota/keeper" name="TestGetParams" time="0.000000"></testcase>
		<testcase classname="github.com/joltify-finance/joltify_lending/x/quota/keeper" name="TestSetNonSortedParas" time="0.000000"></testcase>
		<testcase classname="github.com/joltify-finance/joltify_lending/x/quota/keeper" name="TestParamsQuery" time="0.000000"></testcase>
		<testcase classname="github.com/joltify-finance/joltify_lending/x/quota/keeper" name="TestQuotaQuerySingle/First" time="0.000000"></testcase>
		<testcase classname="github.com/joltify-finance/joltify_lending/x/quota/keeper" name="TestQuotaQuerySingle/Second" time="0.000000"></testcase>
		<testcase classname="github.com/joltify-finance/joltify_lending/x/quota/keeper" name="TestQuotaQuerySingle/KeyNotFound" time="0.000000"></testcase>
		<testcase classname="github.com/joltify-finance/joltify_lending/x/quota/keeper" name="TestQuotaQuerySingle/InvalidRequest" time="0.000000"></testcase>
		<testcase classname="github.com/joltify-finance/joltify_lending/x/quota/keeper" name="TestQuotaQuerySingle" time="0.000000"></testcase>
		<testcase classname="github.com/joltify-finance/joltify_lending/x/quota/keeper" name="TestQuotaQueryPaginated/ByOffset" time="0.000000"></testcase>
		<testcase classname="github.com/joltify-finance/joltify_lending/x/quota/keeper" name="TestQuotaQueryPaginated/ByKey" time="0.000000"></testcase>
		<testcase classname="github.com/joltify-finance/joltify_lending/x/quota/keeper" name="TestQuotaQueryPaginated/Total" time="0.000000"></testcase>
		<testcase classname="github.com/joltify-finance/joltify_lending/x/quota/keeper" name="TestQuotaQueryPaginated/InvalidRequest" time="0.000000"></testcase>
		<testcase classname="github.com/joltify-finance/joltify_lending/x/quota/keeper" name="TestQuotaQueryPaginated" time="0.010000"></testcase>
		<testcase classname="github.com/joltify-finance/joltify_lending/x/quota/keeper" name="TestQuotaGet" time="0.000000"></testcase>
		<testcase classname="github.com/joltify-finance/joltify_lending/x/quota/keeper" name="TestQuotaGetAll" time="0.000000"></testcase>
		<testcase classname="github.com/joltify-finance/joltify_lending/x/quota/keeper" name="TestUpdateQuota" time="0.000000"></testcase>
		<testcase classname="github.com/joltify-finance/joltify_lending/x/quota/keeper" name="TestExceedMaxHistoryLength" time="0.180000"></testcase>
		<testcase classname="github.com/joltify-finance/joltify_lending/x/quota/keeper" name="TestBlockUpdate" time="0.440000"></testcase>
		<testcase classname="github.com/joltify-finance/joltify_lending/x/quota/keeper" name="TestRevokehistory" time="0.240000"></testcase>
		<testcase classname="github.com/joltify-finance/joltify_lending/x/quota/keeper" name="TestWhiteList" time="0.000000"></testcase>
	</testsuite>
	<testsuite tests="6" failures="0" time="0.066000" name="github.com/joltify-finance/joltify_lending/x/quota/types" timestamp="2024-01-30T16:29:34+11:00">
		<properties>
			<property name="go.version" value="go1.21.4 linux/amd64"></property>
		</properties>
		<testcase classname="github.com/joltify-finance/joltify_lending/x/quota/types" name="TestGenesisState_Validate/default_is_valid" time="0.000000"></testcase>
		<testcase classname="github.com/joltify-finance/joltify_lending/x/quota/types" name="TestGenesisState_Validate/valid_genesis_state" time="0.000000"></testcase>
		<testcase classname="github.com/joltify-finance/joltify_lending/x/quota/types" name="TestGenesisState_Validate/valid_genesis_state_with_no_quota" time="0.000000"></testcase>
		<testcase classname="github.com/joltify-finance/joltify_lending/x/quota/types" name="TestGenesisState_Validate/invalid_genesis_state_with_no_module_name" time="0.000000"></testcase>
		<testcase classname="github.com/joltify-finance/joltify_lending/x/quota/types" name="TestGenesisState_Validate/invalid_genesis_state_with_no_coins" time="0.000000"></testcase>
		<testcase classname="github.com/joltify-finance/joltify_lending/x/quota/types" name="TestGenesisState_Validate" time="0.000000"></testcase>
	</testsuite>
	<testsuite tests="1" failures="0" time="0.147000" name="github.com/joltify-finance/joltify_lending/x/spv" timestamp="2024-01-30T16:29:34+11:00">
		<properties>
			<property name="go.version" value="go1.21.4 linux/amd64"></property>
		</properties>
		<testcase classname="github.com/joltify-finance/joltify_lending/x/spv" name="TestGenesis" time="0.000000"></testcase>
	</testsuite>
	<testsuite tests="0" failures="0" time="0.000000" name="github.com/joltify-finance/joltify_lending/x/spv/client/cli" timestamp="2024-01-30T16:29:34+11:00">
		<properties>
			<property name="go.version" value="go1.21.4 linux/amd64"></property>
		</properties>
	</testsuite>
	<testsuite tests="99" failures="0" time="38.731000" name="github.com/joltify-finance/joltify_lending/x/spv/keeper" timestamp="2024-01-30T16:29:34+11:00">
		<properties>
			<property name="go.version" value="go1.21.4 linux/amd64"></property>
		</properties>
		<testcase classname="github.com/joltify-finance/joltify_lending/x/spv/keeper" name="TestInterestTestSuite/TestAPYToSPY/lowest_apy" time="0.000000"></testcase>
		<testcase classname="github.com/joltify-finance/joltify_lending/x/spv/keeper" name="TestInterestTestSuite/TestAPYToSPY/lowest_apy#01" time="0.000000"></testcase>
		<testcase classname="github.com/joltify-finance/joltify_lending/x/spv/keeper" name="TestInterestTestSuite/TestAPYToSPY/lower_apy" time="0.000000"></testcase>
		<testcase classname="github.com/joltify-finance/joltify_lending/x/spv/keeper" name="TestInterestTestSuite/TestAPYToSPY/medium-low_apy" time="0.000000"></testcase>
		<testcase classname="github.com/joltify-finance/joltify_lending/x/spv/keeper" name="TestInterestTestSuite/TestAPYToSPY/medium-high_apy" time="0.000000"></testcase>
		<testcase classname="github.com/joltify-finance/joltify_lending/x/spv/keeper" name="TestInterestTestSuite/TestAPYToSPY/high_apy" time="0.000000"></testcase>
		<testcase classname="github.com/joltify-finance/joltify_lending/x/spv/keeper" name="TestInterestTestSuite/TestAPYToSPY/highest_apy" time="0.000000"></testcase>
		<testcase classname="github.com/joltify-finance/joltify_lending/x/spv/keeper" name="TestInterestTestSuite/TestAPYToSPY/out_of_bounds_error_after_178" time="0.000000"></testcase>
		<testcase classname="github.com/joltify-finance/joltify_lending/x/spv/keeper" name="TestInterestTestSuite/TestAPYToSPY" time="0.000000"></testcase>
		<testcase classname="github.com/joltify-finance/joltify_lending/x/spv/keeper" name="TestInterestTestSuite/TestCalculateInterestAmount" time="0.000000"></testcase>
		<testcase classname="github.com/joltify-finance/joltify_lending/x/spv/keeper" name="TestInterestTestSuite/TestCalculateInterestFactor" time="0.000000"></testcase>
		<testcase classname="github.com/joltify-finance/joltify_lending/x/spv/keeper" name="TestInterestTestSuite" time="0.000000"></testcase>
		<testcase classname="github.com/joltify-finance/joltify_lending/x/spv/keeper" name="TestParamsQuery" time="0.000000"></testcase>
		<testcase classname="github.com/joltify-finance/joltify_lending/x/spv/keeper" name="TestQuerySuitTestSuite/TestAllQuery" time="0.000000"></testcase>
		<testcase classname="github.com/joltify-finance/joltify_lending/x/spv/keeper" name="TestQuerySuitTestSuite" time="0.000000"></testcase>
		<testcase classname="github.com/joltify-finance/joltify_lending/x/spv/keeper" name="TestMockWholeProcess/TestMockSystemOneYearSimple" time="13.110000"></testcase>
		<testcase classname="github.com/joltify-finance/joltify_lending/x/spv/keeper" name="TestMockWholeProcess/TestMockSystemOneYearWithWithdrawal" time="12.220000"></testcase>
		<testcase classname="github.com/joltify-finance/joltify_lending/x/spv/keeper" name="TestMockWholeProcess/TestMockSystemOneYearWithWithdrawalTransferNFTPartially" time="2.450000"></testcase>
		<testcase classname="github.com/joltify-finance/joltify_lending/x/spv/keeper" name="TestMockWholeProcess" time="27.780000"></testcase>
		<testcase classname="github.com/joltify-finance/joltify_lending/x/spv/keeper" name="TestActivatePool" time="0.000000"></testcase>
		<testcase classname="github.com/joltify-finance/joltify_lending/x/spv/keeper" name="TestAddInvestorTestSuite/TestAddDuplicateInvestors" time="0.000000"></testcase>
		<testcase classname="github.com/joltify-finance/joltify_lending/x/spv/keeper" name="TestAddInvestorTestSuite/TestAddInvestor/invalid_address" time="0.000000"></testcase>
		<testcase classname="github.com/joltify-finance/joltify_lending/x/spv/keeper" name="TestAddInvestorTestSuite/TestAddInvestor/pool_cannot_be_found" time="0.000000"></testcase>
		<testcase classname="github.com/joltify-finance/joltify_lending/x/spv/keeper" name="TestAddInvestorTestSuite/TestAddInvestor/not_the_pool_owner" time="0.000000"></testcase>
		<testcase classname="github.com/joltify-finance/joltify_lending/x/spv/keeper" name="TestAddInvestorTestSuite/TestAddInvestor/add_valid_address" time="0.000000"></testcase>
		<testcase classname="github.com/joltify-finance/joltify_lending/x/spv/keeper" name="TestAddInvestorTestSuite/TestAddInvestor" time="0.000000"></testcase>
		<testcase classname="github.com/joltify-finance/joltify_lending/x/spv/keeper" name="TestAddInvestorTestSuite" time="0.000000"></testcase>
		<testcase classname="github.com/joltify-finance/joltify_lending/x/spv/keeper" name="TestBorrowTestSuite/TestAddBorrow/invalid_address" time="0.000000"></testcase>
		<testcase classname="github.com/joltify-finance/joltify_lending/x/spv/keeper" name="TestBorrowTestSuite/TestAddBorrow/pool_cannot_be_found" time="0.000000"></testcase>
		<testcase classname="github.com/joltify-finance/joltify_lending/x/spv/keeper" name="TestBorrowTestSuite/TestAddBorrow/is_not_authorised_to_borrow" time="0.000000"></testcase>
		<testcase classname="github.com/joltify-finance/joltify_lending/x/spv/keeper" name="TestBorrowTestSuite/TestAddBorrow/inconsistency_toekn_denom" time="0.000000"></testcase>
		<testcase classname="github.com/joltify-finance/joltify_lending/x/spv/keeper" name="TestBorrowTestSuite/TestAddBorrow/reach_borrow_limit" time="0.000000"></testcase>
		<testcase classname="github.com/joltify-finance/joltify_lending/x/spv/keeper" name="TestBorrowTestSuite/TestAddBorrow/not_enough_to_borrow" time="0.000000"></testcase>
		<testcase classname="github.com/joltify-finance/joltify_lending/x/spv/keeper" name="TestBorrowTestSuite/TestAddBorrow/not_reach_the_minimum_borrow_amount" time="0.000000"></testcase>
		<testcase classname="github.com/joltify-finance/joltify_lending/x/spv/keeper" name="TestBorrowTestSuite/TestAddBorrow/expire_borrow_time" time="0.000000"></testcase>
		<testcase classname="github.com/joltify-finance/joltify_lending/x/spv/keeper" name="TestBorrowTestSuite/TestAddBorrow/not_enough_to_borrow#01" time="0.000000"></testcase>
		<testcase classname="github.com/joltify-finance/joltify_lending/x/spv/keeper" name="TestBorrowTestSuite/TestAddBorrow" time="0.000000"></testcase>
		<testcase classname="github.com/joltify-finance/joltify_lending/x/spv/keeper" name="TestBorrowTestSuite/TestBorrowValueCheck" time="0.000000"></testcase>
		<testcase classname="github.com/joltify-finance/joltify_lending/x/spv/keeper" name="TestBorrowTestSuite/TestMultipleBorrowWithInterestPaid" time="0.000000"></testcase>
		<testcase classname="github.com/joltify-finance/joltify_lending/x/spv/keeper" name="TestBorrowTestSuite/TestMultipleBorrowWithInterestPaidUpdatePrePaid" time="0.000000"></testcase>
		<testcase classname="github.com/joltify-finance/joltify_lending/x/spv/keeper" name="TestBorrowTestSuite" time="0.000000"></testcase>
		<testcase classname="github.com/joltify-finance/joltify_lending/x/spv/keeper" name="TestClaimInterestTestSuite/TestClaimInterest" time="0.000000"></testcase>
		<testcase classname="github.com/joltify-finance/joltify_lending/x/spv/keeper" name="TestClaimInterestTestSuite/TestClaimInterestMultipleBorrow" time="0.000000"></testcase>
		<testcase classname="github.com/joltify-finance/joltify_lending/x/spv/keeper" name="TestClaimInterestTestSuite/TestClaimInterestMultipleMonth" time="0.000000"></testcase>
		<testcase classname="github.com/joltify-finance/joltify_lending/x/spv/keeper" name="TestClaimInterestTestSuite/TestClaimInterestNoAuthorized" time="0.000000"></testcase>
		<testcase classname="github.com/joltify-finance/joltify_lending/x/spv/keeper" name="TestClaimInterestTestSuite/TestQueryOutStandingInterest" time="0.430000"></testcase>
		<testcase classname="github.com/joltify-finance/joltify_lending/x/spv/keeper" name="TestClaimInterestTestSuite" time="0.440000"></testcase>
		<testcase classname="github.com/joltify-finance/joltify_lending/x/spv/keeper" name="TestMsgSERvCreatePool" time="0.000000"></testcase>
		<testcase classname="github.com/joltify-finance/joltify_lending/x/spv/keeper" name="TestMsgSERvCreatePoolApyCheck" time="0.000000"></testcase>
		<testcase classname="github.com/joltify-finance/joltify_lending/x/spv/keeper" name="TestDepositTestSuite/TestDeposit/invalid_address" time="0.000000"></testcase>
		<testcase classname="github.com/joltify-finance/joltify_lending/x/spv/keeper" name="TestDepositTestSuite/TestDeposit/pool_cannot_be_found" time="0.000000"></testcase>
		<testcase classname="github.com/joltify-finance/joltify_lending/x/spv/keeper" name="TestDepositTestSuite/TestDeposit/not_on_white_list" time="0.000000"></testcase>
		<testcase classname="github.com/joltify-finance/joltify_lending/x/spv/keeper" name="TestDepositTestSuite/TestDeposit/can_deposit_as_expected" time="0.000000"></testcase>
		<testcase classname="github.com/joltify-finance/joltify_lending/x/spv/keeper" name="TestDepositTestSuite/TestDeposit/can_deposit_as_expected_with_the_second_investor" time="0.000000"></testcase>
		<testcase classname="github.com/joltify-finance/joltify_lending/x/spv/keeper" name="TestDepositTestSuite/TestDeposit/incorrect_denom" time="0.000000"></testcase>
		<testcase classname="github.com/joltify-finance/joltify_lending/x/spv/keeper" name="TestDepositTestSuite/TestDeposit/can_deposit_the_second_time" time="0.000000"></testcase>
		<testcase classname="github.com/joltify-finance/joltify_lending/x/spv/keeper" name="TestDepositTestSuite/TestDeposit/can_deposit_in_both_pools" time="0.000000"></testcase>
		<testcase classname="github.com/joltify-finance/joltify_lending/x/spv/keeper" name="TestDepositTestSuite/TestDeposit" time="0.000000"></testcase>
		<testcase classname="github.com/joltify-finance/joltify_lending/x/spv/keeper" name="TestDepositTestSuite/TestDepositWithAmountCorrect" time="0.000000"></testcase>
		<testcase classname="github.com/joltify-finance/joltify_lending/x/spv/keeper" name="TestDepositTestSuite" time="0.000000"></testcase>
		<testcase classname="github.com/joltify-finance/joltify_lending/x/spv/keeper" name="TestLiquidateSuite/TestLiquidate/invalid_address" time="0.000000"></testcase>
		<testcase classname="github.com/joltify-finance/joltify_lending/x/spv/keeper" name="TestLiquidateSuite/TestLiquidate/amount_cannot_be_zero" time="0.000000"></testcase>
		<testcase classname="github.com/joltify-finance/joltify_lending/x/spv/keeper" name="TestLiquidateSuite/TestLiquidate/pool_cannot_be_found" time="0.000000"></testcase>
		<testcase classname="github.com/joltify-finance/joltify_lending/x/spv/keeper" name="TestLiquidateSuite/TestLiquidate/inconsistent_demon" time="0.000000"></testcase>
		<testcase classname="github.com/joltify-finance/joltify_lending/x/spv/keeper" name="TestLiquidateSuite/TestLiquidate/success" time="0.000000"></testcase>
		<testcase classname="github.com/joltify-finance/joltify_lending/x/spv/keeper" name="TestLiquidateSuite/TestLiquidate/pool_is_not_in_liquidation" time="0.000000"></testcase>
		<testcase classname="github.com/joltify-finance/joltify_lending/x/spv/keeper" name="TestLiquidateSuite/TestLiquidate" time="0.000000"></testcase>
		<testcase classname="github.com/joltify-finance/joltify_lending/x/spv/keeper" name="TestLiquidateSuite/TestLiquidateWithPaymentCheckSignleBorrow" time="0.000000"></testcase>
		<testcase classname="github.com/joltify-finance/joltify_lending/x/spv/keeper" name="TestLiquidateSuite/TestLiquidateWithPaymentCheckTwoBorrow" time="0.000000"></testcase>
		<testcase classname="github.com/joltify-finance/joltify_lending/x/spv/keeper" name="TestLiquidateSuite" time="0.000000"></testcase>
		<testcase classname="github.com/joltify-finance/joltify_lending/x/spv/keeper" name="TestPayPrincipalInterest/TestWithExpectedErrors" time="0.000000"></testcase>
		<testcase classname="github.com/joltify-finance/joltify_lending/x/spv/keeper" name="TestPayPrincipalInterest" time="0.000000"></testcase>
		<testcase classname="github.com/joltify-finance/joltify_lending/x/spv/keeper" name="TestMsgRepayInterest" time="0.000000"></testcase>
		<testcase classname="github.com/joltify-finance/joltify_lending/x/spv/keeper" name="TestGetAllInterestWithInterestPaid" time="0.000000"></testcase>
		<testcase classname="github.com/joltify-finance/joltify_lending/x/spv/keeper" name="TestWithdrawProposalSuite/TestWithdrawProposal/invalid_address" time="0.000000"></testcase>
		<testcase classname="github.com/joltify-finance/joltify_lending/x/spv/keeper" name="TestWithdrawProposalSuite/TestWithdrawProposal/pool_cannot_be_found" time="0.000000"></testcase>
		<testcase classname="github.com/joltify-finance/joltify_lending/x/spv/keeper" name="TestWithdrawProposalSuite/TestWithdrawProposal/pool_cannot_be_found#01" time="0.000000"></testcase>
		<testcase classname="github.com/joltify-finance/joltify_lending/x/spv/keeper" name="TestWithdrawProposalSuite/TestWithdrawProposal" time="0.000000"></testcase>
		<testcase classname="github.com/joltify-finance/joltify_lending/x/spv/keeper" name="TestWithdrawProposalSuite/TestWithdrawProposalTooEarlyOrLate" time="0.000000"></testcase>
		<testcase classname="github.com/joltify-finance/joltify_lending/x/spv/keeper" name="TestWithdrawProposalSuite" time="0.000000"></testcase>
		<testcase classname="github.com/joltify-finance/joltify_lending/x/spv/keeper" name="TestMsgSERvUpdatePool" time="0.000000"></testcase>
		<testcase classname="github.com/joltify-finance/joltify_lending/x/spv/keeper" name="TestMsgSERvUpdatePoolWithError" time="0.000000"></testcase>
		<testcase classname="github.com/joltify-finance/joltify_lending/x/spv/keeper" name="TestWithdrawPrincipalInterest/TestMsgWithdrawPrincipalTest" time="0.000000"></testcase>
		<testcase classname="github.com/joltify-finance/joltify_lending/x/spv/keeper" name="TestWithdrawPrincipalInterest/TestTransferOwnershipOneInvestor" time="0.000000"></testcase>
		<testcase classname="github.com/joltify-finance/joltify_lending/x/spv/keeper" name="TestWithdrawPrincipalInterest/TestTransferOwnershipSharedByMultipleEnoughMoney" time="0.000000"></testcase>
		<testcase classname="github.com/joltify-finance/joltify_lending/x/spv/keeper" name="TestWithdrawPrincipalInterest/TestTransferOwnershipSharedByMultipleNotEnoughMoneyAllHaveNFT" time="0.000000"></testcase>
		<testcase classname="github.com/joltify-finance/joltify_lending/x/spv/keeper" name="TestWithdrawPrincipalInterest/TestTransferOwnershipSharedByTwoInvestors" time="0.000000"></testcase>
		<testcase classname="github.com/joltify-finance/joltify_lending/x/spv/keeper" name="TestWithdrawPrincipalInterest/TestTransferOwnershipSharedMultipleBorrowByMultipleEnoughMoneyAllHaveNFT" time="0.000000"></testcase>
		<testcase classname="github.com/joltify-finance/joltify_lending/x/spv/keeper" name="TestWithdrawPrincipalInterest/TestTransferOwnershipSharedMultipleBorrowByMultipleNotEnoughMoneyAllHaveNFT" time="0.000000"></testcase>
		<testcase classname="github.com/joltify-finance/joltify_lending/x/spv/keeper" name="TestWithdrawPrincipalInterest/TestTransferOwnershipTwoInvestor" time="0.000000"></testcase>
		<testcase classname="github.com/joltify-finance/joltify_lending/x/spv/keeper" name="TestWithdrawPrincipalInterest/TestTransferOwnershipTwoInvestorBoth" time="0.000000"></testcase>
		<testcase classname="github.com/joltify-finance/joltify_lending/x/spv/keeper" name="TestWithdrawPrincipalInterest/TestWithdrawPrincipalWithClosePool" time="0.000000"></testcase>
		<testcase classname="github.com/joltify-finance/joltify_lending/x/spv/keeper" name="TestWithdrawPrincipalInterest/TestWithdrawPrincipalWithLiquidation" time="0.000000"></testcase>
		<testcase classname="github.com/joltify-finance/joltify_lending/x/spv/keeper" name="TestWithdrawPrincipalInterest/TestWithdrawPrincipalWithLiquidationMultipleBorrow" time="0.000000"></testcase>
		<testcase classname="github.com/joltify-finance/joltify_lending/x/spv/keeper" name="TestWithdrawPrincipalInterest/TestWithdrawWithSPVBorrowAndRepay" time="0.000000"></testcase>
		<testcase classname="github.com/joltify-finance/joltify_lending/x/spv/keeper" name="TestWithdrawPrincipalInterest" time="0.020000"></testcase>
		<testcase classname="github.com/joltify-finance/joltify_lending/x/spv/keeper" name="TestGetParams" time="0.000000"></testcase>
		<testcase classname="github.com/joltify-finance/joltify_lending/x/spv/keeper" name="TestMockBurn/TestBurn" time="10.330000"></testcase>
		<testcase classname="github.com/joltify-finance/joltify_lending/x/spv/keeper" name="TestMockBurn" time="10.330000"></testcase>
	</testsuite>
	<testsuite tests="0" failures="0" time="0.000000" name="github.com/joltify-finance/joltify_lending/x/spv/simulation" timestamp="2024-01-30T16:29:34+11:00">
		<properties>
			<property name="go.version" value="go1.21.4 linux/amd64"></property>
		</properties>
	</testsuite>
	<testsuite tests="42" failures="0" time="0.172000" name="github.com/joltify-finance/joltify_lending/x/spv/types" timestamp="2024-01-30T16:29:34+11:00">
		<properties>
			<property name="go.version" value="go1.21.4 linux/amd64"></property>
		</properties>
		<testcase classname="github.com/joltify-finance/joltify_lending/x/spv/types" name="TestMsgActivePool_ValidateBasic/invalid_address" time="0.000000"></testcase>
		<testcase classname="github.com/joltify-finance/joltify_lending/x/spv/types" name="TestMsgActivePool_ValidateBasic/valid_address" time="0.000000"></testcase>
		<testcase classname="github.com/joltify-finance/joltify_lending/x/spv/types" name="TestMsgActivePool_ValidateBasic" time="0.000000"></testcase>
		<testcase classname="github.com/joltify-finance/joltify_lending/x/spv/types" name="TestMsgAddInvestors_ValidateBasic/invalid_address" time="0.000000"></testcase>
		<testcase classname="github.com/joltify-finance/joltify_lending/x/spv/types" name="TestMsgAddInvestors_ValidateBasic/valid_address" time="0.000000"></testcase>
		<testcase classname="github.com/joltify-finance/joltify_lending/x/spv/types" name="TestMsgAddInvestors_ValidateBasic" time="0.000000"></testcase>
		<testcase classname="github.com/joltify-finance/joltify_lending/x/spv/types" name="TestMsgBorrow_ValidateBasic/invalid_address" time="0.000000"></testcase>
		<testcase classname="github.com/joltify-finance/joltify_lending/x/spv/types" name="TestMsgBorrow_ValidateBasic/valid_address" time="0.000000"></testcase>
		<testcase classname="github.com/joltify-finance/joltify_lending/x/spv/types" name="TestMsgBorrow_ValidateBasic" time="0.000000"></testcase>
		<testcase classname="github.com/joltify-finance/joltify_lending/x/spv/types" name="TestMsgClaimInterest_ValidateBasic/invalid_address" time="0.000000"></testcase>
		<testcase classname="github.com/joltify-finance/joltify_lending/x/spv/types" name="TestMsgClaimInterest_ValidateBasic/valid_address" time="0.000000"></testcase>
		<testcase classname="github.com/joltify-finance/joltify_lending/x/spv/types" name="TestMsgClaimInterest_ValidateBasic" time="0.000000"></testcase>
		<testcase classname="github.com/joltify-finance/joltify_lending/x/spv/types" name="TestMsgCreatePool_ValidateBasic/invalid_address" time="0.000000"></testcase>
		<testcase classname="github.com/joltify-finance/joltify_lending/x/spv/types" name="TestMsgCreatePool_ValidateBasic/valid_address" time="0.000000"></testcase>
		<testcase classname="github.com/joltify-finance/joltify_lending/x/spv/types" name="TestMsgCreatePool_ValidateBasic" time="0.000000"></testcase>
		<testcase classname="github.com/joltify-finance/joltify_lending/x/spv/types" name="TestMsgDeposit_ValidateBasic/invalid_address" time="0.000000"></testcase>
		<testcase classname="github.com/joltify-finance/joltify_lending/x/spv/types" name="TestMsgDeposit_ValidateBasic/valid_address" time="0.000000"></testcase>
		<testcase classname="github.com/joltify-finance/joltify_lending/x/spv/types" name="TestMsgDeposit_ValidateBasic" time="0.000000"></testcase>
		<testcase classname="github.com/joltify-finance/joltify_lending/x/spv/types" name="TestMsgLiquidate_ValidateBasic/invalid_address" time="0.000000"></testcase>
		<testcase classname="github.com/joltify-finance/joltify_lending/x/spv/types" name="TestMsgLiquidate_ValidateBasic/valid_address" time="0.000000"></testcase>
		<testcase classname="github.com/joltify-finance/joltify_lending/x/spv/types" name="TestMsgLiquidate_ValidateBasic" time="0.000000"></testcase>
		<testcase classname="github.com/joltify-finance/joltify_lending/x/spv/types" name="TestMsgPayPrincipal_ValidateBasic/invalid_address" time="0.000000"></testcase>
		<testcase classname="github.com/joltify-finance/joltify_lending/x/spv/types" name="TestMsgPayPrincipal_ValidateBasic/valid_address" time="0.000000"></testcase>
		<testcase classname="github.com/joltify-finance/joltify_lending/x/spv/types" name="TestMsgPayPrincipal_ValidateBasic" time="0.000000"></testcase>
		<testcase classname="github.com/joltify-finance/joltify_lending/x/spv/types" name="TestMsgRepayInterest_ValidateBasic/invalid_address" time="0.000000"></testcase>
		<testcase classname="github.com/joltify-finance/joltify_lending/x/spv/types" name="TestMsgRepayInterest_ValidateBasic/valid_address" time="0.000000"></testcase>
		<testcase classname="github.com/joltify-finance/joltify_lending/x/spv/types" name="TestMsgRepayInterest_ValidateBasic" time="0.000000"></testcase>
		<testcase classname="github.com/joltify-finance/joltify_lending/x/spv/types" name="TestMsgSubmitWitdrawProposal_ValidateBasic/invalid_address" time="0.000000"></testcase>
		<testcase classname="github.com/joltify-finance/joltify_lending/x/spv/types" name="TestMsgSubmitWitdrawProposal_ValidateBasic/valid_address" time="0.000000"></testcase>
		<testcase classname="github.com/joltify-finance/joltify_lending/x/spv/types" name="TestMsgSubmitWitdrawProposal_ValidateBasic" time="0.000000"></testcase>
		<testcase classname="github.com/joltify-finance/joltify_lending/x/spv/types" name="TestMsgTransferOwnership_ValidateBasic/invalid_address" time="0.000000"></testcase>
		<testcase classname="github.com/joltify-finance/joltify_lending/x/spv/types" name="TestMsgTransferOwnership_ValidateBasic/valid_address" time="0.000000"></testcase>
		<testcase classname="github.com/joltify-finance/joltify_lending/x/spv/types" name="TestMsgTransferOwnership_ValidateBasic" time="0.000000"></testcase>
		<testcase classname="github.com/joltify-finance/joltify_lending/x/spv/types" name="TestMsgUpdatePool_ValidateBasic/invalid_address" time="0.000000"></testcase>
		<testcase classname="github.com/joltify-finance/joltify_lending/x/spv/types" name="TestMsgUpdatePool_ValidateBasic/valid_address" time="0.000000"></testcase>
		<testcase classname="github.com/joltify-finance/joltify_lending/x/spv/types" name="TestMsgUpdatePool_ValidateBasic" time="0.000000"></testcase>
		<testcase classname="github.com/joltify-finance/joltify_lending/x/spv/types" name="TestMsgWithdrawPrincipal_ValidateBasic/invalid_address" time="0.000000"></testcase>
		<testcase classname="github.com/joltify-finance/joltify_lending/x/spv/types" name="TestMsgWithdrawPrincipal_ValidateBasic/valid_address" time="0.000000"></testcase>
		<testcase classname="github.com/joltify-finance/joltify_lending/x/spv/types" name="TestMsgWithdrawPrincipal_ValidateBasic" time="0.000000"></testcase>
		<testcase classname="github.com/joltify-finance/joltify_lending/x/spv/types" name="TestGenesisState_Validate/default_is_valid" time="0.000000"></testcase>
		<testcase classname="github.com/joltify-finance/joltify_lending/x/spv/types" name="TestGenesisState_Validate/valid_genesis_state" time="0.000000"></testcase>
		<testcase classname="github.com/joltify-finance/joltify_lending/x/spv/types" name="TestGenesisState_Validate" time="0.000000"></testcase>
	</testsuite>
	<testsuite tests="9" failures="0" time="0.497000" name="github.com/joltify-finance/joltify_lending/x/third_party/auction" timestamp="2024-01-30T16:29:34+11:00">
		<properties>
			<property name="go.version" value="go1.21.4 linux/amd64"></property>
		</properties>
		<testcase classname="github.com/joltify-finance/joltify_lending/x/third_party/auction" name="TestABCITestSuite/TestKeeper_BeginBlocker" time="0.090000"></testcase>
		<testcase classname="github.com/joltify-finance/joltify_lending/x/third_party/auction" name="TestABCITestSuite" time="0.090000"></testcase>
		<testcase classname="github.com/joltify-finance/joltify_lending/x/third_party/auction" name="TestInitGenesis/valid" time="0.040000"></testcase>
		<testcase classname="github.com/joltify-finance/joltify_lending/x/third_party/auction" name="TestInitGenesis/invalid_(invalid_nextAuctionID)" time="0.050000"></testcase>
		<testcase classname="github.com/joltify-finance/joltify_lending/x/third_party/auction" name="TestInitGenesis/invalid_(missing_mod_account_coins)" time="0.050000"></testcase>
		<testcase classname="github.com/joltify-finance/joltify_lending/x/third_party/auction" name="TestInitGenesis" time="0.140000"></testcase>
		<testcase classname="github.com/joltify-finance/joltify_lending/x/third_party/auction" name="TestExportGenesis/default" time="0.070000"></testcase>
		<testcase classname="github.com/joltify-finance/joltify_lending/x/third_party/auction" name="TestExportGenesis/one_auction" time="0.060000"></testcase>
		<testcase classname="github.com/joltify-finance/joltify_lending/x/third_party/auction" name="TestExportGenesis" time="0.130000"></testcase>
	</testsuite>
	<testsuite tests="0" failures="0" time="0.000000" name="github.com/joltify-finance/joltify_lending/x/third_party/auction/client/cli" timestamp="2024-01-30T16:29:34+11:00">
		<properties>
			<property name="go.version" value="go1.21.4 linux/amd64"></property>
		</properties>
	</testsuite>
	<testsuite tests="68" failures="0" time="3.633000" name="github.com/joltify-finance/joltify_lending/x/third_party/auction/keeper" timestamp="2024-01-30T16:29:34+11:00">
		<properties>
			<property name="go.version" value="go1.21.4 linux/amd64"></property>
		</properties>
		<testcase classname="github.com/joltify-finance/joltify_lending/x/third_party/auction/keeper" name="TestSplitIntIntoWeightedBuckets/0split0" time="0.000000"></testcase>
		<testcase classname="github.com/joltify-finance/joltify_lending/x/third_party/auction/keeper" name="TestSplitIntIntoWeightedBuckets/5splitnil" time="0.000000"></testcase>
		<testcase classname="github.com/joltify-finance/joltify_lending/x/third_party/auction/keeper" name="TestSplitIntIntoWeightedBuckets/-2split1,1" time="0.000000"></testcase>
		<testcase classname="github.com/joltify-finance/joltify_lending/x/third_party/auction/keeper" name="TestSplitIntIntoWeightedBuckets/2split1,-1" time="0.000000"></testcase>
		<testcase classname="github.com/joltify-finance/joltify_lending/x/third_party/auction/keeper" name="TestSplitIntIntoWeightedBuckets/0split0,0,0,1" time="0.000000"></testcase>
		<testcase classname="github.com/joltify-finance/joltify_lending/x/third_party/auction/keeper" name="TestSplitIntIntoWeightedBuckets/2split1,1" time="0.000000"></testcase>
		<testcase classname="github.com/joltify-finance/joltify_lending/x/third_party/auction/keeper" name="TestSplitIntIntoWeightedBuckets/100split1,9" time="0.000000"></testcase>
		<testcase classname="github.com/joltify-finance/joltify_lending/x/third_party/auction/keeper" name="TestSplitIntIntoWeightedBuckets/100split9,1" time="0.000000"></testcase>
		<testcase classname="github.com/joltify-finance/joltify_lending/x/third_party/auction/keeper" name="TestSplitIntIntoWeightedBuckets/7split1,2" time="0.000000"></testcase>
		<testcase classname="github.com/joltify-finance/joltify_lending/x/third_party/auction/keeper" name="TestSplitIntIntoWeightedBuckets/17split1,1,1" time="0.000000"></testcase>
		<testcase classname="github.com/joltify-finance/joltify_lending/x/third_party/auction/keeper" name="TestSplitIntIntoWeightedBuckets/10split1000000,1" time="0.000000"></testcase>
		<testcase classname="github.com/joltify-finance/joltify_lending/x/third_party/auction/keeper" name="TestSplitIntIntoWeightedBuckets/334733353split730777,31547" time="0.000000"></testcase>
		<testcase classname="github.com/joltify-finance/joltify_lending/x/third_party/auction/keeper" name="TestSplitIntIntoWeightedBuckets" time="0.000000"></testcase>
		<testcase classname="github.com/joltify-finance/joltify_lending/x/third_party/auction/keeper" name="TestAuctionTestSuite/TestCloseAuction" time="0.100000"></testcase>
		<testcase classname="github.com/joltify-finance/joltify_lending/x/third_party/auction/keeper" name="TestAuctionTestSuite/TestCloseExpiredAuctions" time="0.070000"></testcase>
		<testcase classname="github.com/joltify-finance/joltify_lending/x/third_party/auction/keeper" name="TestAuctionTestSuite/TestCollateralAuctionBasic" time="0.080000"></testcase>
		<testcase classname="github.com/joltify-finance/joltify_lending/x/third_party/auction/keeper" name="TestAuctionTestSuite/TestCollateralAuctionDebtRemaining" time="0.080000"></testcase>
		<testcase classname="github.com/joltify-finance/joltify_lending/x/third_party/auction/keeper" name="TestAuctionTestSuite/TestDebtAuctionBasic" time="0.060000"></testcase>
		<testcase classname="github.com/joltify-finance/joltify_lending/x/third_party/auction/keeper" name="TestAuctionTestSuite/TestDebtAuctionDebtRemaining" time="0.060000"></testcase>
		<testcase classname="github.com/joltify-finance/joltify_lending/x/third_party/auction/keeper" name="TestAuctionTestSuite/TestStartSurplusAuction/normal" time="0.060000"></testcase>
		<testcase classname="github.com/joltify-finance/joltify_lending/x/third_party/auction/keeper" name="TestAuctionTestSuite/TestStartSurplusAuction/no_module_account" time="0.060000"></testcase>
		<testcase classname="github.com/joltify-finance/joltify_lending/x/third_party/auction/keeper" name="TestAuctionTestSuite/TestStartSurplusAuction/not_enough_coins" time="0.070000"></testcase>
		<testcase classname="github.com/joltify-finance/joltify_lending/x/third_party/auction/keeper" name="TestAuctionTestSuite/TestStartSurplusAuction/incorrect_denom" time="0.070000"></testcase>
		<testcase classname="github.com/joltify-finance/joltify_lending/x/third_party/auction/keeper" name="TestAuctionTestSuite/TestStartSurplusAuction" time="0.310000"></testcase>
		<testcase classname="github.com/joltify-finance/joltify_lending/x/third_party/auction/keeper" name="TestAuctionTestSuite/TestSurplusAuctionBasic" time="0.080000"></testcase>
		<testcase classname="github.com/joltify-finance/joltify_lending/x/third_party/auction/keeper" name="TestAuctionTestSuite" time="0.840000"></testcase>
		<testcase classname="github.com/joltify-finance/joltify_lending/x/third_party/auction/keeper" name="TestAuctionBidding/basic:_auction_doesn&#39;t_exist" time="0.070000"></testcase>
		<testcase classname="github.com/joltify-finance/joltify_lending/x/third_party/auction/keeper" name="TestAuctionBidding/basic:_closed_auction" time="0.060000"></testcase>
		<testcase classname="github.com/joltify-finance/joltify_lending/x/third_party/auction/keeper" name="TestAuctionBidding/surplus:_normal" time="0.060000"></testcase>
		<testcase classname="github.com/joltify-finance/joltify_lending/x/third_party/auction/keeper" name="TestAuctionBidding/surplus:_second_bidder" time="0.080000"></testcase>
		<testcase classname="github.com/joltify-finance/joltify_lending/x/third_party/auction/keeper" name="TestAuctionBidding/surplus:_invalid_bid_denom" time="0.060000"></testcase>
		<testcase classname="github.com/joltify-finance/joltify_lending/x/third_party/auction/keeper" name="TestAuctionBidding/surplus:_invalid_bid_(less_than)" time="0.070000"></testcase>
		<testcase classname="github.com/joltify-finance/joltify_lending/x/third_party/auction/keeper" name="TestAuctionBidding/surplus:_invalid_bid_(equal)" time="0.110000"></testcase>
		<testcase classname="github.com/joltify-finance/joltify_lending/x/third_party/auction/keeper" name="TestAuctionBidding/surplus:_invalid_bid_(less_than_min_increment)" time="0.080000"></testcase>
		<testcase classname="github.com/joltify-finance/joltify_lending/x/third_party/auction/keeper" name="TestAuctionBidding/debt:_normal" time="0.070000"></testcase>
		<testcase classname="github.com/joltify-finance/joltify_lending/x/third_party/auction/keeper" name="TestAuctionBidding/debt:_second_bidder" time="0.070000"></testcase>
		<testcase classname="github.com/joltify-finance/joltify_lending/x/third_party/auction/keeper" name="TestAuctionBidding/debt:_invalid_lot_denom" time="0.090000"></testcase>
		<testcase classname="github.com/joltify-finance/joltify_lending/x/third_party/auction/keeper" name="TestAuctionBidding/debt:_invalid_lot_size_(larger)" time="0.080000"></testcase>
		<testcase classname="github.com/joltify-finance/joltify_lending/x/third_party/auction/keeper" name="TestAuctionBidding/debt:_invalid_lot_size_(equal)" time="0.080000"></testcase>
		<testcase classname="github.com/joltify-finance/joltify_lending/x/third_party/auction/keeper" name="TestAuctionBidding/debt:_invalid_lot_size_(larger_than_min_increment)" time="0.090000"></testcase>
		<testcase classname="github.com/joltify-finance/joltify_lending/x/third_party/auction/keeper" name="TestAuctionBidding/collateral_[forward]:_normal" time="0.080000"></testcase>
		<testcase classname="github.com/joltify-finance/joltify_lending/x/third_party/auction/keeper" name="TestAuctionBidding/collateral_[forward]:_second_bidder" time="0.070000"></testcase>
		<testcase classname="github.com/joltify-finance/joltify_lending/x/third_party/auction/keeper" name="TestAuctionBidding/collateral_[forward]:_convert_to_reverse_(reach_maxBid)" time="0.070000"></testcase>
		<testcase classname="github.com/joltify-finance/joltify_lending/x/third_party/auction/keeper" name="TestAuctionBidding/collateral_[forward]:_invalid_bid_denom" time="0.070000"></testcase>
		<testcase classname="github.com/joltify-finance/joltify_lending/x/third_party/auction/keeper" name="TestAuctionBidding/collateral_[forward]:_invalid_bid_size_(smaller)" time="0.080000"></testcase>
		<testcase classname="github.com/joltify-finance/joltify_lending/x/third_party/auction/keeper" name="TestAuctionBidding/collateral_[forward]:_invalid_bid_size_(equal)" time="0.070000"></testcase>
		<testcase classname="github.com/joltify-finance/joltify_lending/x/third_party/auction/keeper" name="TestAuctionBidding/collateral_[forward]:_invalid_bid_size_(less_than_min_increment)" time="0.070000"></testcase>
		<testcase classname="github.com/joltify-finance/joltify_lending/x/third_party/auction/keeper" name="TestAuctionBidding/collateral_[forward]:_less_than_min_increment_but_equal_to_maxBid" time="0.080000"></testcase>
		<testcase classname="github.com/joltify-finance/joltify_lending/x/third_party/auction/keeper" name="TestAuctionBidding/collateral_[forward]:_invalid_bid_size_(greater_than_max)" time="0.070000"></testcase>
		<testcase classname="github.com/joltify-finance/joltify_lending/x/third_party/auction/keeper" name="TestAuctionBidding/collateral_[forward]:_bidder_replaces_previous_bid_with_only_funds_for_difference" time="0.050000"></testcase>
		<testcase classname="github.com/joltify-finance/joltify_lending/x/third_party/auction/keeper" name="TestAuctionBidding/collateral_[reverse]:_normal" time="0.070000"></testcase>
		<testcase classname="github.com/joltify-finance/joltify_lending/x/third_party/auction/keeper" name="TestAuctionBidding/collateral_[reverse]:_second_bidder" time="0.070000"></testcase>
		<testcase classname="github.com/joltify-finance/joltify_lending/x/third_party/auction/keeper" name="TestAuctionBidding/collateral_[reverse]:_invalid_lot_denom" time="0.110000"></testcase>
		<testcase classname="github.com/joltify-finance/joltify_lending/x/third_party/auction/keeper" name="TestAuctionBidding/collateral_[reverse]:_invalid_lot_size_(greater)" time="0.060000"></testcase>
		<testcase classname="github.com/joltify-finance/joltify_lending/x/third_party/auction/keeper" name="TestAuctionBidding/collateral_[reverse]:_invalid_lot_size_(equal)" time="0.090000"></testcase>
		<testcase classname="github.com/joltify-finance/joltify_lending/x/third_party/auction/keeper" name="TestAuctionBidding/collateral_[reverse]:_invalid_lot_size_(larger_than_min_increment)" time="0.080000"></testcase>
		<testcase classname="github.com/joltify-finance/joltify_lending/x/third_party/auction/keeper" name="TestAuctionBidding/collateral_[reverse]:_bidder_replaces_previous_bid_without_funds" time="0.080000"></testcase>
		<testcase classname="github.com/joltify-finance/joltify_lending/x/third_party/auction/keeper" name="TestAuctionBidding" time="2.340000"></testcase>
		<testcase classname="github.com/joltify-finance/joltify_lending/x/third_party/auction/keeper" name="TestGrpcAuctionsFilter/empty_request" time="0.000000"></testcase>
		<testcase classname="github.com/joltify-finance/joltify_lending/x/third_party/auction/keeper" name="TestGrpcAuctionsFilter/denom_query_swp" time="0.000000"></testcase>
		<testcase classname="github.com/joltify-finance/joltify_lending/x/third_party/auction/keeper" name="TestGrpcAuctionsFilter/denom_query_usdx_all" time="0.000000"></testcase>
		<testcase classname="github.com/joltify-finance/joltify_lending/x/third_party/auction/keeper" name="TestGrpcAuctionsFilter/owner" time="0.000000"></testcase>
		<testcase classname="github.com/joltify-finance/joltify_lending/x/third_party/auction/keeper" name="TestGrpcAuctionsFilter/owner_and_denom" time="0.000000"></testcase>
		<testcase classname="github.com/joltify-finance/joltify_lending/x/third_party/auction/keeper" name="TestGrpcAuctionsFilter/owner,_denom,_type,_phase" time="0.000000"></testcase>
		<testcase classname="github.com/joltify-finance/joltify_lending/x/third_party/auction/keeper" name="TestGrpcAuctionsFilter" time="0.110000"></testcase>
		<testcase classname="github.com/joltify-finance/joltify_lending/x/third_party/auction/keeper" name="TestIncrementNextAuctionID" time="0.060000"></testcase>
		<testcase classname="github.com/joltify-finance/joltify_lending/x/third_party/auction/keeper" name="TestIterateAuctions" time="0.080000"></testcase>
		<testcase classname="github.com/joltify-finance/joltify_lending/x/third_party/auction/keeper" name="TestIterateAuctionsByTime" time="0.070000"></testcase>
	</testsuite>
	<testsuite tests="0" failures="0" time="0.000000" name="github.com/joltify-finance/joltify_lending/x/third_party/auction/testutil" timestamp="2024-01-30T16:29:34+11:00">
		<properties>
			<property name="go.version" value="go1.21.4 linux/amd64"></property>
		</properties>
	</testsuite>
	<testsuite tests="24" failures="0" time="0.051000" name="github.com/joltify-finance/joltify_lending/x/third_party/auction/types" timestamp="2024-01-30T16:29:34+11:00">
		<properties>
			<property name="go.version" value="go1.21.4 linux/amd64"></property>
		</properties>
		<testcase classname="github.com/joltify-finance/joltify_lending/x/third_party/auction/types" name="TestNewWeightedAddresses" time="0.000000"></testcase>
		<testcase classname="github.com/joltify-finance/joltify_lending/x/third_party/auction/types" name="TestDebtAuctionValidate" time="0.000000"></testcase>
		<testcase classname="github.com/joltify-finance/joltify_lending/x/third_party/auction/types" name="TestCollateralAuctionValidate" time="0.000000"></testcase>
		<testcase classname="github.com/joltify-finance/joltify_lending/x/third_party/auction/types" name="TestBaseAuctionGetters" time="0.000000"></testcase>
		<testcase classname="github.com/joltify-finance/joltify_lending/x/third_party/auction/types" name="TestNewSurplusAuction" time="0.000000"></testcase>
		<testcase classname="github.com/joltify-finance/joltify_lending/x/third_party/auction/types" name="TestNewDebtAuction" time="0.000000"></testcase>
		<testcase classname="github.com/joltify-finance/joltify_lending/x/third_party/auction/types" name="TestNewCollateralAuction" time="0.000000"></testcase>
		<testcase classname="github.com/joltify-finance/joltify_lending/x/third_party/auction/types" name="TestGenesisState_Validate/valid_default_genesis" time="0.000000"></testcase>
		<testcase classname="github.com/joltify-finance/joltify_lending/x/third_party/auction/types" name="TestGenesisState_Validate/invalid_next_ID" time="0.000000"></testcase>
		<testcase classname="github.com/joltify-finance/joltify_lending/x/third_party/auction/types" name="TestGenesisState_Validate/invalid_auctions_with_repeated_ID" time="0.000000"></testcase>
		<testcase classname="github.com/joltify-finance/joltify_lending/x/third_party/auction/types" name="TestGenesisState_Validate" time="0.000000"></testcase>
		<testcase classname="github.com/joltify-finance/joltify_lending/x/third_party/auction/types" name="TestGenesisState_UnmarshalAnys" time="0.000000"></testcase>
		<testcase classname="github.com/joltify-finance/joltify_lending/x/third_party/auction/types" name="TestMsgPlaceBid_ValidateBasic" time="0.000000"></testcase>
		<testcase classname="github.com/joltify-finance/joltify_lending/x/third_party/auction/types" name="TestParams_Validate/normal" time="0.000000"></testcase>
		<testcase classname="github.com/joltify-finance/joltify_lending/x/third_party/auction/types" name="TestParams_Validate/negativeForwardBidDuration" time="0.000000"></testcase>
		<testcase classname="github.com/joltify-finance/joltify_lending/x/third_party/auction/types" name="TestParams_Validate/negativeReverseBidDuration" time="0.000000"></testcase>
		<testcase classname="github.com/joltify-finance/joltify_lending/x/third_party/auction/types" name="TestParams_Validate/negativeBidDuration" time="0.000000"></testcase>
		<testcase classname="github.com/joltify-finance/joltify_lending/x/third_party/auction/types" name="TestParams_Validate/negativeAuction" time="0.000000"></testcase>
		<testcase classname="github.com/joltify-finance/joltify_lending/x/third_party/auction/types" name="TestParams_Validate/bid&gt;auction" time="0.000000"></testcase>
		<testcase classname="github.com/joltify-finance/joltify_lending/x/third_party/auction/types" name="TestParams_Validate/negative_increment_surplus" time="0.000000"></testcase>
		<testcase classname="github.com/joltify-finance/joltify_lending/x/third_party/auction/types" name="TestParams_Validate/negative_increment_debt" time="0.000000"></testcase>
		<testcase classname="github.com/joltify-finance/joltify_lending/x/third_party/auction/types" name="TestParams_Validate/negative_increment_collateral" time="0.000000"></testcase>
		<testcase classname="github.com/joltify-finance/joltify_lending/x/third_party/auction/types" name="TestParams_Validate/zero_value" time="0.000000"></testcase>
		<testcase classname="github.com/joltify-finance/joltify_lending/x/third_party/auction/types" name="TestParams_Validate" time="0.000000"></testcase>
	</testsuite>
	<testsuite tests="6" failures="0" time="0.551000" name="github.com/joltify-finance/joltify_lending/x/third_party/evmutil" timestamp="2024-01-30T16:29:34+11:00">
		<properties>
			<property name="go.version" value="go1.21.4 linux/amd64"></property>
		</properties>
		<testcase classname="github.com/joltify-finance/joltify_lending/x/third_party/evmutil" name="TestGenesisTestSuite/TestExportGenesis" time="0.100000"></testcase>
		<testcase classname="github.com/joltify-finance/joltify_lending/x/third_party/evmutil" name="TestGenesisTestSuite/TestInitGenesis_ModuleAccount" time="0.080000"></testcase>
		<testcase classname="github.com/joltify-finance/joltify_lending/x/third_party/evmutil" name="TestGenesisTestSuite/TestInitGenesis_SetAccounts" time="0.070000"></testcase>
		<testcase classname="github.com/joltify-finance/joltify_lending/x/third_party/evmutil" name="TestGenesisTestSuite/TestInitGenesis_SetParams" time="0.080000"></testcase>
		<testcase classname="github.com/joltify-finance/joltify_lending/x/third_party/evmutil" name="TestGenesisTestSuite/TestInitGenesis_ValidateFail" time="0.080000"></testcase>
		<testcase classname="github.com/joltify-finance/joltify_lending/x/third_party/evmutil" name="TestGenesisTestSuite" time="0.400000"></testcase>
	</testsuite>
	<testsuite tests="0" failures="0" time="0.000000" name="github.com/joltify-finance/joltify_lending/x/third_party/evmutil/client/cli" timestamp="2024-01-30T16:29:34+11:00">
		<properties>
			<property name="go.version" value="go1.21.4 linux/amd64"></property>
		</properties>
	</testsuite>
	<testsuite tests="204" failures="0" time="9.642000" name="github.com/joltify-finance/joltify_lending/x/third_party/evmutil/keeper" timestamp="2024-01-30T16:29:34+11:00">
		<properties>
			<property name="go.version" value="go1.21.4 linux/amd64"></property>
		</properties>
		<testcase classname="github.com/joltify-finance/joltify_lending/x/third_party/evmutil/keeper" name="TestEvmBankKeeperTestSuite/TestBurnCoins/burn_more_than_1_ujolt" time="0.080000"></testcase>
		<testcase classname="github.com/joltify-finance/joltify_lending/x/third_party/evmutil/keeper" name="TestEvmBankKeeperTestSuite/TestBurnCoins/burn_less_than_1_ujolt" time="0.060000"></testcase>
		<testcase classname="github.com/joltify-finance/joltify_lending/x/third_party/evmutil/keeper" name="TestEvmBankKeeperTestSuite/TestBurnCoins/burn_an_exact_amount_of_ujolt" time="0.080000"></testcase>
		<testcase classname="github.com/joltify-finance/joltify_lending/x/third_party/evmutil/keeper" name="TestEvmBankKeeperTestSuite/TestBurnCoins/burn_no_ajolt" time="0.070000"></testcase>
		<testcase classname="github.com/joltify-finance/joltify_lending/x/third_party/evmutil/keeper" name="TestEvmBankKeeperTestSuite/TestBurnCoins/errors_if_burning_other_coins" time="0.100000"></testcase>
		<testcase classname="github.com/joltify-finance/joltify_lending/x/third_party/evmutil/keeper" name="TestEvmBankKeeperTestSuite/TestBurnCoins/errors_if_have_dup_coins" time="0.070000"></testcase>
		<testcase classname="github.com/joltify-finance/joltify_lending/x/third_party/evmutil/keeper" name="TestEvmBankKeeperTestSuite/TestBurnCoins/errors_if_burn_amount_is_negative" time="0.090000"></testcase>
		<testcase classname="github.com/joltify-finance/joltify_lending/x/third_party/evmutil/keeper" name="TestEvmBankKeeperTestSuite/TestBurnCoins/errors_if_not_enough_ajolt_to_cover_burn" time="0.080000"></testcase>
		<testcase classname="github.com/joltify-finance/joltify_lending/x/third_party/evmutil/keeper" name="TestEvmBankKeeperTestSuite/TestBurnCoins/errors_if_not_enough_ujolt_to_cover_burn" time="0.100000"></testcase>
		<testcase classname="github.com/joltify-finance/joltify_lending/x/third_party/evmutil/keeper" name="TestEvmBankKeeperTestSuite/TestBurnCoins/converts_1_ujolt_to_ajolt_if_not_enough_ajolt_to_cover" time="0.080000"></testcase>
		<testcase classname="github.com/joltify-finance/joltify_lending/x/third_party/evmutil/keeper" name="TestEvmBankKeeperTestSuite/TestBurnCoins" time="0.930000"></testcase>
		<testcase classname="github.com/joltify-finance/joltify_lending/x/third_party/evmutil/keeper" name="TestEvmBankKeeperTestSuite/TestConvertAjoltToUjolt/not_enough_ujolt" time="0.070000"></testcase>
		<testcase classname="github.com/joltify-finance/joltify_lending/x/third_party/evmutil/keeper" name="TestEvmBankKeeperTestSuite/TestConvertAjoltToUjolt/converts_ajolt_for_1_ujolt" time="0.070000"></testcase>
		<testcase classname="github.com/joltify-finance/joltify_lending/x/third_party/evmutil/keeper" name="TestEvmBankKeeperTestSuite/TestConvertAjoltToUjolt/converts_more_than_1_ujolt_of_ajolt" time="0.070000"></testcase>
		<testcase classname="github.com/joltify-finance/joltify_lending/x/third_party/evmutil/keeper" name="TestEvmBankKeeperTestSuite/TestConvertAjoltToUjolt" time="0.290000"></testcase>
		<testcase classname="github.com/joltify-finance/joltify_lending/x/third_party/evmutil/keeper" name="TestEvmBankKeeperTestSuite/TestConvertOneUjoltToAjoltIfNeeded/not_enough_ujolt_for_conversion" time="0.080000"></testcase>
		<testcase classname="github.com/joltify-finance/joltify_lending/x/third_party/evmutil/keeper" name="TestEvmBankKeeperTestSuite/TestConvertOneUjoltToAjoltIfNeeded/converts_1_ujolt_to_ajolt" time="0.110000"></testcase>
		<testcase classname="github.com/joltify-finance/joltify_lending/x/third_party/evmutil/keeper" name="TestEvmBankKeeperTestSuite/TestConvertOneUjoltToAjoltIfNeeded/conversion_not_needed" time="0.100000"></testcase>
		<testcase classname="github.com/joltify-finance/joltify_lending/x/third_party/evmutil/keeper" name="TestEvmBankKeeperTestSuite/TestConvertOneUjoltToAjoltIfNeeded" time="0.350000"></testcase>
		<testcase classname="github.com/joltify-finance/joltify_lending/x/third_party/evmutil/keeper" name="TestEvmBankKeeperTestSuite/TestGetBalance/ujolt_with_ajolt" time="0.110000"></testcase>
		<testcase classname="github.com/joltify-finance/joltify_lending/x/third_party/evmutil/keeper" name="TestEvmBankKeeperTestSuite/TestGetBalance/just_ajolt" time="0.080000"></testcase>
		<testcase classname="github.com/joltify-finance/joltify_lending/x/third_party/evmutil/keeper" name="TestEvmBankKeeperTestSuite/TestGetBalance/just_ujolt" time="0.120000"></testcase>
		<testcase classname="github.com/joltify-finance/joltify_lending/x/third_party/evmutil/keeper" name="TestEvmBankKeeperTestSuite/TestGetBalance/no_ujolt_or_ajolt" time="0.110000"></testcase>
		<testcase classname="github.com/joltify-finance/joltify_lending/x/third_party/evmutil/keeper" name="TestEvmBankKeeperTestSuite/TestGetBalance/with_avaka_that_is_more_than_1_ujolt" time="0.100000"></testcase>
		<testcase classname="github.com/joltify-finance/joltify_lending/x/third_party/evmutil/keeper" name="TestEvmBankKeeperTestSuite/TestGetBalance" time="0.600000"></testcase>
		<testcase classname="github.com/joltify-finance/joltify_lending/x/third_party/evmutil/keeper" name="TestEvmBankKeeperTestSuite/TestGetBalance_NotEvmDenom" time="0.080000"></testcase>
		<testcase classname="github.com/joltify-finance/joltify_lending/x/third_party/evmutil/keeper" name="TestEvmBankKeeperTestSuite/TestGetBalance_ReturnsSpendable" time="0.070000"></testcase>
		<testcase classname="github.com/joltify-finance/joltify_lending/x/third_party/evmutil/keeper" name="TestEvmBankKeeperTestSuite/TestMintCoins/mint_more_than_1_ujolt" time="0.080000"></testcase>
		<testcase classname="github.com/joltify-finance/joltify_lending/x/third_party/evmutil/keeper" name="TestEvmBankKeeperTestSuite/TestMintCoins/mint_less_than_1_ujolt" time="0.080000"></testcase>
		<testcase classname="github.com/joltify-finance/joltify_lending/x/third_party/evmutil/keeper" name="TestEvmBankKeeperTestSuite/TestMintCoins/mint_an_exact_amount_of_ujolt" time="0.070000"></testcase>
		<testcase classname="github.com/joltify-finance/joltify_lending/x/third_party/evmutil/keeper" name="TestEvmBankKeeperTestSuite/TestMintCoins/mint_no_ajolt" time="0.060000"></testcase>
		<testcase classname="github.com/joltify-finance/joltify_lending/x/third_party/evmutil/keeper" name="TestEvmBankKeeperTestSuite/TestMintCoins/errors_if_minting_other_coins" time="0.070000"></testcase>
		<testcase classname="github.com/joltify-finance/joltify_lending/x/third_party/evmutil/keeper" name="TestEvmBankKeeperTestSuite/TestMintCoins/errors_if_have_dup_coins" time="0.060000"></testcase>
		<testcase classname="github.com/joltify-finance/joltify_lending/x/third_party/evmutil/keeper" name="TestEvmBankKeeperTestSuite/TestMintCoins/errors_if_mint_amount_is_negative" time="0.060000"></testcase>
		<testcase classname="github.com/joltify-finance/joltify_lending/x/third_party/evmutil/keeper" name="TestEvmBankKeeperTestSuite/TestMintCoins/adds_to_existing_ajolt_balance" time="0.050000"></testcase>
		<testcase classname="github.com/joltify-finance/joltify_lending/x/third_party/evmutil/keeper" name="TestEvmBankKeeperTestSuite/TestMintCoins/convert_ajolt_balance_to_ujolt_if_it_exceeds_1_ujolt" time="0.070000"></testcase>
		<testcase classname="github.com/joltify-finance/joltify_lending/x/third_party/evmutil/keeper" name="TestEvmBankKeeperTestSuite/TestMintCoins" time="0.680000"></testcase>
		<testcase classname="github.com/joltify-finance/joltify_lending/x/third_party/evmutil/keeper" name="TestEvmBankKeeperTestSuite/TestSendCoinsFromAccountToModule/send_more_than_1_ujolt" time="0.060000"></testcase>
		<testcase classname="github.com/joltify-finance/joltify_lending/x/third_party/evmutil/keeper" name="TestEvmBankKeeperTestSuite/TestSendCoinsFromAccountToModule/send_less_than_1_ujolt" time="0.060000"></testcase>
[...]
		<testcase classname="github.com/joltify-finance/joltify_lending/x/third_party/swap/types" name="TestState_PoolRecord_Validations/poolID_has_duplicate_denoms" time="0.000000"></testcase>
		<testcase classname="github.com/joltify-finance/joltify_lending/x/third_party/swap/types" name="TestState_PoolRecord_Validations/poolID_does_not_match_reserve_A" time="0.000000"></testcase>
		<testcase classname="github.com/joltify-finance/joltify_lending/x/third_party/swap/types" name="TestState_PoolRecord_Validations/poolID_does_not_match_reserve_B" time="0.000000"></testcase>
		<testcase classname="github.com/joltify-finance/joltify_lending/x/third_party/swap/types" name="TestState_PoolRecord_Validations/negative_reserve_a" time="0.000000"></testcase>
		<testcase classname="github.com/joltify-finance/joltify_lending/x/third_party/swap/types" name="TestState_PoolRecord_Validations/zero_reserve_a" time="0.000000"></testcase>
		<testcase classname="github.com/joltify-finance/joltify_lending/x/third_party/swap/types" name="TestState_PoolRecord_Validations/negative_reserve_b" time="0.000000"></testcase>
		<testcase classname="github.com/joltify-finance/joltify_lending/x/third_party/swap/types" name="TestState_PoolRecord_Validations/zero_reserve_b" time="0.000000"></testcase>
		<testcase classname="github.com/joltify-finance/joltify_lending/x/third_party/swap/types" name="TestState_PoolRecord_Validations/negative_total_shares" time="0.000000"></testcase>
		<testcase classname="github.com/joltify-finance/joltify_lending/x/third_party/swap/types" name="TestState_PoolRecord_Validations/zero_total_shares" time="0.000000"></testcase>
		<testcase classname="github.com/joltify-finance/joltify_lending/x/third_party/swap/types" name="TestState_PoolRecord_Validations" time="0.000000"></testcase>
		<testcase classname="github.com/joltify-finance/joltify_lending/x/third_party/swap/types" name="TestState_PoolRecord_OrderedReserves" time="0.000000"></testcase>
		<testcase classname="github.com/joltify-finance/joltify_lending/x/third_party/swap/types" name="TestState_PoolRecords_Validation" time="0.000000"></testcase>
		<testcase classname="github.com/joltify-finance/joltify_lending/x/third_party/swap/types" name="TestState_PoolRecords_ValidateUniquePools" time="0.000000"></testcase>
		<testcase classname="github.com/joltify-finance/joltify_lending/x/third_party/swap/types" name="TestState_NewShareRecord" time="0.000000"></testcase>
		<testcase classname="github.com/joltify-finance/joltify_lending/x/third_party/swap/types" name="TestState_ShareRecord_JSONEncoding" time="0.000000"></testcase>
		<testcase classname="github.com/joltify-finance/joltify_lending/x/third_party/swap/types" name="TestState_ShareRecord_YamlEncoding" time="0.000000"></testcase>
		<testcase classname="github.com/joltify-finance/joltify_lending/x/third_party/swap/types" name="TestState_InvalidShareRecordEmptyDepositor" time="0.000000"></testcase>
		<testcase classname="github.com/joltify-finance/joltify_lending/x/third_party/swap/types" name="TestState_InvalidShareRecordNegativeShares" time="0.000000"></testcase>
		<testcase classname="github.com/joltify-finance/joltify_lending/x/third_party/swap/types" name="TestState_ShareRecord_Validations/empty_pool_id" time="0.000000"></testcase>
		<testcase classname="github.com/joltify-finance/joltify_lending/x/third_party/swap/types" name="TestState_ShareRecord_Validations/no_poolID_tokens" time="0.000000"></testcase>
		<testcase classname="github.com/joltify-finance/joltify_lending/x/third_party/swap/types" name="TestState_ShareRecord_Validations/poolID_empty_tokens" time="0.000000"></testcase>
		<testcase classname="github.com/joltify-finance/joltify_lending/x/third_party/swap/types" name="TestState_ShareRecord_Validations/poolID_empty_token_a" time="0.000000"></testcase>
		<testcase classname="github.com/joltify-finance/joltify_lending/x/third_party/swap/types" name="TestState_ShareRecord_Validations/poolID_empty_token_b" time="0.000000"></testcase>
		<testcase classname="github.com/joltify-finance/joltify_lending/x/third_party/swap/types" name="TestState_ShareRecord_Validations/poolID_is_not_sorted" time="0.000000"></testcase>
		<testcase classname="github.com/joltify-finance/joltify_lending/x/third_party/swap/types" name="TestState_ShareRecord_Validations/poolID_has_duplicate_denoms" time="0.000000"></testcase>
		<testcase classname="github.com/joltify-finance/joltify_lending/x/third_party/swap/types" name="TestState_ShareRecord_Validations/negative_total_shares" time="0.000000"></testcase>
		<testcase classname="github.com/joltify-finance/joltify_lending/x/third_party/swap/types" name="TestState_ShareRecord_Validations/zero_total_shares" time="0.000000"></testcase>
		<testcase classname="github.com/joltify-finance/joltify_lending/x/third_party/swap/types" name="TestState_ShareRecord_Validations" time="0.000000"></testcase>
		<testcase classname="github.com/joltify-finance/joltify_lending/x/third_party/swap/types" name="TestState_ShareRecords_Validation" time="0.000000"></testcase>
		<testcase classname="github.com/joltify-finance/joltify_lending/x/third_party/swap/types" name="TestState_ShareRecords_ValidateUniqueShareRecords" time="0.000000"></testcase>
	</testsuite>
	<testsuite tests="0" failures="0" time="0.000000" name="github.com/joltify-finance/joltify_lending/x/third_party/swap/types/mocks" timestamp="2024-01-30T16:29:34+11:00">
		<properties>
			<property name="go.version" value="go1.21.4 linux/amd64"></property>
		</properties>
	</testsuite>
	<testsuite tests="1" failures="0" time="0.164000" name="github.com/joltify-finance/joltify_lending/x/vault" timestamp="2024-01-30T16:29:34+11:00">
		<properties>
			<property name="go.version" value="go1.21.4 linux/amd64"></property>
		</properties>
		<testcase classname="github.com/joltify-finance/joltify_lending/x/vault" name="TestGenesis" time="0.070000"></testcase>
	</testsuite>
	<testsuite tests="31" failures="0" time="245.820000" name="github.com/joltify-finance/joltify_lending/x/vault/client/cli" timestamp="2024-01-30T16:29:34+11:00">
		<properties>
			<property name="go.version" value="go1.21.4 linux/amd64"></property>
		</properties>
		<testcase classname="github.com/joltify-finance/joltify_lending/x/vault/client/cli" name="TestShowCreatePool/found" time="0.000000"></testcase>
		<testcase classname="github.com/joltify-finance/joltify_lending/x/vault/client/cli" name="TestShowCreatePool/not_found" time="0.000000"></testcase>
		<testcase classname="github.com/joltify-finance/joltify_lending/x/vault/client/cli" name="TestShowCreatePool" time="16.470000"></testcase>
		<testcase classname="github.com/joltify-finance/joltify_lending/x/vault/client/cli" name="TestListCreatePoolNotEnoughValidator/not_found_because_not_enough_validator" time="0.000000"></testcase>
		<testcase classname="github.com/joltify-finance/joltify_lending/x/vault/client/cli" name="TestListCreatePoolNotEnoughValidator" time="21.390000"></testcase>
		<testcase classname="github.com/joltify-finance/joltify_lending/x/vault/client/cli" name="TestListCreatePool/ByOffset" time="0.000000"></testcase>
		<testcase classname="github.com/joltify-finance/joltify_lending/x/vault/client/cli" name="TestListCreatePool/ByKey" time="0.000000"></testcase>
		<testcase classname="github.com/joltify-finance/joltify_lending/x/vault/client/cli" name="TestListCreatePool/Total" time="0.000000"></testcase>
		<testcase classname="github.com/joltify-finance/joltify_lending/x/vault/client/cli" name="TestListCreatePool" time="16.360000"></testcase>
		<testcase classname="github.com/joltify-finance/joltify_lending/x/vault/client/cli" name="TestShowIssueToken/found" time="0.000000"></testcase>
		<testcase classname="github.com/joltify-finance/joltify_lending/x/vault/client/cli" name="TestShowIssueToken/not_found" time="0.000000"></testcase>
		<testcase classname="github.com/joltify-finance/joltify_lending/x/vault/client/cli" name="TestShowIssueToken" time="16.360000"></testcase>
		<testcase classname="github.com/joltify-finance/joltify_lending/x/vault/client/cli" name="TestListIssueToken/ByOffset" time="0.000000"></testcase>
		<testcase classname="github.com/joltify-finance/joltify_lending/x/vault/client/cli" name="TestListIssueToken/ByKey" time="0.000000"></testcase>
		<testcase classname="github.com/joltify-finance/joltify_lending/x/vault/client/cli" name="TestListIssueToken/Total" time="0.000000"></testcase>
		<testcase classname="github.com/joltify-finance/joltify_lending/x/vault/client/cli" name="TestListIssueToken" time="16.370000"></testcase>
		<testcase classname="github.com/joltify-finance/joltify_lending/x/vault/client/cli" name="TestShowOutboundTx/found" time="0.000000"></testcase>
		<testcase classname="github.com/joltify-finance/joltify_lending/x/vault/client/cli" name="TestShowOutboundTx/not_found" time="0.000000"></testcase>
		<testcase classname="github.com/joltify-finance/joltify_lending/x/vault/client/cli" name="TestShowOutboundTx" time="16.379000"></testcase>
		<testcase classname="github.com/joltify-finance/joltify_lending/x/vault/client/cli" name="TestListOutboundTx/ByOffset" time="0.000000"></testcase>
		<testcase classname="github.com/joltify-finance/joltify_lending/x/vault/client/cli" name="TestListOutboundTx/ByKey" time="0.000000"></testcase>
		<testcase classname="github.com/joltify-finance/joltify_lending/x/vault/client/cli" name="TestListOutboundTx/Total" time="0.000000"></testcase>
		<testcase classname="github.com/joltify-finance/joltify_lending/x/vault/client/cli" name="TestListOutboundTx" time="16.379000"></testcase>
		<testcase classname="github.com/joltify-finance/joltify_lending/x/vault/client/cli" name="TestCreateCreatePool/invalid" time="0.000000"></testcase>
		<testcase classname="github.com/joltify-finance/joltify_lending/x/vault/client/cli" name="TestCreateCreatePool/valid" time="6.020000"></testcase>
		<testcase classname="github.com/joltify-finance/joltify_lending/x/vault/client/cli" name="TestCreateCreatePool" time="27.420000"></testcase>
		<testcase classname="github.com/joltify-finance/joltify_lending/x/vault/client/cli" name="TestCreateIssueTokenFail/valid_issue_token" time="2.009000"></testcase>
		<testcase classname="github.com/joltify-finance/joltify_lending/x/vault/client/cli" name="TestCreateIssueTokenFail" time="23.410000"></testcase>
		<testcase classname="github.com/joltify-finance/joltify_lending/x/vault/client/cli" name="TestCreateIssue" time="42.770000"></testcase>
		<testcase classname="github.com/joltify-finance/joltify_lending/x/vault/client/cli" name="TestCreateOutboundTx/valid" time="16.010000"></testcase>
		<testcase classname="github.com/joltify-finance/joltify_lending/x/vault/client/cli" name="TestCreateOutboundTx" time="32.380000"></testcase>
	</testsuite>
	<testsuite tests="46" failures="0" time="0.984000" name="github.com/joltify-finance/joltify_lending/x/vault/keeper" timestamp="2024-01-30T16:29:34+11:00">
		<properties>
			<property name="go.version" value="go1.21.4 linux/amd64"></property>
		</properties>
		<testcase classname="github.com/joltify-finance/joltify_lending/x/vault/keeper" name="TestProcessAccountLeft" time="0.060000"></testcase>
		<testcase classname="github.com/joltify-finance/joltify_lending/x/vault/keeper" name="TestProcessAccountLeftWithAccountLessThanFee" time="0.040000"></testcase>
		<testcase classname="github.com/joltify-finance/joltify_lending/x/vault/keeper" name="TestCreatePoolGet" time="0.040000"></testcase>
		<testcase classname="github.com/joltify-finance/joltify_lending/x/vault/keeper" name="TestCreatePoolRemove" time="0.050000"></testcase>
		<testcase classname="github.com/joltify-finance/joltify_lending/x/vault/keeper" name="TestCreatePoolGetAll" time="0.040000"></testcase>
		<testcase classname="github.com/joltify-finance/joltify_lending/x/vault/keeper" name="TestSetStoreFeeAmount" time="0.040000"></testcase>
		<testcase classname="github.com/joltify-finance/joltify_lending/x/vault/keeper" name="TestCreatePoolQuerySingle/First" time="0.000000"></testcase>
		<testcase classname="github.com/joltify-finance/joltify_lending/x/vault/keeper" name="TestCreatePoolQuerySingle/Second" time="0.000000"></testcase>
		<testcase classname="github.com/joltify-finance/joltify_lending/x/vault/keeper" name="TestCreatePoolQuerySingle/KeyNotFound" time="0.000000"></testcase>
		<testcase classname="github.com/joltify-finance/joltify_lending/x/vault/keeper" name="TestCreatePoolQuerySingle/InvalidRequest" time="0.000000"></testcase>
		<testcase classname="github.com/joltify-finance/joltify_lending/x/vault/keeper" name="TestCreatePoolQuerySingle" time="0.050000"></testcase>
		<testcase classname="github.com/joltify-finance/joltify_lending/x/vault/keeper" name="TestCreatePoolQueryPaginated/ByOffset" time="0.000000"></testcase>
		<testcase classname="github.com/joltify-finance/joltify_lending/x/vault/keeper" name="TestCreatePoolQueryPaginated/ByKey" time="0.000000"></testcase>
		<testcase classname="github.com/joltify-finance/joltify_lending/x/vault/keeper" name="TestCreatePoolQueryPaginated/Total" time="0.000000"></testcase>
		<testcase classname="github.com/joltify-finance/joltify_lending/x/vault/keeper" name="TestCreatePoolQueryPaginated/InvalidRequest" time="0.000000"></testcase>
		<testcase classname="github.com/joltify-finance/joltify_lending/x/vault/keeper" name="TestCreatePoolQueryPaginated" time="0.040000"></testcase>
		<testcase classname="github.com/joltify-finance/joltify_lending/x/vault/keeper" name="TestIssueTokenQuerySingle/First" time="0.000000"></testcase>
		<testcase classname="github.com/joltify-finance/joltify_lending/x/vault/keeper" name="TestIssueTokenQuerySingle/Second" time="0.000000"></testcase>
		<testcase classname="github.com/joltify-finance/joltify_lending/x/vault/keeper" name="TestIssueTokenQuerySingle/KeyNotFound" time="0.000000"></testcase>
		<testcase classname="github.com/joltify-finance/joltify_lending/x/vault/keeper" name="TestIssueTokenQuerySingle/InvalidRequest" time="0.000000"></testcase>
		<testcase classname="github.com/joltify-finance/joltify_lending/x/vault/keeper" name="TestIssueTokenQuerySingle" time="0.040000"></testcase>
		<testcase classname="github.com/joltify-finance/joltify_lending/x/vault/keeper" name="TestIssueTokenQueryPaginated/ByOffset" time="0.000000"></testcase>
		<testcase classname="github.com/joltify-finance/joltify_lending/x/vault/keeper" name="TestIssueTokenQueryPaginated/ByKey" time="0.000000"></testcase>
		<testcase classname="github.com/joltify-finance/joltify_lending/x/vault/keeper" name="TestIssueTokenQueryPaginated/Total" time="0.000000"></testcase>
		<testcase classname="github.com/joltify-finance/joltify_lending/x/vault/keeper" name="TestIssueTokenQueryPaginated/InvalidRequest" time="0.000000"></testcase>
		<testcase classname="github.com/joltify-finance/joltify_lending/x/vault/keeper" name="TestIssueTokenQueryPaginated" time="0.040000"></testcase>
		<testcase classname="github.com/joltify-finance/joltify_lending/x/vault/keeper" name="TestOutboundTxQuerySingle/First" time="0.000000"></testcase>
		<testcase classname="github.com/joltify-finance/joltify_lending/x/vault/keeper" name="TestOutboundTxQuerySingle/Second" time="0.000000"></testcase>
		<testcase classname="github.com/joltify-finance/joltify_lending/x/vault/keeper" name="TestOutboundTxQuerySingle/KeyNotFound" time="0.000000"></testcase>
		<testcase classname="github.com/joltify-finance/joltify_lending/x/vault/keeper" name="TestOutboundTxQuerySingle/InvalidRequest" time="0.000000"></testcase>
		<testcase classname="github.com/joltify-finance/joltify_lending/x/vault/keeper" name="TestOutboundTxQuerySingle" time="0.050000"></testcase>
		<testcase classname="github.com/joltify-finance/joltify_lending/x/vault/keeper" name="TestOutboundTxQueryPaginated/ByOffset" time="0.000000"></testcase>
		<testcase classname="github.com/joltify-finance/joltify_lending/x/vault/keeper" name="TestOutboundTxQueryPaginated/ByKey" time="0.000000"></testcase>
		<testcase classname="github.com/joltify-finance/joltify_lending/x/vault/keeper" name="TestOutboundTxQueryPaginated/Total" time="0.000000"></testcase>
		<testcase classname="github.com/joltify-finance/joltify_lending/x/vault/keeper" name="TestOutboundTxQueryPaginated/InvalidRequest" time="0.000000"></testcase>
		<testcase classname="github.com/joltify-finance/joltify_lending/x/vault/keeper" name="TestOutboundTxQueryPaginated" time="0.050000"></testcase>
		<testcase classname="github.com/joltify-finance/joltify_lending/x/vault/keeper" name="TestIssueTokenGet" time="0.050000"></testcase>
		<testcase classname="github.com/joltify-finance/joltify_lending/x/vault/keeper" name="TestIssueTokenGetAll" time="0.050000"></testcase>
		<testcase classname="github.com/joltify-finance/joltify_lending/x/vault/keeper" name="TestCreatePoolMsgServerCreate" time="0.040000"></testcase>
		<testcase classname="github.com/joltify-finance/joltify_lending/x/vault/keeper" name="TestCreatePoolMsgServerCreateNotValidator" time="0.040000"></testcase>
		<testcase classname="github.com/joltify-finance/joltify_lending/x/vault/keeper" name="TestOutboundTxMsgServerCreate" time="0.040000"></testcase>
		<testcase classname="github.com/joltify-finance/joltify_lending/x/vault/keeper" name="TestOutboundTxGet" time="0.040000"></testcase>
		<testcase classname="github.com/joltify-finance/joltify_lending/x/vault/keeper" name="TestOutboundTxGetAll" time="0.040000"></testcase>
		<testcase classname="github.com/joltify-finance/joltify_lending/x/vault/keeper" name="TestProcessHistory" time="0.000000"></testcase>
		<testcase classname="github.com/joltify-finance/joltify_lending/x/vault/keeper" name="TestProcessHistoryWithManyEmpty" time="0.000000"></testcase>
		<testcase classname="github.com/joltify-finance/joltify_lending/x/vault/keeper" name="TestProcessEvent" time="0.040000"></testcase>
	</testsuite>
	<testsuite tests="0" failures="0" time="0.000000" name="github.com/joltify-finance/joltify_lending/x/vault/migrations/v17" timestamp="2024-01-30T16:29:34+11:00">
		<properties>
			<property name="go.version" value="go1.21.4 linux/amd64"></property>
		</properties>
	</testsuite>
	<testsuite tests="0" failures="0" time="0.000000" name="github.com/joltify-finance/joltify_lending/x/vault/migrations/v21" timestamp="2024-01-30T16:29:34+11:00">
		<properties>
			<property name="go.version" value="go1.21.4 linux/amd64"></property>
		</properties>
	</testsuite>
	<testsuite tests="0" failures="0" time="0.000000" name="github.com/joltify-finance/joltify_lending/x/vault/migrations/v5" timestamp="2024-01-30T16:29:34+11:00">
		<properties>
			<property name="go.version" value="go1.21.4 linux/amd64"></property>
		</properties>
	</testsuite>
	<testsuite tests="0" failures="0" time="0.000000" name="github.com/joltify-finance/joltify_lending/x/vault/simulation" timestamp="2024-01-30T16:29:34+11:00">
		<properties>
			<property name="go.version" value="go1.21.4 linux/amd64"></property>
		</properties>
	</testsuite>
	<testsuite tests="4" failures="0" time="0.051000" name="github.com/joltify-finance/joltify_lending/x/vault/types" timestamp="2024-01-30T16:29:34+11:00">
		<properties>
			<property name="go.version" value="go1.21.4 linux/amd64"></property>
		</properties>
		<testcase classname="github.com/joltify-finance/joltify_lending/x/vault/types" name="TestGenesisState_Validate/default_is_valid" time="0.000000"></testcase>
		<testcase classname="github.com/joltify-finance/joltify_lending/x/vault/types" name="TestGenesisState_Validate/valid_genesis_state" time="0.000000"></testcase>
		<testcase classname="github.com/joltify-finance/joltify_lending/x/vault/types" name="TestGenesisState_Validate/duplicated_outboundTx" time="0.000000"></testcase>
		<testcase classname="github.com/joltify-finance/joltify_lending/x/vault/types" name="TestGenesisState_Validate" time="0.000000"></testcase>
	</testsuite>
</testsuites>