<?xml version="1.0" encoding="UTF-8"?>
<testsuites tests="1783" failures="8" errors="2" time="310.401179">
	<testsuite tests="0" failures="0" time="0.000000" name="github.com/joltify-finance/joltify_lending/app" timestamp="2024-01-31T15:46:47+11:00">
		<properties>
			<property name="go.version" value="go1.21.4 darwin/amd64"></property>
		</properties>
	</testsuite>
	<testsuite tests="24" failures="0" time="8.379000" name="github.com/joltify-finance/joltify_lending/app/ante" timestamp="2024-01-31T15:46:47+11:00">
		<properties>
			<property name="go.version" value="go1.21.4 darwin/amd64"></property>
		</properties>
		<testcase classname="github.com/joltify-finance/joltify_lending/app/ante" name="TestTransferSPVNFT" time="0.070000"></testcase>
		<testcase classname="github.com/joltify-finance/joltify_lending/app/ante" name="TestQuotaCheck" time="0.030000"></testcase>
		<testcase classname="github.com/joltify-finance/joltify_lending/app/ante" name="TestAuthenticatedMempoolDecorator_AnteHandle_NotCheckTx" time="0.020000"></testcase>
		<testcase classname="github.com/joltify-finance/joltify_lending/app/ante" name="TestAuthenticatedMempoolDecorator_AnteHandle_Pass" time="0.030000"></testcase>
		<testcase classname="github.com/joltify-finance/joltify_lending/app/ante" name="TestAuthenticatedMempoolDecorator_AnteHandle_Reject" time="0.020000"></testcase>
		<testcase classname="github.com/joltify-finance/joltify_lending/app/ante" name="TestAuthzLimiterDecorator/a_non_blocked_msg_is_not_blocked" time="0.000000"></testcase>
		<testcase classname="github.com/joltify-finance/joltify_lending/app/ante" name="TestAuthzLimiterDecorator/a_blocked_msg_is_not_blocked_when_not_wrapped_in_MsgExec" time="0.000000"></testcase>
		<testcase classname="github.com/joltify-finance/joltify_lending/app/ante" name="TestAuthzLimiterDecorator/when_a_MsgGrant_contains_a_non_blocked_msg,_it_passes" time="0.000000"></testcase>
		<testcase classname="github.com/joltify-finance/joltify_lending/app/ante" name="TestAuthzLimiterDecorator/when_a_MsgGrant_contains_a_non_blocked_msg,_it_passes#01" time="0.000000"></testcase>
		<testcase classname="github.com/joltify-finance/joltify_lending/app/ante" name="TestAuthzLimiterDecorator/when_a_MsgGrant_contains_a_blocked_msg,_it_is_blocked" time="0.000000"></testcase>
		<testcase classname="github.com/joltify-finance/joltify_lending/app/ante" name="TestAuthzLimiterDecorator/when_a_MsgGrant_contains_a_blocked_msg,_it_is_blocked#01" time="0.000000"></testcase>
		<testcase classname="github.com/joltify-finance/joltify_lending/app/ante" name="TestAuthzLimiterDecorator/when_a_MsgExec_contains_a_non_blocked_msg,_it_passes" time="0.000000"></testcase>
		<testcase classname="github.com/joltify-finance/joltify_lending/app/ante" name="TestAuthzLimiterDecorator/when_a_MsgExec_contains_a_blocked_msg,_it_is_blocked" time="0.000000"></testcase>
		<testcase classname="github.com/joltify-finance/joltify_lending/app/ante" name="TestAuthzLimiterDecorator/blocked_msg_surrounded_by_valid_msgs_is_still_blocked" time="0.000000"></testcase>
		<testcase classname="github.com/joltify-finance/joltify_lending/app/ante" name="TestAuthzLimiterDecorator/a_nested_MsgExec_containing_a_blocked_msg_is_still_blocked" time="0.000000"></testcase>
		<testcase classname="github.com/joltify-finance/joltify_lending/app/ante" name="TestAuthzLimiterDecorator/a_nested_MsgGrant_containing_a_blocked_msg_is_still_blocked" time="0.000000"></testcase>
		<testcase classname="github.com/joltify-finance/joltify_lending/app/ante" name="TestAuthzLimiterDecorator" time="0.060000"></testcase>
		<testcase classname="github.com/joltify-finance/joltify_lending/app/ante" name="TestEvmMinGasFilter/no_min_gas_prices" time="0.000000"></testcase>
		<testcase classname="github.com/joltify-finance/joltify_lending/app/ante" name="TestEvmMinGasFilter/zero_ujolt_gas_price" time="0.000000"></testcase>
		<testcase classname="github.com/joltify-finance/joltify_lending/app/ante" name="TestEvmMinGasFilter/non-zero_ujolt_gas_price" time="0.000000"></testcase>
		<testcase classname="github.com/joltify-finance/joltify_lending/app/ante" name="TestEvmMinGasFilter/zero_ujolt_gas_price,_min_ajolt_price" time="0.000000"></testcase>
		<testcase classname="github.com/joltify-finance/joltify_lending/app/ante" name="TestEvmMinGasFilter/zero_ujolt_gas_price,_min_ajolt_price,_other_token" time="0.000000"></testcase>
		<testcase classname="github.com/joltify-finance/joltify_lending/app/ante" name="TestEvmMinGasFilter/non-zero_ujolt_gas_price,_min_ajolt_price" time="0.000000"></testcase>
		<testcase classname="github.com/joltify-finance/joltify_lending/app/ante" name="TestEvmMinGasFilter" time="0.100000"></testcase>
	</testsuite>
	<testsuite tests="0" failures="0" time="0.000000" name="github.com/joltify-finance/joltify_lending/app/params" timestamp="2024-01-31T15:46:47+11:00">
		<properties>
			<property name="go.version" value="go1.21.4 darwin/amd64"></property>
		</properties>
	</testsuite>
	<testsuite tests="0" failures="0" time="0.000000" name="github.com/joltify-finance/joltify_lending/client" timestamp="2024-01-31T15:46:47+11:00">
		<properties>
			<property name="go.version" value="go1.21.4 darwin/amd64"></property>
		</properties>
	</testsuite>
	<testsuite tests="0" failures="0" time="0.000000" name="github.com/joltify-finance/joltify_lending/client/docs" timestamp="2024-01-31T15:46:47+11:00">
		<properties>
			<property name="go.version" value="go1.21.4 darwin/amd64"></property>
		</properties>
	</testsuite>
	<testsuite tests="0" failures="0" time="0.000000" name="github.com/joltify-finance/joltify_lending/client/docs/statik" timestamp="2024-01-31T15:46:47+11:00">
		<properties>
			<property name="go.version" value="go1.21.4 darwin/amd64"></property>
		</properties>
	</testsuite>
	<testsuite tests="0" failures="0" time="0.000000" name="github.com/joltify-finance/joltify_lending/cmd/joltify" timestamp="2024-01-31T15:46:47+11:00">
		<properties>
			<property name="go.version" value="go1.21.4 darwin/amd64"></property>
		</properties>
	</testsuite>
	<testsuite tests="0" failures="0" time="0.000000" name="github.com/joltify-finance/joltify_lending/cmd/joltify/cmd" timestamp="2024-01-31T15:46:47+11:00">
		<properties>
			<property name="go.version" value="go1.21.4 darwin/amd64"></property>
		</properties>
	</testsuite>
	<testsuite tests="0" failures="0" time="0.000000" name="github.com/joltify-finance/joltify_lending/cmd/tools" timestamp="2024-01-31T15:46:47+11:00">
		<properties>
			<property name="go.version" value="go1.21.4 darwin/amd64"></property>
		</properties>
	</testsuite>
	<testsuite tests="0" failures="0" time="0.000000" name="github.com/joltify-finance/joltify_lending/contrib/devnet/integrationtest" timestamp="2024-01-31T15:46:47+11:00">
		<properties>
			<property name="go.version" value="go1.21.4 darwin/amd64"></property>
		</properties>
	</testsuite>
	<testsuite tests="0" failures="0" time="0.000000" name="github.com/joltify-finance/joltify_lending/contrib/devnet/integrationtest/common" timestamp="2024-01-31T15:46:47+11:00">
		<properties>
			<property name="go.version" value="go1.21.4 darwin/amd64"></property>
		</properties>
	</testsuite>
	<testsuite tests="0" failures="0" time="0.000000" name="github.com/joltify-finance/joltify_lending/contrib/devnet/integrationtest/scripts" timestamp="2024-01-31T15:46:47+11:00">
		<properties>
			<property name="go.version" value="go1.21.4 darwin/amd64"></property>
		</properties>
	</testsuite>
	<testsuite tests="0" failures="0" time="0.000000" name="github.com/joltify-finance/joltify_lending/testutil" timestamp="2024-01-31T15:46:47+11:00">
		<properties>
			<property name="go.version" value="go1.21.4 darwin/amd64"></property>
		</properties>
	</testsuite>
	<testsuite tests="0" failures="0" time="0.000000" name="github.com/joltify-finance/joltify_lending/testutil/keeper" timestamp="2024-01-31T15:46:47+11:00">
		<properties>
			<property name="go.version" value="go1.21.4 darwin/amd64"></property>
		</properties>
	</testsuite>
	<testsuite tests="0" failures="0" time="0.000000" name="github.com/joltify-finance/joltify_lending/testutil/network" timestamp="2024-01-31T15:46:47+11:00">
		<properties>
			<property name="go.version" value="go1.21.4 darwin/amd64"></property>
		</properties>
	</testsuite>
	<testsuite tests="0" failures="0" time="0.000000" name="github.com/joltify-finance/joltify_lending/testutil/nullify" timestamp="2024-01-31T15:46:47+11:00">
		<properties>
			<property name="go.version" value="go1.21.4 darwin/amd64"></property>
		</properties>
	</testsuite>
	<testsuite tests="0" failures="0" time="0.000000" name="github.com/joltify-finance/joltify_lending/testutil/sample" timestamp="2024-01-31T15:46:47+11:00">
		<properties>
			<property name="go.version" value="go1.21.4 darwin/amd64"></property>
		</properties>
	</testsuite>
	<testsuite tests="0" failures="0" time="0.000000" name="github.com/joltify-finance/joltify_lending/testutil/simapp" timestamp="2024-01-31T15:46:47+11:00">
		<properties>
			<property name="go.version" value="go1.21.4 darwin/amd64"></property>
		</properties>
	</testsuite>
	<testsuite tests="0" failures="0" time="0.000000" name="github.com/joltify-finance/joltify_lending/tools" timestamp="2024-01-31T15:46:47+11:00">
		<properties>
			<property name="go.version" value="go1.21.4 darwin/amd64"></property>
		</properties>
	</testsuite>
	<testsuite tests="0" failures="0" time="0.000000" name="github.com/joltify-finance/joltify_lending/upgrade" timestamp="2024-01-31T15:46:47+11:00">
		<properties>
			<property name="go.version" value="go1.21.4 darwin/amd64"></property>
		</properties>
	</testsuite>
	<testsuite tests="0" failures="0" time="0.000000" name="github.com/joltify-finance/joltify_lending/utils" timestamp="2024-01-31T15:46:47+11:00">
		<properties>
			<property name="go.version" value="go1.21.4 darwin/amd64"></property>
		</properties>
	</testsuite>
	<testsuite tests="0" failures="0" time="0.000000" name="github.com/joltify-finance/joltify_lending/x/ibc-rate-limit" timestamp="2024-01-31T15:46:47+11:00">
		<properties>
			<property name="go.version" value="go1.21.4 darwin/amd64"></property>
		</properties>
	</testsuite>
	<testsuite tests="0" failures="0" time="0.000000" name="github.com/joltify-finance/joltify_lending/x/ibc-rate-limit/keeper" timestamp="2024-01-31T15:46:47+11:00">
		<properties>
			<property name="go.version" value="go1.21.4 darwin/amd64"></property>
		</properties>
	</testsuite>
	<testsuite tests="9" failures="0" time="6.010000" name="github.com/joltify-finance/joltify_lending/x/ibc-rate-limit/types" timestamp="2024-01-31T15:46:47+11:00">
		<properties>
			<property name="go.version" value="go1.21.4 darwin/amd64"></property>
		</properties>
		<testcase classname="github.com/joltify-finance/joltify_lending/x/ibc-rate-limit/types" name="TestValidateQuota/invalid_quota" time="0.000000"></testcase>
		<testcase classname="github.com/joltify-finance/joltify_lending/x/ibc-rate-limit/types" name="TestValidateQuota/valid_quota_2" time="0.000000"></testcase>
		<testcase classname="github.com/joltify-finance/joltify_lending/x/ibc-rate-limit/types" name="TestValidateQuota/valid_quota" time="0.000000"></testcase>
		<testcase classname="github.com/joltify-finance/joltify_lending/x/ibc-rate-limit/types" name="TestValidateQuota" time="0.000000"></testcase>
		<testcase classname="github.com/joltify-finance/joltify_lending/x/ibc-rate-limit/types" name="TestValidateParams/valid_params" time="0.000000"></testcase>
		<testcase classname="github.com/joltify-finance/joltify_lending/x/ibc-rate-limit/types" name="TestValidateParams/invalid_white_list" time="0.000000"></testcase>
		<testcase classname="github.com/joltify-finance/joltify_lending/x/ibc-rate-limit/types" name="TestValidateParams/valid_params#01" time="0.000000"></testcase>
		<testcase classname="github.com/joltify-finance/joltify_lending/x/ibc-rate-limit/types" name="TestValidateParams/empty_quota" time="0.000000"></testcase>
		<testcase classname="github.com/joltify-finance/joltify_lending/x/ibc-rate-limit/types" name="TestValidateParams" time="0.000000"></testcase>
	</testsuite>
	<testsuite tests="1" failures="0" time="6.745000" name="github.com/joltify-finance/joltify_lending/x/kyc" timestamp="2024-01-31T15:46:47+11:00">
		<properties>
			<property name="go.version" value="go1.21.4 darwin/amd64"></property>
		</properties>
		<testcase classname="github.com/joltify-finance/joltify_lending/x/kyc" name="TestGenesis" time="0.020000"></testcase>
	</testsuite>
	<testsuite tests="21" failures="0" time="162.434000" name="github.com/joltify-finance/joltify_lending/x/kyc/client/cli" timestamp="2024-01-31T15:46:47+11:00">
		<properties>
			<property name="go.version" value="go1.21.4 darwin/amd64"></property>
		</properties>
		<testcase classname="github.com/joltify-finance/joltify_lending/x/kyc/client/cli" name="TestListInvestors/valid" time="0.000000"></testcase>
		<testcase classname="github.com/joltify-finance/joltify_lending/x/kyc/client/cli" name="TestListInvestors" time="23.300000"></testcase>
		<testcase classname="github.com/joltify-finance/joltify_lending/x/kyc/client/cli" name="TestQueryByWallets/invalid,_not_found" time="0.000000"></testcase>
		<testcase classname="github.com/joltify-finance/joltify_lending/x/kyc/client/cli" name="TestQueryByWallets/invalid_as_multify_address" time="0.000000"></testcase>
		<testcase classname="github.com/joltify-finance/joltify_lending/x/kyc/client/cli" name="TestQueryByWallets/valid" time="2.000000"></testcase>
		<testcase classname="github.com/joltify-finance/joltify_lending/x/kyc/client/cli" name="TestQueryByWallets/valid#01" time="2.000000"></testcase>
		<testcase classname="github.com/joltify-finance/joltify_lending/x/kyc/client/cli" name="TestQueryByWallets/valid#02" time="2.000000"></testcase>
		<testcase classname="github.com/joltify-finance/joltify_lending/x/kyc/client/cli" name="TestQueryByWallets/valid#03" time="3.000000"></testcase>
		<testcase classname="github.com/joltify-finance/joltify_lending/x/kyc/client/cli" name="TestQueryByWallets" time="34.320000"></testcase>
		<testcase classname="github.com/joltify-finance/joltify_lending/x/kyc/client/cli" name="TestQueryInvestorWalletsInvestors/invalid,_not_found" time="0.000000"></testcase>
		<testcase classname="github.com/joltify-finance/joltify_lending/x/kyc/client/cli" name="TestQueryInvestorWalletsInvestors/valid" time="0.000000"></testcase>
		<testcase classname="github.com/joltify-finance/joltify_lending/x/kyc/client/cli" name="TestQueryInvestorWalletsInvestors/valid#01" time="0.000000"></testcase>
		<testcase classname="github.com/joltify-finance/joltify_lending/x/kyc/client/cli" name="TestQueryInvestorWalletsInvestors" time="25.060000"></testcase>
		<testcase classname="github.com/joltify-finance/joltify_lending/x/kyc/client/cli" name="TestQueryParameters/valid" time="0.000000"></testcase>
		<testcase classname="github.com/joltify-finance/joltify_lending/x/kyc/client/cli" name="TestQueryParameters" time="21.340000"></testcase>
		<testcase classname="github.com/joltify-finance/joltify_lending/x/kyc/client/cli" name="TestUploadInvestor/invalid" time="4.080000"></testcase>
		<testcase classname="github.com/joltify-finance/joltify_lending/x/kyc/client/cli" name="TestUploadInvestor/valid" time="4.070000"></testcase>
		<testcase classname="github.com/joltify-finance/joltify_lending/x/kyc/client/cli" name="TestUploadInvestor/invalid_address" time="5.060000"></testcase>
		<testcase classname="github.com/joltify-finance/joltify_lending/x/kyc/client/cli" name="TestUploadInvestor/multipu_address" time="4.059000"></testcase>
		<testcase classname="github.com/joltify-finance/joltify_lending/x/kyc/client/cli" name="TestUploadInvestor/cannot_map_multiple_wallet_addresses_to_different_investors" time="7.160000"></testcase>
		<testcase classname="github.com/joltify-finance/joltify_lending/x/kyc/client/cli" name="TestUploadInvestor" time="45.820000"></testcase>
	</testsuite>
	<testsuite tests="9" failures="0" time="20.822000" name="github.com/joltify-finance/joltify_lending/x/kyc/keeper" timestamp="2024-01-31T15:46:47+11:00">
		<properties>
			<property name="go.version" value="go1.21.4 darwin/amd64"></property>
		</properties>
		<testcase classname="github.com/joltify-finance/joltify_lending/x/kyc/keeper" name="TestParamsQuery" time="0.010000"></testcase>
		<testcase classname="github.com/joltify-finance/joltify_lending/x/kyc/keeper" name="TestSubmitInvestor" time="0.130000"></testcase>
		<testcase classname="github.com/joltify-finance/joltify_lending/x/kyc/keeper" name="TestUpdateWallets" time="0.020000"></testcase>
		<testcase classname="github.com/joltify-finance/joltify_lending/x/kyc/keeper" name="TestGetParams" time="0.000000"></testcase>
		<testcase classname="github.com/joltify-finance/joltify_lending/x/kyc/keeper" name="TestGetEach" time="0.010000"></testcase>
		<testcase classname="github.com/joltify-finance/joltify_lending/x/kyc/keeper" name="TestQueryAllInvestors" time="0.040000"></testcase>
		<testcase classname="github.com/joltify-finance/joltify_lending/x/kyc/keeper" name="TestQueryByWallet" time="0.050000"></testcase>
		<testcase classname="github.com/joltify-finance/joltify_lending/x/kyc/keeper" name="TestQueryByWalletTwoInvestorIDWithSameWallet" time="0.040000"></testcase>
		<testcase classname="github.com/joltify-finance/joltify_lending/x/kyc/keeper" name="TestQueryByInvestor" time="0.060000"></testcase>
	</testsuite>
	<testsuite tests="0" failures="0" time="0.000000" name="github.com/joltify-finance/joltify_lending/x/kyc/simulation" timestamp="2024-01-31T15:46:47+11:00">
		<properties>
			<property name="go.version" value="go1.21.4 darwin/amd64"></property>
		</properties>
	</testsuite>
	<testsuite tests="6" failures="0" time="24.551000" name="github.com/joltify-finance/joltify_lending/x/kyc/types" timestamp="2024-01-31T15:46:47+11:00">
		<properties>
			<property name="go.version" value="go1.21.4 darwin/amd64"></property>
		</properties>
		<testcase classname="github.com/joltify-finance/joltify_lending/x/kyc/types" name="TestMsgUploadInvestor_ValidateBasic/invalid_address" time="0.000000"></testcase>
		<testcase classname="github.com/joltify-finance/joltify_lending/x/kyc/types" name="TestMsgUploadInvestor_ValidateBasic/valid_address" time="0.000000"></testcase>
		<testcase classname="github.com/joltify-finance/joltify_lending/x/kyc/types" name="TestMsgUploadInvestor_ValidateBasic" time="0.000000"></testcase>
		<testcase classname="github.com/joltify-finance/joltify_lending/x/kyc/types" name="TestGenesisState_Validate/default_is_valid" time="0.000000"></testcase>
		<testcase classname="github.com/joltify-finance/joltify_lending/x/kyc/types" name="TestGenesisState_Validate/valid_genesis_state_as_submitter_is_empty" time="0.000000"></testcase>
		<testcase classname="github.com/joltify-finance/joltify_lending/x/kyc/types" name="TestGenesisState_Validate" time="0.010000"></testcase>
	</testsuite>
	<testsuite tests="1" failures="0" time="32.256000" name="github.com/joltify-finance/joltify_lending/x/mint" timestamp="2024-01-31T15:46:47+11:00">
		<properties>
			<property name="go.version" value="go1.21.4 darwin/amd64"></property>
		</properties>
		<testcase classname="github.com/joltify-finance/joltify_lending/x/mint" name="TestGenesis" time="0.150000"></testcase>
	</testsuite>
	<testsuite tests="0" failures="0" time="0.000000" name="github.com/joltify-finance/joltify_lending/x/mint/client/cli" timestamp="2024-01-31T15:46:47+11:00">
		<properties>
			<property name="go.version" value="go1.21.4 darwin/amd64"></property>
		</properties>
	</testsuite>
	<testsuite tests="2" failures="1" time="239.187000" name="github.com/joltify-finance/joltify_lending/x/mint/keeper" timestamp="2024-01-31T15:46:47+11:00">
		<properties>
			<property name="go.version" value="go1.21.4 darwin/amd64"></property>
		</properties>
		<testcase classname="github.com/joltify-finance/joltify_lending/x/mint/keeper" name="TestMintCoinsAndDistributeFor3Years" time="-0.000000">
			<failure message="Failed" type="">=== RUN   TestMintCoinsAndDistributeFor3Years&#xA;signal: interrupt&#xA;</failure>
		</testcase>
		<testcase classname="github.com/joltify-finance/joltify_lending/x/mint/keeper" name="TestMintCoinsAndDistribute" time="0.130000"></testcase>
	</testsuite>
	<testsuite tests="0" failures="0" time="0.000000" name="github.com/joltify-finance/joltify_lending/x/mint/simulation" timestamp="2024-01-31T15:46:47+11:00">
		<properties>
			<property name="go.version" value="go1.21.4 darwin/amd64"></property>
		</properties>
	</testsuite>
	<testsuite tests="3" failures="0" time="40.622000" name="github.com/joltify-finance/joltify_lending/x/mint/types" timestamp="2024-01-31T15:46:47+11:00">
		<properties>
			<property name="go.version" value="go1.21.4 darwin/amd64"></property>
		</properties>
		<testcase classname="github.com/joltify-finance/joltify_lending/x/mint/types" name="TestGenesisState_Validate/default_is_valid" time="0.000000"></testcase>
		<testcase classname="github.com/joltify-finance/joltify_lending/x/mint/types" name="TestGenesisState_Validate/valid_genesis_state" time="0.000000"></testcase>
		<testcase classname="github.com/joltify-finance/joltify_lending/x/mint/types" name="TestGenesisState_Validate" time="0.000000"></testcase>
	</testsuite>
	<testsuite tests="1" failures="1" time="43.936000" name="github.com/joltify-finance/joltify_lending/x/quota" timestamp="2024-01-31T15:46:47+11:00">
		<properties>
			<property name="go.version" value="go1.21.4 darwin/amd64"></property>
		</properties>
		<testcase classname="github.com/joltify-finance/joltify_lending/x/quota" name="TestGenesis" time="0.000000">
			<failure message="Failed" type="">=== RUN   TestGenesis&#xA;--- FAIL: TestGenesis (0.00s)&#xA;panic: value from ParamSetPair is invalid: invalid address [recovered]&#xA;&#x9;panic: value from ParamSetPair is invalid: invalid address&#xA;&#xA;goroutine 26 [running]:&#xA;testing.tRunner.func1.2({0x102228280, 0xc00126a1b0})&#xA;&#x9;/usr/local/go/src/testing/testing.go:1545 +0x238&#xA;testing.tRunner.func1()&#xA;&#x9;/usr/local/go/src/testing/testing.go:1548 +0x397&#xA;panic({0x102228280?, 0xc00126a1b0?})&#xA;&#x9;/usr/local/go/src/runtime/panic.go:914 +0x21f&#xA;github.com/cosmos/cosmos-sdk/x/params/types.Subspace.SetParamSet({{0x1039114d8, 0xc000fb9e40}, 0x105338330, {0x1038d7038, 0xc000fb9d50}, {0x1038d6fe8, 0xc000fb9d60}, {0xc000f0c540, 0xb, 0x1e}, ...}, ...)&#xA;&#x9;/Users/yb/go/pkg/mod/github.com/cosmos/cosmos-sdk@v0.47.4/x/params/types/subspace.go:263 +0x24e&#xA;github.com/joltify-finance/joltify_lending/x/quota/keeper.Keeper.SetParams(...)&#xA;&#x9;/Volumes/data/development/joltify_lending/x/quota/keeper/params.go:17&#xA;github.com/joltify-finance/joltify_lending/testutil/keeper.QuotaKeeper({_, _})&#xA;&#x9;/Volumes/data/development/joltify_lending/testutil/keeper/quota.go:48 +0x6a7&#xA;github.com/joltify-finance/joltify_lending/x/quota_test.TestGenesis(0xc00119bd40?)&#xA;&#x9;/Volumes/data/development/joltify_lending/x/quota/genesis_test.go:33 +0x4e7&#xA;testing.tRunner(0xc00119bd40, 0x1033cb218)&#xA;&#x9;/usr/local/go/src/testing/testing.go:1595 +0xff&#xA;created by testing.(*T).Run in goroutine 1&#xA;&#x9;/usr/local/go/src/testing/testing.go:1648 +0x3ad&#xA;</failure>
		</testcase>
	</testsuite>
	<testsuite tests="0" failures="0" time="0.000000" name="github.com/joltify-finance/joltify_lending/x/quota/client/cli" timestamp="2024-01-31T15:46:47+11:00">
		<properties>
			<property name="go.version" value="go1.21.4 darwin/amd64"></property>
		</properties>
	</testsuite>
	<testsuite tests="1" failures="1" time="37.738000" name="github.com/joltify-finance/joltify_lending/x/quota/keeper" timestamp="2024-01-31T15:46:47+11:00">
		<properties>
			<property name="go.version" value="go1.21.4 darwin/amd64"></property>
		</properties>
		<testcase classname="github.com/joltify-finance/joltify_lending/x/quota/keeper" name="TestMsgServer" time="0.000000">
			<failure message="Failed" type="">=== RUN   TestMsgServer&#xA;--- FAIL: TestMsgServer (0.00s)&#xA;panic: value from ParamSetPair is invalid: invalid address [recovered]&#xA;&#x9;panic: value from ParamSetPair is invalid: invalid address&#xA;&#xA;goroutine 76 [running]:&#xA;testing.tRunner.func1.2({0x1022416e0, 0xc001280b70})&#xA;&#x9;/usr/local/go/src/testing/testing.go:1545 +0x238&#xA;testing.tRunner.func1()&#xA;&#x9;/usr/local/go/src/testing/testing.go:1548 +0x397&#xA;panic({0x1022416e0?, 0xc001280b70?})&#xA;&#x9;/usr/local/go/src/runtime/panic.go:914 +0x21f&#xA;github.com/cosmos/cosmos-sdk/x/params/types.Subspace.SetParamSet({{0x103930918, 0xc001280800}, 0x105360458, {0x1038f6348, 0xc001280710}, {0x1038f6370, 0xc001280720}, {0xc0011f1c20, 0xb, 0x1e}, ...}, ...)&#xA;&#x9;/Users/yb/go/pkg/mod/github.com/cosmos/cosmos-sdk@v0.47.4/x/params/types/subspace.go:263 +0x24e&#xA;github.com/joltify-finance/joltify_lending/x/quota/keeper.Keeper.SetParams(...)&#xA;&#x9;/Volumes/data/development/joltify_lending/x/quota/keeper/params.go:17&#xA;github.com/joltify-finance/joltify_lending/testutil/keeper.QuotaKeeper({_, _})&#xA;&#x9;/Volumes/data/development/joltify_lending/testutil/keeper/quota.go:48 +0x6c7&#xA;github.com/joltify-finance/joltify_lending/x/quota/keeper_test.setupMsgServer({0x103945a38?, 0xc0011e5520?})&#xA;&#x9;/Volumes/data/development/joltify_lending/x/quota/keeper/msg_server_test.go:15 +0x58&#xA;github.com/joltify-finance/joltify_lending/x/quota/keeper_test.TestMsgServer(0x0?)&#xA;&#x9;/Volumes/data/development/joltify_lending/x/quota/keeper/msg_server_test.go:20 +0x26&#xA;testing.tRunner(0xc0011e5520, 0x1033e5b38)&#xA;&#x9;/usr/local/go/src/testing/testing.go:1595 +0xff&#xA;created by testing.(*T).Run in goroutine 1&#xA;&#x9;/usr/local/go/src/testing/testing.go:1648 +0x3ad&#xA;</failure>
		</testcase>
	</testsuite>
	<testsuite tests="6" failures="4" time="41.791000" name="github.com/joltify-finance/joltify_lending/x/quota/types" timestamp="2024-01-31T15:46:47+11:00">
		<properties>
			<property name="go.version" value="go1.21.4 darwin/amd64"></property>
		</properties>
		<testcase classname="github.com/joltify-finance/joltify_lending/x/quota/types" name="TestGenesisState_Validate/default_is_valid" time="0.000000">
			<failure message="Failed" type="">=== RUN   TestGenesisState_Validate/default_is_valid&#xA;    genesis_test.go:87: &#xA;        &#x9;Error Trace:&#x9;/Volumes/data/development/joltify_lending/x/quota/types/genesis_test.go:87&#xA;        &#x9;Error:      &#x9;Received unexpected error:&#xA;        &#x9;            &#x9;invalid address&#xA;        &#x9;Test:       &#x9;TestGenesisState_Validate/default_is_valid&#xA;--- FAIL: TestGenesisState_Validate/default_is_valid (0.00s)&#xA;</failure>
		</testcase>
		<testcase classname="github.com/joltify-finance/joltify_lending/x/quota/types" name="TestGenesisState_Validate/valid_genesis_state" time="0.000000">
			<failure message="Failed" type="">=== RUN   TestGenesisState_Validate/valid_genesis_state&#xA;    genesis_test.go:87: &#xA;        &#x9;Error Trace:&#x9;/Volumes/data/development/joltify_lending/x/quota/types/genesis_test.go:87&#xA;        &#x9;Error:      &#x9;Received unexpected error:&#xA;        &#x9;            &#x9;invalid address&#xA;        &#x9;Test:       &#x9;TestGenesisState_Validate/valid_genesis_state&#xA;--- FAIL: TestGenesisState_Validate/valid_genesis_state (0.00s)&#xA;</failure>
		</testcase>
		<testcase classname="github.com/joltify-finance/joltify_lending/x/quota/types" name="TestGenesisState_Validate/valid_genesis_state_with_no_quota" time="0.000000">
			<failure message="Failed" type="">=== RUN   TestGenesisState_Validate/valid_genesis_state_with_no_quota&#xA;    genesis_test.go:87: &#xA;        &#x9;Error Trace:&#x9;/Volumes/data/development/joltify_lending/x/quota/types/genesis_test.go:87&#xA;        &#x9;Error:      &#x9;Received unexpected error:&#xA;        &#x9;            &#x9;invalid address&#xA;        &#x9;Test:       &#x9;TestGenesisState_Validate/valid_genesis_state_with_no_quota&#xA;--- FAIL: TestGenesisState_Validate/valid_genesis_state_with_no_quota (0.00s)&#xA;</failure>
		</testcase>
		<testcase classname="github.com/joltify-finance/joltify_lending/x/quota/types" name="TestGenesisState_Validate" time="0.000000">
			<failure message="Failed" type="">=== RUN   TestGenesisState_Validate&#xA;--- FAIL: TestGenesisState_Validate (0.00s)&#xA;</failure>
		</testcase>
		<testcase classname="github.com/joltify-finance/joltify_lending/x/quota/types" name="TestGenesisState_Validate/invalid_genesis_state_with_no_module_name" time="0.000000"></testcase>
		<testcase classname="github.com/joltify-finance/joltify_lending/x/quota/types" name="TestGenesisState_Validate/invalid_genesis_state_with_no_coins" time="0.000000"></testcase>
	</testsuite>
	<testsuite tests="1" failures="0" time="50.031000" name="github.com/joltify-finance/joltify_lending/x/spv" timestamp="2024-01-31T15:46:47+11:00">
		<properties>
			<property name="go.version" value="go1.21.4 darwin/amd64"></property>
		</properties>
		<testcase classname="github.com/joltify-finance/joltify_lending/x/spv" name="TestGenesis" time="0.000000"></testcase>
	</testsuite>
	<testsuite tests="0" failures="0" time="0.000000" name="github.com/joltify-finance/joltify_lending/x/spv/client/cli" timestamp="2024-01-31T15:46:47+11:00">
		<properties>
			<property name="go.version" value="go1.21.4 darwin/amd64"></property>
		</properties>
	</testsuite>
	<testsuite tests="99" failures="0" time="189.733000" name="github.com/joltify-finance/joltify_lending/x/spv/keeper" timestamp="2024-01-31T15:46:47+11:00">
		<properties>
			<property name="go.version" value="go1.21.4 darwin/amd64"></property>
		</properties>
		<testcase classname="github.com/joltify-finance/joltify_lending/x/spv/keeper" name="TestInterestTestSuite/TestAPYToSPY/lowest_apy" time="0.000000"></testcase>
		<testcase classname="github.com/joltify-finance/joltify_lending/x/spv/keeper" name="TestInterestTestSuite/TestAPYToSPY/lowest_apy#01" time="0.010000"></testcase>
		<testcase classname="github.com/joltify-finance/joltify_lending/x/spv/keeper" name="TestInterestTestSuite/TestAPYToSPY/lower_apy" time="0.000000"></testcase>
		<testcase classname="github.com/joltify-finance/joltify_lending/x/spv/keeper" name="TestInterestTestSuite/TestAPYToSPY/medium-low_apy" time="0.000000"></testcase>
		<testcase classname="github.com/joltify-finance/joltify_lending/x/spv/keeper" name="TestInterestTestSuite/TestAPYToSPY/medium-high_apy" time="0.000000"></testcase>
		<testcase classname="github.com/joltify-finance/joltify_lending/x/spv/keeper" name="TestInterestTestSuite/TestAPYToSPY/high_apy" time="0.000000"></testcase>
		<testcase classname="github.com/joltify-finance/joltify_lending/x/spv/keeper" name="TestInterestTestSuite/TestAPYToSPY/highest_apy" time="0.000000"></testcase>
		<testcase classname="github.com/joltify-finance/joltify_lending/x/spv/keeper" name="TestInterestTestSuite/TestAPYToSPY/out_of_bounds_error_after_178" time="0.000000"></testcase>
		<testcase classname="github.com/joltify-finance/joltify_lending/x/spv/keeper" name="TestInterestTestSuite/TestAPYToSPY" time="0.010000"></testcase>
		<testcase classname="github.com/joltify-finance/joltify_lending/x/spv/keeper" name="TestInterestTestSuite/TestCalculateInterestAmount" time="0.000000"></testcase>
		<testcase classname="github.com/joltify-finance/joltify_lending/x/spv/keeper" name="TestInterestTestSuite/TestCalculateInterestFactor" time="0.000000"></testcase>
		<testcase classname="github.com/joltify-finance/joltify_lending/x/spv/keeper" name="TestInterestTestSuite" time="0.010000"></testcase>
		<testcase classname="github.com/joltify-finance/joltify_lending/x/spv/keeper" name="TestParamsQuery" time="0.000000"></testcase>
		<testcase classname="github.com/joltify-finance/joltify_lending/x/spv/keeper" name="TestQuerySuitTestSuite/TestAllQuery" time="0.000000"></testcase>
		<testcase classname="github.com/joltify-finance/joltify_lending/x/spv/keeper" name="TestQuerySuitTestSuite" time="0.000000"></testcase>
		<testcase classname="github.com/joltify-finance/joltify_lending/x/spv/keeper" name="TestMockWholeProcess/TestMockSystemOneYearSimple" time="38.110000"></testcase>
		<testcase classname="github.com/joltify-finance/joltify_lending/x/spv/keeper" name="TestMockWholeProcess/TestMockSystemOneYearWithWithdrawal" time="47.410000"></testcase>
		<testcase classname="github.com/joltify-finance/joltify_lending/x/spv/keeper" name="TestMockWholeProcess/TestMockSystemOneYearWithWithdrawalTransferNFTPartially" time="10.360000"></testcase>
		<testcase classname="github.com/joltify-finance/joltify_lending/x/spv/keeper" name="TestMockWholeProcess" time="95.880000"></testcase>
		<testcase classname="github.com/joltify-finance/joltify_lending/x/spv/keeper" name="TestActivatePool" time="0.000000"></testcase>
		<testcase classname="github.com/joltify-finance/joltify_lending/x/spv/keeper" name="TestAddInvestorTestSuite/TestAddDuplicateInvestors" time="0.000000"></testcase>
		<testcase classname="github.com/joltify-finance/joltify_lending/x/spv/keeper" name="TestAddInvestorTestSuite/TestAddInvestor/invalid_address" time="0.000000"></testcase>
		<testcase classname="github.com/joltify-finance/joltify_lending/x/spv/keeper" name="TestAddInvestorTestSuite/TestAddInvestor/pool_cannot_be_found" time="0.000000"></testcase>
		<testcase classname="github.com/joltify-finance/joltify_lending/x/spv/keeper" name="TestAddInvestorTestSuite/TestAddInvestor/not_the_pool_owner" time="0.000000"></testcase>
		<testcase classname="github.com/joltify-finance/joltify_lending/x/spv/keeper" name="TestAddInvestorTestSuite/TestAddInvestor/add_valid_address" time="0.000000"></testcase>
		<testcase classname="github.com/joltify-finance/joltify_lending/x/spv/keeper" name="TestAddInvestorTestSuite/TestAddInvestor" time="0.000000"></testcase>
		<testcase classname="github.com/joltify-finance/joltify_lending/x/spv/keeper" name="TestAddInvestorTestSuite" time="0.000000"></testcase>
		<testcase classname="github.com/joltify-finance/joltify_lending/x/spv/keeper" name="TestBorrowTestSuite/TestAddBorrow/invalid_address" time="0.000000"></testcase>
		<testcase classname="github.com/joltify-finance/joltify_lending/x/spv/keeper" name="TestBorrowTestSuite/TestAddBorrow/pool_cannot_be_found" time="0.000000"></testcase>
		<testcase classname="github.com/joltify-finance/joltify_lending/x/spv/keeper" name="TestBorrowTestSuite/TestAddBorrow/is_not_authorised_to_borrow" time="0.000000"></testcase>
		<testcase classname="github.com/joltify-finance/joltify_lending/x/spv/keeper" name="TestBorrowTestSuite/TestAddBorrow/inconsistency_toekn_denom" time="0.000000"></testcase>
		<testcase classname="github.com/joltify-finance/joltify_lending/x/spv/keeper" name="TestBorrowTestSuite/TestAddBorrow/reach_borrow_limit" time="0.000000"></testcase>
		<testcase classname="github.com/joltify-finance/joltify_lending/x/spv/keeper" name="TestBorrowTestSuite/TestAddBorrow/not_enough_to_borrow" time="0.000000"></testcase>
		<testcase classname="github.com/joltify-finance/joltify_lending/x/spv/keeper" name="TestBorrowTestSuite/TestAddBorrow/not_reach_the_minimum_borrow_amount" time="0.000000"></testcase>
		<testcase classname="github.com/joltify-finance/joltify_lending/x/spv/keeper" name="TestBorrowTestSuite/TestAddBorrow/expire_borrow_time" time="0.000000"></testcase>
		<testcase classname="github.com/joltify-finance/joltify_lending/x/spv/keeper" name="TestBorrowTestSuite/TestAddBorrow/not_enough_to_borrow#01" time="0.000000"></testcase>
		<testcase classname="github.com/joltify-finance/joltify_lending/x/spv/keeper" name="TestBorrowTestSuite/TestAddBorrow" time="0.000000"></testcase>
		<testcase classname="github.com/joltify-finance/joltify_lending/x/spv/keeper" name="TestBorrowTestSuite/TestBorrowValueCheck" time="0.000000"></testcase>
		<testcase classname="github.com/joltify-finance/joltify_lending/x/spv/keeper" name="TestBorrowTestSuite/TestMultipleBorrowWithInterestPaid" time="0.000000"></testcase>
		<testcase classname="github.com/joltify-finance/joltify_lending/x/spv/keeper" name="TestBorrowTestSuite/TestMultipleBorrowWithInterestPaidUpdatePrePaid" time="0.000000"></testcase>
		<testcase classname="github.com/joltify-finance/joltify_lending/x/spv/keeper" name="TestBorrowTestSuite" time="0.020000"></testcase>
		<testcase classname="github.com/joltify-finance/joltify_lending/x/spv/keeper" name="TestClaimInterestTestSuite/TestClaimInterest" time="0.000000"></testcase>
		<testcase classname="github.com/joltify-finance/joltify_lending/x/spv/keeper" name="TestClaimInterestTestSuite/TestClaimInterestMultipleBorrow" time="0.020000"></testcase>
		<testcase classname="github.com/joltify-finance/joltify_lending/x/spv/keeper" name="TestClaimInterestTestSuite/TestClaimInterestMultipleMonth" time="0.010000"></testcase>
		<testcase classname="github.com/joltify-finance/joltify_lending/x/spv/keeper" name="TestClaimInterestTestSuite/TestClaimInterestNoAuthorized" time="0.000000"></testcase>
		<testcase classname="github.com/joltify-finance/joltify_lending/x/spv/keeper" name="TestClaimInterestTestSuite/TestQueryOutStandingInterest" time="2.029000"></testcase>
		<testcase classname="github.com/joltify-finance/joltify_lending/x/spv/keeper" name="TestClaimInterestTestSuite" time="2.070000"></testcase>
		<testcase classname="github.com/joltify-finance/joltify_lending/x/spv/keeper" name="TestMsgSERvCreatePool" time="0.000000"></testcase>
		<testcase classname="github.com/joltify-finance/joltify_lending/x/spv/keeper" name="TestMsgSERvCreatePoolApyCheck" time="0.000000"></testcase>
		<testcase classname="github.com/joltify-finance/joltify_lending/x/spv/keeper" name="TestDepositTestSuite/TestDeposit/invalid_address" time="0.000000"></testcase>
		<testcase classname="github.com/joltify-finance/joltify_lending/x/spv/keeper" name="TestDepositTestSuite/TestDeposit/pool_cannot_be_found" time="0.000000"></testcase>
		<testcase classname="github.com/joltify-finance/joltify_lending/x/spv/keeper" name="TestDepositTestSuite/TestDeposit/not_on_white_list" time="0.000000"></testcase>
		<testcase classname="github.com/joltify-finance/joltify_lending/x/spv/keeper" name="TestDepositTestSuite/TestDeposit/can_deposit_as_expected" time="0.000000"></testcase>
		<testcase classname="github.com/joltify-finance/joltify_lending/x/spv/keeper" name="TestDepositTestSuite/TestDeposit/can_deposit_as_expected_with_the_second_investor" time="0.000000"></testcase>
		<testcase classname="github.com/joltify-finance/joltify_lending/x/spv/keeper" name="TestDepositTestSuite/TestDeposit/incorrect_denom" time="0.000000"></testcase>
		<testcase classname="github.com/joltify-finance/joltify_lending/x/spv/keeper" name="TestDepositTestSuite/TestDeposit/can_deposit_the_second_time" time="0.000000"></testcase>
		<testcase classname="github.com/joltify-finance/joltify_lending/x/spv/keeper" name="TestDepositTestSuite/TestDeposit/can_deposit_in_both_pools" time="0.000000"></testcase>
		<testcase classname="github.com/joltify-finance/joltify_lending/x/spv/keeper" name="TestDepositTestSuite/TestDeposit" time="0.000000"></testcase>
		<testcase classname="github.com/joltify-finance/joltify_lending/x/spv/keeper" name="TestDepositTestSuite/TestDepositWithAmountCorrect" time="0.000000"></testcase>
		<testcase classname="github.com/joltify-finance/joltify_lending/x/spv/keeper" name="TestDepositTestSuite" time="0.010000"></testcase>
		<testcase classname="github.com/joltify-finance/joltify_lending/x/spv/keeper" name="TestLiquidateSuite/TestLiquidate/invalid_address" time="0.000000"></testcase>
		<testcase classname="github.com/joltify-finance/joltify_lending/x/spv/keeper" name="TestLiquidateSuite/TestLiquidate/amount_cannot_be_zero" time="0.000000"></testcase>
		<testcase classname="github.com/joltify-finance/joltify_lending/x/spv/keeper" name="TestLiquidateSuite/TestLiquidate/pool_cannot_be_found" time="0.000000"></testcase>
		<testcase classname="github.com/joltify-finance/joltify_lending/x/spv/keeper" name="TestLiquidateSuite/TestLiquidate/inconsistent_demon" time="0.000000"></testcase>
		<testcase classname="github.com/joltify-finance/joltify_lending/x/spv/keeper" name="TestLiquidateSuite/TestLiquidate/success" time="0.000000"></testcase>
		<testcase classname="github.com/joltify-finance/joltify_lending/x/spv/keeper" name="TestLiquidateSuite/TestLiquidate/pool_is_not_in_liquidation" time="0.000000"></testcase>
		<testcase classname="github.com/joltify-finance/joltify_lending/x/spv/keeper" name="TestLiquidateSuite/TestLiquidate" time="0.000000"></testcase>
		<testcase classname="github.com/joltify-finance/joltify_lending/x/spv/keeper" name="TestLiquidateSuite/TestLiquidateWithPaymentCheckSignleBorrow" time="0.000000"></testcase>
		<testcase classname="github.com/joltify-finance/joltify_lending/x/spv/keeper" name="TestLiquidateSuite/TestLiquidateWithPaymentCheckTwoBorrow" time="0.010000"></testcase>
		<testcase classname="github.com/joltify-finance/joltify_lending/x/spv/keeper" name="TestLiquidateSuite" time="0.010000"></testcase>
		<testcase classname="github.com/joltify-finance/joltify_lending/x/spv/keeper" name="TestPayPrincipalInterest/TestWithExpectedErrors" time="0.000000"></testcase>
		<testcase classname="github.com/joltify-finance/joltify_lending/x/spv/keeper" name="TestPayPrincipalInterest" time="0.000000"></testcase>
		<testcase classname="github.com/joltify-finance/joltify_lending/x/spv/keeper" name="TestMsgRepayInterest" time="0.000000"></testcase>
		<testcase classname="github.com/joltify-finance/joltify_lending/x/spv/keeper" name="TestGetAllInterestWithInterestPaid" time="0.000000"></testcase>
		<testcase classname="github.com/joltify-finance/joltify_lending/x/spv/keeper" name="TestWithdrawProposalSuite/TestWithdrawProposal/invalid_address" time="0.000000"></testcase>
		<testcase classname="github.com/joltify-finance/joltify_lending/x/spv/keeper" name="TestWithdrawProposalSuite/TestWithdrawProposal/pool_cannot_be_found" time="0.000000"></testcase>
		<testcase classname="github.com/joltify-finance/joltify_lending/x/spv/keeper" name="TestWithdrawProposalSuite/TestWithdrawProposal/pool_cannot_be_found#01" time="0.000000"></testcase>
		<testcase classname="github.com/joltify-finance/joltify_lending/x/spv/keeper" name="TestWithdrawProposalSuite/TestWithdrawProposal" time="0.000000"></testcase>
		<testcase classname="github.com/joltify-finance/joltify_lending/x/spv/keeper" name="TestWithdrawProposalSuite/TestWithdrawProposalTooEarlyOrLate" time="0.000000"></testcase>
		<testcase classname="github.com/joltify-finance/joltify_lending/x/spv/keeper" name="TestWithdrawProposalSuite" time="0.000000"></testcase>
		<testcase classname="github.com/joltify-finance/joltify_lending/x/spv/keeper" name="TestMsgSERvUpdatePool" time="0.000000"></testcase>
		<testcase classname="github.com/joltify-finance/joltify_lending/x/spv/keeper" name="TestMsgSERvUpdatePoolWithError" time="0.000000"></testcase>
		<testcase classname="github.com/joltify-finance/joltify_lending/x/spv/keeper" name="TestWithdrawPrincipalInterest/TestMsgWithdrawPrincipalTest" time="0.000000"></testcase>
		<testcase classname="github.com/joltify-finance/joltify_lending/x/spv/keeper" name="TestWithdrawPrincipalInterest/TestTransferOwnershipOneInvestor" time="0.000000"></testcase>
		<testcase classname="github.com/joltify-finance/joltify_lending/x/spv/keeper" name="TestWithdrawPrincipalInterest/TestTransferOwnershipSharedByMultipleEnoughMoney" time="0.000000"></testcase>
		<testcase classname="github.com/joltify-finance/joltify_lending/x/spv/keeper" name="TestWithdrawPrincipalInterest/TestTransferOwnershipSharedByMultipleNotEnoughMoneyAllHaveNFT" time="0.000000"></testcase>
		<testcase classname="github.com/joltify-finance/joltify_lending/x/spv/keeper" name="TestWithdrawPrincipalInterest/TestTransferOwnershipSharedByTwoInvestors" time="0.000000"></testcase>
		<testcase classname="github.com/joltify-finance/joltify_lending/x/spv/keeper" name="TestWithdrawPrincipalInterest/TestTransferOwnershipSharedMultipleBorrowByMultipleEnoughMoneyAllHaveNFT" time="0.010000"></testcase>
		<testcase classname="github.com/joltify-finance/joltify_lending/x/spv/keeper" name="TestWithdrawPrincipalInterest/TestTransferOwnershipSharedMultipleBorrowByMultipleNotEnoughMoneyAllHaveNFT" time="0.010000"></testcase>
		<testcase classname="github.com/joltify-finance/joltify_lending/x/spv/keeper" name="TestWithdrawPrincipalInterest/TestTransferOwnershipTwoInvestor" time="0.000000"></testcase>
		<testcase classname="github.com/joltify-finance/joltify_lending/x/spv/keeper" name="TestWithdrawPrincipalInterest/TestTransferOwnershipTwoInvestorBoth" time="0.000000"></testcase>
		<testcase classname="github.com/joltify-finance/joltify_lending/x/spv/keeper" name="TestWithdrawPrincipalInterest/TestWithdrawPrincipalWithClosePool" time="0.000000"></testcase>
		<testcase classname="github.com/joltify-finance/joltify_lending/x/spv/keeper" name="TestWithdrawPrincipalInterest/TestWithdrawPrincipalWithLiquidation" time="0.010000"></testcase>
		<testcase classname="github.com/joltify-finance/joltify_lending/x/spv/keeper" name="TestWithdrawPrincipalInterest/TestWithdrawPrincipalWithLiquidationMultipleBorrow" time="0.000000"></testcase>
		<testcase classname="github.com/joltify-finance/joltify_lending/x/spv/keeper" name="TestWithdrawPrincipalInterest/TestWithdrawWithSPVBorrowAndRepay" time="0.000000"></testcase>
		<testcase classname="github.com/joltify-finance/joltify_lending/x/spv/keeper" name="TestWithdrawPrincipalInterest" time="0.050000"></testcase>
		<testcase classname="github.com/joltify-finance/joltify_lending/x/spv/keeper" name="TestGetParams" time="0.000000"></testcase>
		<testcase classname="github.com/joltify-finance/joltify_lending/x/spv/keeper" name="TestMockBurn/TestBurn" time="43.940000"></testcase>
		<testcase classname="github.com/joltify-finance/joltify_lending/x/spv/keeper" name="TestMockBurn" time="43.940000"></testcase>
	</testsuite>
	<testsuite tests="0" failures="0" time="0.000000" name="github.com/joltify-finance/joltify_lending/x/spv/simulation" timestamp="2024-01-31T15:46:47+11:00">
		<properties>
			<property name="go.version" value="go1.21.4 darwin/amd64"></property>
		</properties>
	</testsuite>
	<testsuite tests="42" failures="0" time="47.793000" name="github.com/joltify-finance/joltify_lending/x/spv/types" timestamp="2024-01-31T15:46:47+11:00">
		<properties>
			<property name="go.version" value="go1.21.4 darwin/amd64"></property>
		</properties>
		<testcase classname="github.com/joltify-finance/joltify_lending/x/spv/types" name="TestMsgActivePool_ValidateBasic/invalid_address" time="0.000000"></testcase>
		<testcase classname="github.com/joltify-finance/joltify_lending/x/spv/types" name="TestMsgActivePool_ValidateBasic/valid_address" time="0.000000"></testcase>
		<testcase classname="github.com/joltify-finance/joltify_lending/x/spv/types" name="TestMsgActivePool_ValidateBasic" time="0.000000"></testcase>
		<testcase classname="github.com/joltify-finance/joltify_lending/x/spv/types" name="TestMsgAddInvestors_ValidateBasic/invalid_address" time="0.000000"></testcase>
		<testcase classname="github.com/joltify-finance/joltify_lending/x/spv/types" name="TestMsgAddInvestors_ValidateBasic/valid_address" time="0.000000"></testcase>
		<testcase classname="github.com/joltify-finance/joltify_lending/x/spv/types" name="TestMsgAddInvestors_ValidateBasic" time="0.000000"></testcase>
		<testcase classname="github.com/joltify-finance/joltify_lending/x/spv/types" name="TestMsgBorrow_ValidateBasic/invalid_address" time="0.000000"></testcase>
		<testcase classname="github.com/joltify-finance/joltify_lending/x/spv/types" name="TestMsgBorrow_ValidateBasic/valid_address" time="0.000000"></testcase>
		<testcase classname="github.com/joltify-finance/joltify_lending/x/spv/types" name="TestMsgBorrow_ValidateBasic" time="0.000000"></testcase>
		<testcase classname="github.com/joltify-finance/joltify_lending/x/spv/types" name="TestMsgClaimInterest_ValidateBasic/invalid_address" time="0.000000"></testcase>
		<testcase classname="github.com/joltify-finance/joltify_lending/x/spv/types" name="TestMsgClaimInterest_ValidateBasic/valid_address" time="0.000000"></testcase>
		<testcase classname="github.com/joltify-finance/joltify_lending/x/spv/types" name="TestMsgClaimInterest_ValidateBasic" time="0.000000"></testcase>
		<testcase classname="github.com/joltify-finance/joltify_lending/x/spv/types" name="TestMsgCreatePool_ValidateBasic/invalid_address" time="0.000000"></testcase>
		<testcase classname="github.com/joltify-finance/joltify_lending/x/spv/types" name="TestMsgCreatePool_ValidateBasic/valid_address" time="0.000000"></testcase>
		<testcase classname="github.com/joltify-finance/joltify_lending/x/spv/types" name="TestMsgCreatePool_ValidateBasic" time="0.000000"></testcase>
		<testcase classname="github.com/joltify-finance/joltify_lending/x/spv/types" name="TestMsgDeposit_ValidateBasic/invalid_address" time="0.000000"></testcase>
		<testcase classname="github.com/joltify-finance/joltify_lending/x/spv/types" name="TestMsgDeposit_ValidateBasic/valid_address" time="0.000000"></testcase>
		<testcase classname="github.com/joltify-finance/joltify_lending/x/spv/types" name="TestMsgDeposit_ValidateBasic" time="0.000000"></testcase>
		<testcase classname="github.com/joltify-finance/joltify_lending/x/spv/types" name="TestMsgLiquidate_ValidateBasic/invalid_address" time="0.000000"></testcase>
		<testcase classname="github.com/joltify-finance/joltify_lending/x/spv/types" name="TestMsgLiquidate_ValidateBasic/valid_address" time="0.000000"></testcase>
		<testcase classname="github.com/joltify-finance/joltify_lending/x/spv/types" name="TestMsgLiquidate_ValidateBasic" time="0.000000"></testcase>
		<testcase classname="github.com/joltify-finance/joltify_lending/x/spv/types" name="TestMsgPayPrincipal_ValidateBasic/invalid_address" time="0.000000"></testcase>
		<testcase classname="github.com/joltify-finance/joltify_lending/x/spv/types" name="TestMsgPayPrincipal_ValidateBasic/valid_address" time="0.000000"></testcase>
		<testcase classname="github.com/joltify-finance/joltify_lending/x/spv/types" name="TestMsgPayPrincipal_ValidateBasic" time="0.000000"></testcase>
		<testcase classname="github.com/joltify-finance/joltify_lending/x/spv/types" name="TestMsgRepayInterest_ValidateBasic/invalid_address" time="0.000000"></testcase>
		<testcase classname="github.com/joltify-finance/joltify_lending/x/spv/types" name="TestMsgRepayInterest_ValidateBasic/valid_address" time="0.000000"></testcase>
		<testcase classname="github.com/joltify-finance/joltify_lending/x/spv/types" name="TestMsgRepayInterest_ValidateBasic" time="0.000000"></testcase>
		<testcase classname="github.com/joltify-finance/joltify_lending/x/spv/types" name="TestMsgSubmitWitdrawProposal_ValidateBasic/invalid_address" time="0.000000"></testcase>
		<testcase classname="github.com/joltify-finance/joltify_lending/x/spv/types" name="TestMsgSubmitWitdrawProposal_ValidateBasic/valid_address" time="0.000000"></testcase>
		<testcase classname="github.com/joltify-finance/joltify_lending/x/spv/types" name="TestMsgSubmitWitdrawProposal_ValidateBasic" time="0.000000"></testcase>
		<testcase classname="github.com/joltify-finance/joltify_lending/x/spv/types" name="TestMsgTransferOwnership_ValidateBasic/invalid_address" time="0.000000"></testcase>
		<testcase classname="github.com/joltify-finance/joltify_lending/x/spv/types" name="TestMsgTransferOwnership_ValidateBasic/valid_address" time="0.000000"></testcase>
		<testcase classname="github.com/joltify-finance/joltify_lending/x/spv/types" name="TestMsgTransferOwnership_ValidateBasic" time="0.000000"></testcase>
		<testcase classname="github.com/joltify-finance/joltify_lending/x/spv/types" name="TestMsgUpdatePool_ValidateBasic/invalid_address" time="0.000000"></testcase>
		<testcase classname="github.com/joltify-finance/joltify_lending/x/spv/types" name="TestMsgUpdatePool_ValidateBasic/valid_address" time="0.000000"></testcase>
		<testcase classname="github.com/joltify-finance/joltify_lending/x/spv/types" name="TestMsgUpdatePool_ValidateBasic" time="0.000000"></testcase>
		<testcase classname="github.com/joltify-finance/joltify_lending/x/spv/types" name="TestMsgWithdrawPrincipal_ValidateBasic/invalid_address" time="0.000000"></testcase>
		<testcase classname="github.com/joltify-finance/joltify_lending/x/spv/types" name="TestMsgWithdrawPrincipal_ValidateBasic/valid_address" time="0.000000"></testcase>
		<testcase classname="github.com/joltify-finance/joltify_lending/x/spv/types" name="TestMsgWithdrawPrincipal_ValidateBasic" time="0.000000"></testcase>
		<testcase classname="github.com/joltify-finance/joltify_lending/x/spv/types" name="TestGenesisState_Validate/default_is_valid" time="0.000000"></testcase>
		<testcase classname="github.com/joltify-finance/joltify_lending/x/spv/types" name="TestGenesisState_Validate/valid_genesis_state" time="0.000000"></testcase>
		<testcase classname="github.com/joltify-finance/joltify_lending/x/spv/types" name="TestGenesisState_Validate" time="0.000000"></testcase>
	</testsuite>
	<testsuite tests="9" failures="0" time="51.342000" name="github.com/joltify-finance/joltify_lending/x/third_party/auction" timestamp="2024-01-31T15:46:47+11:00">
		<properties>
			<property name="go.version" value="go1.21.4 darwin/amd64"></property>
		</properties>
		<testcase classname="github.com/joltify-finance/joltify_lending/x/third_party/auction" name="TestABCITestSuite/TestKeeper_BeginBlocker" time="0.200000"></testcase>
		<testcase classname="github.com/joltify-finance/joltify_lending/x/third_party/auction" name="TestABCITestSuite" time="0.210000"></testcase>
		<testcase classname="github.com/joltify-finance/joltify_lending/x/third_party/auction" name="TestInitGenesis/valid" time="0.140000"></testcase>
		<testcase classname="github.com/joltify-finance/joltify_lending/x/third_party/auction" name="TestInitGenesis/invalid_(invalid_nextAuctionID)" time="0.110000"></testcase>
		<testcase classname="github.com/joltify-finance/joltify_lending/x/third_party/auction" name="TestInitGenesis/invalid_(missing_mod_account_coins)" time="0.110000"></testcase>
		<testcase classname="github.com/joltify-finance/joltify_lending/x/third_party/auction" name="TestInitGenesis" time="0.360000"></testcase>
		<testcase classname="github.com/joltify-finance/joltify_lending/x/third_party/auction" name="TestExportGenesis/default" time="0.120000"></testcase>
		<testcase classname="github.com/joltify-finance/joltify_lending/x/third_party/auction" name="TestExportGenesis/one_auction" time="0.130000"></testcase>
		<testcase classname="github.com/joltify-finance/joltify_lending/x/third_party/auction" name="TestExportGenesis" time="0.250000"></testcase>
	</testsuite>
	<testsuite tests="0" failures="0" time="0.000000" name="github.com/joltify-finance/joltify_lending/x/third_party/auction/client/cli" timestamp="2024-01-31T15:46:47+11:00">
		<properties>
			<property name="go.version" value="go1.21.4 darwin/amd64"></property>
		</properties>
	</testsuite>
	<testsuite tests="68" failures="0" time="57.584000" name="github.com/joltify-finance/joltify_lending/x/third_party/auction/keeper" timestamp="2024-01-31T15:46:47+11:00">
		<properties>
			<property name="go.version" value="go1.21.4 darwin/amd64"></property>
		</properties>
		<testcase classname="github.com/joltify-finance/joltify_lending/x/third_party/auction/keeper" name="TestSplitIntIntoWeightedBuckets/0split0" time="0.000000"></testcase>
		<testcase classname="github.com/joltify-finance/joltify_lending/x/third_party/auction/keeper" name="TestSplitIntIntoWeightedBuckets/5splitnil" time="0.000000"></testcase>
		<testcase classname="github.com/joltify-finance/joltify_lending/x/third_party/auction/keeper" name="TestSplitIntIntoWeightedBuckets/-2split1,1" time="0.000000"></testcase>
		<testcase classname="github.com/joltify-finance/joltify_lending/x/third_party/auction/keeper" name="TestSplitIntIntoWeightedBuckets/2split1,-1" time="0.000000"></testcase>
		<testcase classname="github.com/joltify-finance/joltify_lending/x/third_party/auction/keeper" name="TestSplitIntIntoWeightedBuckets/0split0,0,0,1" time="0.000000"></testcase>
		<testcase classname="github.com/joltify-finance/joltify_lending/x/third_party/auction/keeper" name="TestSplitIntIntoWeightedBuckets/2split1,1" time="0.000000"></testcase>
		<testcase classname="github.com/joltify-finance/joltify_lending/x/third_party/auction/keeper" name="TestSplitIntIntoWeightedBuckets/100split1,9" time="0.000000"></testcase>
		<testcase classname="github.com/joltify-finance/joltify_lending/x/third_party/auction/keeper" name="TestSplitIntIntoWeightedBuckets/100split9,1" time="0.000000"></testcase>
		<testcase classname="github.com/joltify-finance/joltify_lending/x/third_party/auction/keeper" name="TestSplitIntIntoWeightedBuckets/7split1,2" time="0.000000"></testcase>
		<testcase classname="github.com/joltify-finance/joltify_lending/x/third_party/auction/keeper" name="TestSplitIntIntoWeightedBuckets/17split1,1,1" time="0.000000"></testcase>
		<testcase classname="github.com/joltify-finance/joltify_lending/x/third_party/auction/keeper" name="TestSplitIntIntoWeightedBuckets/10split1000000,1" time="0.000000"></testcase>
		<testcase classname="github.com/joltify-finance/joltify_lending/x/third_party/auction/keeper" name="TestSplitIntIntoWeightedBuckets/334733353split730777,31547" time="0.000000"></testcase>
		<testcase classname="github.com/joltify-finance/joltify_lending/x/third_party/auction/keeper" name="TestSplitIntIntoWeightedBuckets" time="0.000000"></testcase>
		<testcase classname="github.com/joltify-finance/joltify_lending/x/third_party/auction/keeper" name="TestAuctionTestSuite/TestCloseAuction" time="0.180000"></testcase>
		<testcase classname="github.com/joltify-finance/joltify_lending/x/third_party/auction/keeper" name="TestAuctionTestSuite/TestCloseExpiredAuctions" time="0.160000"></testcase>
		<testcase classname="github.com/joltify-finance/joltify_lending/x/third_party/auction/keeper" name="TestAuctionTestSuite/TestCollateralAuctionBasic" time="0.160000"></testcase>
		<testcase classname="github.com/joltify-finance/joltify_lending/x/third_party/auction/keeper" name="TestAuctionTestSuite/TestCollateralAuctionDebtRemaining" time="0.140000"></testcase>
		<testcase classname="github.com/joltify-finance/joltify_lending/x/third_party/auction/keeper" name="TestAuctionTestSuite/TestDebtAuctionBasic" time="0.170000"></testcase>
		<testcase classname="github.com/joltify-finance/joltify_lending/x/third_party/auction/keeper" name="TestAuctionTestSuite/TestDebtAuctionDebtRemaining" time="0.130000"></testcase>
		<testcase classname="github.com/joltify-finance/joltify_lending/x/third_party/auction/keeper" name="TestAuctionTestSuite/TestStartSurplusAuction/normal" time="0.140000"></testcase>
		<testcase classname="github.com/joltify-finance/joltify_lending/x/third_party/auction/keeper" name="TestAuctionTestSuite/TestStartSurplusAuction/no_module_account" time="0.120000"></testcase>
		<testcase classname="github.com/joltify-finance/joltify_lending/x/third_party/auction/keeper" name="TestAuctionTestSuite/TestStartSurplusAuction/not_enough_coins" time="0.240000"></testcase>
		<testcase classname="github.com/joltify-finance/joltify_lending/x/third_party/auction/keeper" name="TestAuctionTestSuite/TestStartSurplusAuction/incorrect_denom" time="0.140000"></testcase>
		<testcase classname="github.com/joltify-finance/joltify_lending/x/third_party/auction/keeper" name="TestAuctionTestSuite/TestStartSurplusAuction" time="0.780000"></testcase>
		<testcase classname="github.com/joltify-finance/joltify_lending/x/third_party/auction/keeper" name="TestAuctionTestSuite/TestSurplusAuctionBasic" time="0.150000"></testcase>
		<testcase classname="github.com/joltify-finance/joltify_lending/x/third_party/auction/keeper" name="TestAuctionTestSuite" time="1.870000"></testcase>
		<testcase classname="github.com/joltify-finance/joltify_lending/x/third_party/auction/keeper" name="TestAuctionBidding/basic:_auction_doesn&#39;t_exist" time="0.130000"></testcase>
		<testcase classname="github.com/joltify-finance/joltify_lending/x/third_party/auction/keeper" name="TestAuctionBidding/basic:_closed_auction" time="0.130000"></testcase>
		<testcase classname="github.com/joltify-finance/joltify_lending/x/third_party/auction/keeper" name="TestAuctionBidding/surplus:_normal" time="0.130000"></testcase>
		<testcase classname="github.com/joltify-finance/joltify_lending/x/third_party/auction/keeper" name="TestAuctionBidding/surplus:_second_bidder" time="0.130000"></testcase>
		<testcase classname="github.com/joltify-finance/joltify_lending/x/third_party/auction/keeper" name="TestAuctionBidding/surplus:_invalid_bid_denom" time="0.160000"></testcase>
		<testcase classname="github.com/joltify-finance/joltify_lending/x/third_party/auction/keeper" name="TestAuctionBidding/surplus:_invalid_bid_(less_than)" time="0.660000"></testcase>
		<testcase classname="github.com/joltify-finance/joltify_lending/x/third_party/auction/keeper" name="TestAuctionBidding/surplus:_invalid_bid_(equal)" time="0.120000"></testcase>
		<testcase classname="github.com/joltify-finance/joltify_lending/x/third_party/auction/keeper" name="TestAuctionBidding/surplus:_invalid_bid_(less_than_min_increment)" time="0.110000"></testcase>
		<testcase classname="github.com/joltify-finance/joltify_lending/x/third_party/auction/keeper" name="TestAuctionBidding/debt:_normal" time="0.130000"></testcase>
		<testcase classname="github.com/joltify-finance/joltify_lending/x/third_party/auction/keeper" name="TestAuctionBidding/debt:_second_bidder" time="0.120000"></testcase>
		<testcase classname="github.com/joltify-finance/joltify_lending/x/third_party/auction/keeper" name="TestAuctionBidding/debt:_invalid_lot_denom" time="0.150000"></testcase>
		<testcase classname="github.com/joltify-finance/joltify_lending/x/third_party/auction/keeper" name="TestAuctionBidding/debt:_invalid_lot_size_(larger)" time="0.120000"></testcase>
		<testcase classname="github.com/joltify-finance/joltify_lending/x/third_party/auction/keeper" name="TestAuctionBidding/debt:_invalid_lot_size_(equal)" time="0.120000"></testcase>
		<testcase classname="github.com/joltify-finance/joltify_lending/x/third_party/auction/keeper" name="TestAuctionBidding/debt:_invalid_lot_size_(larger_than_min_increment)" time="0.130000"></testcase>
		<testcase classname="github.com/joltify-finance/joltify_lending/x/third_party/auction/keeper" name="TestAuctionBidding/collateral_[forward]:_normal" time="0.120000"></testcase>
		<testcase classname="github.com/joltify-finance/joltify_lending/x/third_party/auction/keeper" name="TestAuctionBidding/collateral_[forward]:_second_bidder" time="0.130000"></testcase>
		<testcase classname="github.com/joltify-finance/joltify_lending/x/third_party/auction/keeper" name="TestAuctionBidding/collateral_[forward]:_convert_to_reverse_(reach_maxBid)" time="0.140000"></testcase>
		<testcase classname="github.com/joltify-finance/joltify_lending/x/third_party/auction/keeper" name="TestAuctionBidding/collateral_[forward]:_invalid_bid_denom" time="0.110000"></testcase>
		<testcase classname="github.com/joltify-finance/joltify_lending/x/third_party/auction/keeper" name="TestAuctionBidding/collateral_[forward]:_invalid_bid_size_(smaller)" time="0.130000"></testcase>
		<testcase classname="github.com/joltify-finance/joltify_lending/x/third_party/auction/keeper" name="TestAuctionBidding/collateral_[forward]:_invalid_bid_size_(equal)" time="0.130000"></testcase>
		<testcase classname="github.com/joltify-finance/joltify_lending/x/third_party/auction/keeper" name="TestAuctionBidding/collateral_[forward]:_invalid_bid_size_(less_than_min_increment)" time="0.140000"></testcase>
		<testcase classname="github.com/joltify-finance/joltify_lending/x/third_party/auction/keeper" name="TestAuctionBidding/collateral_[forward]:_less_than_min_increment_but_equal_to_maxBid" time="0.180000"></testcase>
		<testcase classname="github.com/joltify-finance/joltify_lending/x/third_party/auction/keeper" name="TestAuctionBidding/collateral_[forward]:_invalid_bid_size_(greater_than_max)" time="0.240000"></testcase>
		<testcase classname="github.com/joltify-finance/joltify_lending/x/third_party/auction/keeper" name="TestAuctionBidding/collateral_[forward]:_bidder_replaces_previous_bid_with_only_funds_for_difference" time="0.130000"></testcase>
		<testcase classname="github.com/joltify-finance/joltify_lending/x/third_party/auction/keeper" name="TestAuctionBidding/collateral_[reverse]:_normal" time="0.110000"></testcase>
		<testcase classname="github.com/joltify-finance/joltify_lending/x/third_party/auction/keeper" name="TestAuctionBidding/collateral_[reverse]:_second_bidder" time="0.110000"></testcase>
		<testcase classname="github.com/joltify-finance/joltify_lending/x/third_party/auction/keeper" name="TestAuctionBidding/collateral_[reverse]:_invalid_lot_denom" time="0.100000"></testcase>
		<testcase classname="github.com/joltify-finance/joltify_lending/x/third_party/auction/keeper" name="TestAuctionBidding/collateral_[reverse]:_invalid_lot_size_(greater)" time="0.100000"></testcase>
		<testcase classname="github.com/joltify-finance/joltify_lending/x/third_party/auction/keeper" name="TestAuctionBidding/collateral_[reverse]:_invalid_lot_size_(equal)" time="0.110000"></testcase>
		<testcase classname="github.com/joltify-finance/joltify_lending/x/third_party/auction/keeper" name="TestAuctionBidding/collateral_[reverse]:_invalid_lot_size_(larger_than_min_increment)" time="0.180000"></testcase>
		<testcase classname="github.com/joltify-finance/joltify_lending/x/third_party/auction/keeper" name="TestAuctionBidding/collateral_[reverse]:_bidder_replaces_previous_bid_without_funds" time="0.120000"></testcase>
		<testcase classname="github.com/joltify-finance/joltify_lending/x/third_party/auction/keeper" name="TestAuctionBidding" time="4.600000"></testcase>
		<testcase classname="github.com/joltify-finance/joltify_lending/x/third_party/auction/keeper" name="TestGrpcAuctionsFilter/empty_request" time="0.000000"></testcase>
		<testcase classname="github.com/joltify-finance/joltify_lending/x/third_party/auction/keeper" name="TestGrpcAuctionsFilter/denom_query_swp" time="0.000000"></testcase>
		<testcase classname="github.com/joltify-finance/joltify_lending/x/third_party/auction/keeper" name="TestGrpcAuctionsFilter/denom_query_usdx_all" time="0.000000"></testcase>
		<testcase classname="github.com/joltify-finance/joltify_lending/x/third_party/auction/keeper" name="TestGrpcAuctionsFilter/owner" time="0.000000"></testcase>
		<testcase classname="github.com/joltify-finance/joltify_lending/x/third_party/auction/keeper" name="TestGrpcAuctionsFilter/owner_and_denom" time="0.000000"></testcase>
		<testcase classname="github.com/joltify-finance/joltify_lending/x/third_party/auction/keeper" name="TestGrpcAuctionsFilter/owner,_denom,_type,_phase" time="0.000000"></testcase>
		<testcase classname="github.com/joltify-finance/joltify_lending/x/third_party/auction/keeper" name="TestGrpcAuctionsFilter" time="0.110000"></testcase>
		<testcase classname="github.com/joltify-finance/joltify_lending/x/third_party/auction/keeper" name="TestIncrementNextAuctionID" time="0.070000"></testcase>
		<testcase classname="github.com/joltify-finance/joltify_lending/x/third_party/auction/keeper" name="TestIterateAuctions" time="0.180000"></testcase>
		<testcase classname="github.com/joltify-finance/joltify_lending/x/third_party/auction/keeper" name="TestIterateAuctionsByTime" time="0.090000"></testcase>
	</testsuite>
	<testsuite tests="0" failures="0" time="0.000000" name="github.com/joltify-finance/joltify_lending/x/third_party/auction/testutil" timestamp="2024-01-31T15:46:47+11:00">
		<properties>
			<property name="go.version" value="go1.21.4 darwin/amd64"></property>
		</properties>
	</testsuite>
	<testsuite tests="24" failures="0" time="53.911000" name="github.com/joltify-finance/joltify_lending/x/third_party/auction/types" timestamp="2024-01-31T15:46:47+11:00">
		<properties>
			<property name="go.version" value="go1.21.4 darwin/amd64"></property>
		</properties>
		<testcase classname="github.com/joltify-finance/joltify_lending/x/third_party/auction/types" name="TestNewWeightedAddresses" time="0.000000"></testcase>
		<testcase classname="github.com/joltify-finance/joltify_lending/x/third_party/auction/types" name="TestDebtAuctionValidate" time="0.000000"></testcase>
		<testcase classname="github.com/joltify-finance/joltify_lending/x/third_party/auction/types" name="TestCollateralAuctionValidate" time="0.000000"></testcase>
		<testcase classname="github.com/joltify-finance/joltify_lending/x/third_party/auction/types" name="TestBaseAuctionGetters" time="0.000000"></testcase>
		<testcase classname="github.com/joltify-finance/joltify_lending/x/third_party/auction/types" name="TestNewSurplusAuction" time="0.000000"></testcase>
		<testcase classname="github.com/joltify-finance/joltify_lending/x/third_party/auction/types" name="TestNewDebtAuction" time="0.000000"></testcase>
		<testcase classname="github.com/joltify-finance/joltify_lending/x/third_party/auction/types" name="TestNewCollateralAuction" time="0.000000"></testcase>
		<testcase classname="github.com/joltify-finance/joltify_lending/x/third_party/auction/types" name="TestGenesisState_Validate/valid_default_genesis" time="0.000000"></testcase>
		<testcase classname="github.com/joltify-finance/joltify_lending/x/third_party/auction/types" name="TestGenesisState_Validate/invalid_next_ID" time="0.000000"></testcase>
		<testcase classname="github.com/joltify-finance/joltify_lending/x/third_party/auction/types" name="TestGenesisState_Validate/invalid_auctions_with_repeated_ID" time="0.000000"></testcase>
		<testcase classname="github.com/joltify-finance/joltify_lending/x/third_party/auction/types" name="TestGenesisState_Validate" time="0.000000"></testcase>
		<testcase classname="github.com/joltify-finance/joltify_lending/x/third_party/auction/types" name="TestGenesisState_UnmarshalAnys" time="0.000000"></testcase>
		<testcase classname="github.com/joltify-finance/joltify_lending/x/third_party/auction/types" name="TestMsgPlaceBid_ValidateBasic" time="0.000000"></testcase>
		<testcase classname="github.com/joltify-finance/joltify_lending/x/third_party/auction/types" name="TestParams_Validate/normal" time="0.000000"></testcase>
		<testcase classname="github.com/joltify-finance/joltify_lending/x/third_party/auction/types" name="TestParams_Validate/negativeForwardBidDuration" time="0.000000"></testcase>
		<testcase classname="github.com/joltify-finance/joltify_lending/x/third_party/auction/types" name="TestParams_Validate/negativeReverseBidDuration" time="0.000000"></testcase>
		<testcase classname="github.com/joltify-finance/joltify_lending/x/third_party/auction/types" name="TestParams_Validate/negativeBidDuration" time="0.000000"></testcase>
		<testcase classname="github.com/joltify-finance/joltify_lending/x/third_party/auction/types" name="TestParams_Validate/negativeAuction" time="0.000000"></testcase>
		<testcase classname="github.com/joltify-finance/joltify_lending/x/third_party/auction/types" name="TestParams_Validate/bid&gt;auction" time="0.000000"></testcase>
		<testcase classname="github.com/joltify-finance/joltify_lending/x/third_party/auction/types" name="TestParams_Validate/negative_increment_surplus" time="0.000000"></testcase>
		<testcase classname="github.com/joltify-finance/joltify_lending/x/third_party/auction/types" name="TestParams_Validate/negative_increment_debt" time="0.000000"></testcase>
		<testcase classname="github.com/joltify-finance/joltify_lending/x/third_party/auction/types" name="TestParams_Validate/negative_increment_collateral" time="0.000000"></testcase>
		<testcase classname="github.com/joltify-finance/joltify_lending/x/third_party/auction/types" name="TestParams_Validate/zero_value" time="0.000000"></testcase>
		<testcase classname="github.com/joltify-finance/joltify_lending/x/third_party/auction/types" name="TestParams_Validate" time="0.000000"></testcase>
	</testsuite>
	<testsuite tests="6" failures="0" time="47.018000" name="github.com/joltify-finance/joltify_lending/x/third_party/evmutil" timestamp="2024-01-31T15:46:47+11:00">
		<properties>
			<property name="go.version" value="go1.21.4 darwin/amd64"></property>
		</properties>
		<testcase classname="github.com/joltify-finance/joltify_lending/x/third_party/evmutil" name="TestGenesisTestSuite/TestExportGenesis" time="0.190000"></testcase>
		<testcase classname="github.com/joltify-finance/joltify_lending/x/third_party/evmutil" name="TestGenesisTestSuite/TestInitGenesis_ModuleAccount" time="0.190000"></testcase>
		<testcase classname="github.com/joltify-finance/joltify_lending/x/third_party/evmutil" name="TestGenesisTestSuite/TestInitGenesis_SetAccounts" time="0.150000"></testcase>
		<testcase classname="github.com/joltify-finance/joltify_lending/x/third_party/evmutil" name="TestGenesisTestSuite/TestInitGenesis_SetParams" time="0.170000"></testcase>
		<testcase classname="github.com/joltify-finance/joltify_lending/x/third_party/evmutil" name="TestGenesisTestSuite/TestInitGenesis_ValidateFail" time="0.140000"></testcase>
		<testcase classname="github.com/joltify-finance/joltify_lending/x/third_party/evmutil" name="TestGenesisTestSuite" time="0.840000"></testcase>
	</testsuite>
	<testsuite tests="0" failures="0" time="0.000000" name="github.com/joltify-finance/joltify_lending/x/third_party/evmutil/client/cli" timestamp="2024-01-31T15:46:47+11:00">
		<properties>
			<property name="go.version" value="go1.21.4 darwin/amd64"></property>
		</properties>
	</testsuite>
	<testsuite tests="204" failures="0" time="66.627000" name="github.com/joltify-finance/joltify_lending/x/third_party/evmutil/keeper" timestamp="2024-01-31T15:46:47+11:00">
		<properties>
			<property name="go.version" value="go1.21.4 darwin/amd64"></property>
		</properties>
		<testcase classname="github.com/joltify-finance/joltify_lending/x/third_party/evmutil/keeper" name="TestEvmBankKeeperTestSuite/TestBurnCoins/burn_more_than_1_ujolt" time="0.140000"></testcase>
		<testcase classname="github.com/joltify-finance/joltify_lending/x/third_party/evmutil/keeper" name="TestEvmBankKeeperTestSuite/TestBurnCoins/burn_less_than_1_ujolt" time="0.150000"></testcase>
		<testcase classname="github.com/joltify-finance/joltify_lending/x/third_party/evmutil/keeper" name="TestEvmBankKeeperTestSuite/TestBurnCoins/burn_an_exact_amount_of_ujolt" time="0.170000"></testcase>
		<testcase classname="github.com/joltify-finance/joltify_lending/x/third_party/evmutil/keeper" name="TestEvmBankKeeperTestSuite/TestBurnCoins/burn_no_ajolt" time="0.140000"></testcase>
		<testcase classname="github.com/joltify-finance/joltify_lending/x/third_party/evmutil/keeper" name="TestEvmBankKeeperTestSuite/TestBurnCoins/errors_if_burning_other_coins" time="0.170000"></testcase>
		<testcase classname="github.com/joltify-finance/joltify_lending/x/third_party/evmutil/keeper" name="TestEvmBankKeeperTestSuite/TestBurnCoins/errors_if_have_dup_coins" time="0.200000"></testcase>
		<testcase classname="github.com/joltify-finance/joltify_lending/x/third_party/evmutil/keeper" name="TestEvmBankKeeperTestSuite/TestBurnCoins/errors_if_burn_amount_is_negative" time="0.180000"></testcase>
		<testcase classname="github.com/joltify-finance/joltify_lending/x/third_party/evmutil/keeper" name="TestEvmBankKeeperTestSuite/TestBurnCoins/errors_if_not_enough_ajolt_to_cover_burn" time="0.160000"></testcase>
		<testcase classname="github.com/joltify-finance/joltify_lending/x/third_party/evmutil/keeper" name="TestEvmBankKeeperTestSuite/TestBurnCoins/errors_if_not_enough_ujolt_to_cover_burn" time="0.210000"></testcase>
		<testcase classname="github.com/joltify-finance/joltify_lending/x/third_party/evmutil/keeper" name="TestEvmBankKeeperTestSuite/TestBurnCoins/converts_1_ujolt_to_ajolt_if_not_enough_ajolt_to_cover" time="0.170000"></testcase>
		<testcase classname="github.com/joltify-finance/joltify_lending/x/third_party/evmutil/keeper" name="TestEvmBankKeeperTestSuite/TestBurnCoins" time="1.890000"></testcase>
		<testcase classname="github.com/joltify-finance/joltify_lending/x/third_party/evmutil/keeper" name="TestEvmBankKeeperTestSuite/TestConvertAjoltToUjolt/not_enough_ujolt" time="0.220000"></testcase>
		<testcase classname="github.com/joltify-finance/joltify_lending/x/third_party/evmutil/keeper" name="TestEvmBankKeeperTestSuite/TestConvertAjoltToUjolt/converts_ajolt_for_1_ujolt" time="0.130000"></testcase>
		<testcase classname="github.com/joltify-finance/joltify_lending/x/third_party/evmutil/keeper" name="TestEvmBankKeeperTestSuite/TestConvertAjoltToUjolt/converts_more_than_1_ujolt_of_ajolt" time="0.150000"></testcase>
		<testcase classname="github.com/joltify-finance/joltify_lending/x/third_party/evmutil/keeper" name="TestEvmBankKeeperTestSuite/TestConvertAjoltToUjolt" time="0.700000"></testcase>
		<testcase classname="github.com/joltify-finance/joltify_lending/x/third_party/evmutil/keeper" name="TestEvmBankKeeperTestSuite/TestConvertOneUjoltToAjoltIfNeeded/not_enough_ujolt_for_conversion" time="0.230000"></testcase>
		<testcase classname="github.com/joltify-finance/joltify_lending/x/third_party/evmutil/keeper" name="TestEvmBankKeeperTestSuite/TestConvertOneUjoltToAjoltIfNeeded/converts_1_ujolt_to_ajolt" time="0.270000"></testcase>
		<testcase classname="github.com/joltify-finance/joltify_lending/x/third_party/evmutil/keeper" name="TestEvmBankKeeperTestSuite/TestConvertOneUjoltToAjoltIfNeeded/conversion_not_needed" time="0.230000"></testcase>
		<testcase classname="github.com/joltify-finance/joltify_lending/x/third_party/evmutil/keeper" name="TestEvmBankKeeperTestSuite/TestConvertOneUjoltToAjoltIfNeeded" time="1.040000"></testcase>
		<testcase classname="github.com/joltify-finance/joltify_lending/x/third_party/evmutil/keeper" name="TestEvmBankKeeperTestSuite/TestGetBalance/ujolt_with_ajolt" time="0.190000"></testcase>
		<testcase classname="github.com/joltify-finance/joltify_lending/x/third_party/evmutil/keeper" name="TestEvmBankKeeperTestSuite/TestGetBalance/just_ajolt" time="0.360000"></testcase>
		<testcase classname="github.com/joltify-finance/joltify_lending/x/third_party/evmutil/keeper" name="TestEvmBankKeeperTestSuite/TestGetBalance/just_ujolt" time="0.280000"></testcase>
		<testcase classname="github.com/joltify-finance/joltify_lending/x/third_party/evmutil/keeper" name="TestEvmBankKeeperTestSuite/TestGetBalance/no_ujolt_or_ajolt" time="0.290000"></testcase>
		<testcase classname="github.com/joltify-finance/joltify_lending/x/third_party/evmutil/keeper" name="TestEvmBankKeeperTestSuite/TestGetBalance/with_avaka_that_is_more_than_1_ujolt" time="0.170000"></testcase>
		<testcase classname="github.com/joltify-finance/joltify_lending/x/third_party/evmutil/keeper" name="TestEvmBankKeeperTestSuite/TestGetBalance" time="1.720000"></testcase>
		<testcase classname="github.com/joltify-finance/joltify_lending/x/third_party/evmutil/keeper" name="TestEvmBankKeeperTestSuite/TestGetBalance_NotEvmDenom" time="0.190000"></testcase>
		<testcase classname="github.com/joltify-finance/joltify_lending/x/third_party/evmutil/keeper" name="TestEvmBankKeeperTestSuite/TestGetBalance_ReturnsSpendable" time="0.170000"></testcase>
		<testcase classname="github.com/joltify-finance/joltify_lending/x/third_party/evmutil/keeper" name="TestEvmBankKeeperTestSuite/TestMintCoins/mint_more_than_1_ujolt" time="0.220000"></testcase>
		<testcase classname="github.com/joltify-finance/joltify_lending/x/third_party/evmutil/keeper" name="TestEvmBankKeeperTestSuite/TestMintCoins/mint_less_than_1_ujolt" time="0.140000"></testcase>
[...]
3820313038203531203231352031313520353420343920363720313635203130352031363120333920313134203232332036302031303820363620323236203830203232332036392031322032323420313639203231375D3A337D&#xA;I[2024-01-31|15:51:51.537] committed state                              module=state height=3 num_txs=0 app_hash=02E3FF4BD539BB806C33D773363143A569A12772DF3C6C42E250DF450CE0A9D9&#xA;D[2024-01-31|15:51:51.537] Updating evidence pool                       module=evidence last_block_height=3 last_block_time=&#34;2024-01-31 04:51:49.331045 +0000 UTC&#34;&#xA;D[2024-01-31|15:51:51.558] Broadcast                                    module=p2p channel=32&#xA;D[2024-01-31|15:51:51.558] Received tick                                module=consensus old_ti=&#34;{Duration:3s Height:3 Round:0 Step:RoundStepPropose}&#34; new_ti=&#34;{Duration:1.907098s Height:4 Round:0 Step:RoundStepNewHeight}&#34;&#xA;D[2024-01-31|15:51:51.558] Attempt to update stats for non-existent peer module=consensus peer=&#xA;D[2024-01-31|15:51:51.558] Scheduled timeout                            module=consensus dur=1.907098s height=4 round=0 step=RoundStepNewHeight&#xA;I[2024-01-31|15:51:51.579] indexed block events                         module=txindex height=3&#xA;D[2024-01-31|15:51:51.579] indexed transactions                         module=txindex height=3 num_txs=0&#xA;I[2024-01-31|15:51:53.466] Timed out                                    module=consensus dur=1.907098s height=4 round=0 step=RoundStepNewHeight&#xA;D[2024-01-31|15:51:53.466] received tock                                module=consensus timeout=1.907098s height=4 round=0 step=RoundStepNewHeight&#xA;D[2024-01-31|15:51:53.466] entering new round                           module=consensus height=4 round=0 previous=4/0/RoundStepNewHeight proposer=CDB7E845B876019541C4B5FFFA25FDDE12C89FEF&#xA;D[2024-01-31|15:51:53.466] entering propose step                        module=consensus height=4 round=0 current=4/0/RoundStepNewRound&#xA;D[2024-01-31|15:51:53.466] node is a validator                          module=consensus height=4 round=0&#xA;D[2024-01-31|15:51:53.466] propose step; our turn to propose            module=consensus height=4 round=0 proposer=CDB7E845B876019541C4B5FFFA25FDDE12C89FEF&#xA;D[2024-01-31|15:51:53.466] Received tick                                module=consensus old_ti=&#34;{Duration:1.907098s Height:4 Round:0 Step:RoundStepNewHeight}&#34; new_ti=&#34;{Duration:3s Height:4 Round:0 Step:RoundStepPropose}&#34;&#xA;D[2024-01-31|15:51:53.466] Timer already stopped                        module=consensus &#xA;D[2024-01-31|15:51:53.466] Scheduled timeout                            module=consensus dur=3s height=4 round=0 step=RoundStepPropose&#xA;D[2024-01-31|15:51:53.491] signed proposal                              module=consensus height=4 round=0 proposal=&#34;Proposal{4/0 (D9CB5CB36A7E220F815E1DE066061CB2AB017C5575411796CFACC420C3040E57:1:6CC2B898A081, -1) 7E846F0CB057 @ 2024-01-31T04:51:53.490138Z}&#34;&#xA;D[2024-01-31|15:51:53.491] Broadcast                                    module=p2p channel=32&#xA;I[2024-01-31|15:51:53.514] received proposal                            module=consensus proposal=&#34;Proposal{4/0 (D9CB5CB36A7E220F815E1DE066061CB2AB017C5575411796CFACC420C3040E57:1:6CC2B898A081, -1) 7E846F0CB057 @ 2024-01-31T04:51:53.490138Z}&#34; proposer=CDB7E845B876019541C4B5FFFA25FDDE12C89FEF&#xA;I[2024-01-31|15:51:53.535] received complete proposal block             module=consensus height=4 hash=D9CB5CB36A7E220F815E1DE066061CB2AB017C5575411796CFACC420C3040E57&#xA;D[2024-01-31|15:51:53.535] entering prevote step                        module=consensus height=4 round=0 current=4/0/RoundStepPropose&#xA;D[2024-01-31|15:51:53.535] prevote step: ProposalBlock is valid         module=consensus height=4 round=0&#xA;D[2024-01-31|15:51:53.557] signed and pushed vote                       module=consensus height=4 round=0 vote=&#34;Vote{0:CDB7E845B876 4/00/SIGNED_MSG_TYPE_PREVOTE(Prevote) D9CB5CB36A7E 75D057D60639 @ 2024-01-31T04:51:53.556366Z}&#34;&#xA;D[2024-01-31|15:51:53.557] Broadcast                                    module=p2p channel=32&#xA;D[2024-01-31|15:51:53.558] Attempt to update stats for non-existent peer module=consensus peer=&#xA;D[2024-01-31|15:51:53.578] adding vote                                  module=consensus vote_height=4 vote_type=SIGNED_MSG_TYPE_PREVOTE val_index=0 cs_height=4&#xA;D[2024-01-31|15:51:53.578] Broadcast                                    module=p2p channel=32&#xA;D[2024-01-31|15:51:53.578] added vote to prevote                        module=consensus vote=&#34;Vote{0:CDB7E845B876 4/00/SIGNED_MSG_TYPE_PREVOTE(Prevote) D9CB5CB36A7E 75D057D60639 @ 2024-01-31T04:51:53.556366Z}&#34; prevotes=&#34;VoteSet{H:4 R:0 T:SIGNED_MSG_TYPE_PREVOTE +2/3:D9CB5CB36A7E220F815E1DE066061CB2AB017C5575411796CFACC420C3040E57:1:6CC2B898A081(1) BA{1:x} map[]}&#34;&#xA;D[2024-01-31|15:51:53.578] updating valid block because of POL          module=consensus valid_round=-1 pol_round=0&#xA;D[2024-01-31|15:51:53.578] Broadcast                                    module=p2p channel=32&#xA;D[2024-01-31|15:51:53.578] entering precommit step                      module=consensus height=4 round=0 current=4/0/RoundStepPrevote&#xA;D[2024-01-31|15:51:53.578] precommit step; +2/3 prevoted proposal block; locking module=consensus height=4 round=0 hash=D9CB5CB36A7E220F815E1DE066061CB2AB017C5575411796CFACC420C3040E57&#xA;D[2024-01-31|15:51:53.599] signed and pushed vote                       module=consensus height=4 round=0 vote=&#34;Vote{0:CDB7E845B876 4/00/SIGNED_MSG_TYPE_PRECOMMIT(Precommit) D9CB5CB36A7E C1579254A488 @ 2024-01-31T04:51:53.598358Z}&#34;&#xA;D[2024-01-31|15:51:53.599] Broadcast                                    module=p2p channel=32&#xA;D[2024-01-31|15:51:53.599] Attempt to update stats for non-existent peer module=consensus peer=&#xA;D[2024-01-31|15:51:53.620] adding vote                                  module=consensus vote_height=4 vote_type=SIGNED_MSG_TYPE_PRECOMMIT val_index=0 cs_height=4&#xA;D[2024-01-31|15:51:53.620] Broadcast                                    module=p2p channel=32&#xA;D[2024-01-31|15:51:53.620] added vote to precommit                      module=consensus height=4 round=0 validator=CDB7E845B876019541C4B5FFFA25FDDE12C89FEF vote_timestamp=&#34;2024-01-31 04:51:53.598358 +0000 UTC&#34; data=Votes:10000000000/10000000000(1.000)&#xA;D[2024-01-31|15:51:53.620] entering new round with invalid args         module=consensus height=4 round=0 current=4/0/RoundStepPrecommit&#xA;D[2024-01-31|15:51:53.620] entering precommit step with invalid args    module=consensus height=4 round=0 current=4/0/RoundStepPrecommit&#xA;D[2024-01-31|15:51:53.620] entering commit step                         module=consensus height=4 commit_round=0 current=4/0/RoundStepPrecommit&#xA;D[2024-01-31|15:51:53.620] commit is for a locked block; set ProposalBlock=LockedBlock module=consensus height=4 commit_round=0 block_hash=D9CB5CB36A7E220F815E1DE066061CB2AB017C5575411796CFACC420C3040E57&#xA;D[2024-01-31|15:51:53.620] Broadcast                                    module=p2p channel=32&#xA;I[2024-01-31|15:51:53.621] finalizing commit of block                   module=consensus height=4 hash=D9CB5CB36A7E220F815E1DE066061CB2AB017C5575411796CFACC420C3040E57 root=02E3FF4BD539BB806C33D773363143A569A12772DF3C6C42E250DF450CE0A9D9 num_txs=0&#xA;D[2024-01-31|15:51:53.621] committed block                              module=consensus height=4 block=&#34;Block{\n  Header{\n    Version:        {11 0}\n    ChainID:        aotnjylocalnet_888-1\n    Height:         4\n    Time:           2024-01-31 04:51:51.444122 +0000 UTC\n    LastBlockID:    30426F673E3C922F63724D3A80A23F161CEFAC8C2A6AD5B4182ED39E6A687791:1:CC3982EA274E\n    LastCommit:     21B83BFEA077B1EF3EDF5840CCF1442FF3FDB4A9D9F0B0023BFA1D62C1F3A2B2\n    Data:           E3B0C44298FC1C149AFBF4C8996FB92427AE41E4649B934CA495991B7852B855\n    Validators:     202C256FA3910CA3365EFC1E38DE3D715827062DCF5C8C019B8B7BDFEB0C9F2B\n    NextValidators: 202C256FA3910CA3365EFC1E38DE3D715827062DCF5C8C019B8B7BDFEB0C9F2B\n    App:            02E3FF4BD539BB806C33D773363143A569A12772DF3C6C42E250DF450CE0A9D9\n    Consensus:      A09AC0317CFF36D13F32E39B2E6FBDC0DF77FC0E470077F1EA94CAA4E042BDCF\n    Results:        E3B0C44298FC1C149AFBF4C8996FB92427AE41E4649B934CA495991B7852B855\n    Evidence:       E3B0C44298FC1C149AFBF4C8996FB92427AE41E4649B934CA495991B7852B855\n    Proposer:       CDB7E845B876019541C4B5FFFA25FDDE12C89FEF\n  }#D9CB5CB36A7E220F815E1DE066061CB2AB017C5575411796CFACC420C3040E57\n  Data{\n    \n  }#E3B0C44298FC1C149AFBF4C8996FB92427AE41E4649B934CA495991B7852B855\n  EvidenceData{\n    \n  }#E3B0C44298FC1C149AFBF4C8996FB92427AE41E4649B934CA495991B7852B855\n  Commit{\n    Height:     3\n    Round:      0\n    BlockID:    30426F673E3C922F63724D3A80A23F161CEFAC8C2A6AD5B4182ED39E6A687791:1:CC3982EA274E\n    Signatures:\n      CommitSig{BA3C82E289FB by CDB7E845B876 on 2 @ 2024-01-31T04:51:51.444122Z}\n  }#21B83BFEA077B1EF3EDF5840CCF1442FF3FDB4A9D9F0B0023BFA1D62C1F3A2B2\n}#D9CB5CB36A7E220F815E1DE066061CB2AB017C5575411796CFACC420C3040E57&#34;&#xA;I[2024-01-31|15:51:53.668] executed block                               module=state height=4 num_valid_txs=0 num_invalid_txs=0&#xA;I[2024-01-31|15:51:53.692] commit synced                                commit=436F6D6D697449447B5B3133352031373920323338203135302030203137392032353220333820383320313930203531203234372036312038203138332034372032303220323036203137372037302037342032323720323034203139203833203139382031353120393720313833203934203335203138335D3A347D&#xA;I[2024-01-31|15:51:53.692] committed state                              module=state height=4 num_txs=0 app_hash=87B3EE9600B3FC2653BE33F73D08B72FCACEB1464AE3CC1353C69761B75E23B7&#xA;D[2024-01-31|15:51:53.692] Updating evidence pool                       module=evidence last_block_height=4 last_block_time=&#34;2024-01-31 04:51:51.444122 +0000 UTC&#34;&#xA;D[2024-01-31|15:51:53.712] Broadcast                                    module=p2p channel=32&#xA;D[2024-01-31|15:51:53.712] Received tick                                module=consensus old_ti=&#34;{Duration:3s Height:4 Round:0 Step:RoundStepPropose}&#34; new_ti=&#34;{Duration:1.908519s Height:5 Round:0 Step:RoundStepNewHeight}&#34;&#xA;D[2024-01-31|15:51:53.712] Attempt to update stats for non-existent peer module=consensus peer=&#xA;D[2024-01-31|15:51:53.712] Scheduled timeout                            module=consensus dur=1.908519s height=5 round=0 step=RoundStepNewHeight&#xA;I[2024-01-31|15:51:53.732] indexed block events                         module=txindex height=4&#xA;D[2024-01-31|15:51:53.732] indexed transactions                         module=txindex height=4 num_txs=0&#xA;signal: interrupt&#xA;</failure>
		</testcase>
	</testsuite>
	<testsuite tests="46" failures="0" time="18.123000" name="github.com/joltify-finance/joltify_lending/x/vault/keeper" timestamp="2024-01-31T15:46:47+11:00">
		<properties>
			<property name="go.version" value="go1.21.4 darwin/amd64"></property>
		</properties>
		<testcase classname="github.com/joltify-finance/joltify_lending/x/vault/keeper" name="TestProcessAccountLeft" time="0.130000"></testcase>
		<testcase classname="github.com/joltify-finance/joltify_lending/x/vault/keeper" name="TestProcessAccountLeftWithAccountLessThanFee" time="0.090000"></testcase>
		<testcase classname="github.com/joltify-finance/joltify_lending/x/vault/keeper" name="TestCreatePoolGet" time="0.080000"></testcase>
		<testcase classname="github.com/joltify-finance/joltify_lending/x/vault/keeper" name="TestCreatePoolRemove" time="0.070000"></testcase>
		<testcase classname="github.com/joltify-finance/joltify_lending/x/vault/keeper" name="TestCreatePoolGetAll" time="0.100000"></testcase>
		<testcase classname="github.com/joltify-finance/joltify_lending/x/vault/keeper" name="TestSetStoreFeeAmount" time="0.110000"></testcase>
		<testcase classname="github.com/joltify-finance/joltify_lending/x/vault/keeper" name="TestCreatePoolQuerySingle/First" time="0.000000"></testcase>
		<testcase classname="github.com/joltify-finance/joltify_lending/x/vault/keeper" name="TestCreatePoolQuerySingle/Second" time="0.000000"></testcase>
		<testcase classname="github.com/joltify-finance/joltify_lending/x/vault/keeper" name="TestCreatePoolQuerySingle/KeyNotFound" time="0.000000"></testcase>
		<testcase classname="github.com/joltify-finance/joltify_lending/x/vault/keeper" name="TestCreatePoolQuerySingle/InvalidRequest" time="0.000000"></testcase>
		<testcase classname="github.com/joltify-finance/joltify_lending/x/vault/keeper" name="TestCreatePoolQuerySingle" time="0.120000"></testcase>
		<testcase classname="github.com/joltify-finance/joltify_lending/x/vault/keeper" name="TestCreatePoolQueryPaginated/ByOffset" time="0.000000"></testcase>
		<testcase classname="github.com/joltify-finance/joltify_lending/x/vault/keeper" name="TestCreatePoolQueryPaginated/ByKey" time="0.000000"></testcase>
		<testcase classname="github.com/joltify-finance/joltify_lending/x/vault/keeper" name="TestCreatePoolQueryPaginated/Total" time="0.000000"></testcase>
		<testcase classname="github.com/joltify-finance/joltify_lending/x/vault/keeper" name="TestCreatePoolQueryPaginated/InvalidRequest" time="0.000000"></testcase>
		<testcase classname="github.com/joltify-finance/joltify_lending/x/vault/keeper" name="TestCreatePoolQueryPaginated" time="0.150000"></testcase>
		<testcase classname="github.com/joltify-finance/joltify_lending/x/vault/keeper" name="TestIssueTokenQuerySingle/First" time="0.000000"></testcase>
		<testcase classname="github.com/joltify-finance/joltify_lending/x/vault/keeper" name="TestIssueTokenQuerySingle/Second" time="0.000000"></testcase>
		<testcase classname="github.com/joltify-finance/joltify_lending/x/vault/keeper" name="TestIssueTokenQuerySingle/KeyNotFound" time="0.000000"></testcase>
		<testcase classname="github.com/joltify-finance/joltify_lending/x/vault/keeper" name="TestIssueTokenQuerySingle/InvalidRequest" time="0.000000"></testcase>
		<testcase classname="github.com/joltify-finance/joltify_lending/x/vault/keeper" name="TestIssueTokenQuerySingle" time="0.090000"></testcase>
		<testcase classname="github.com/joltify-finance/joltify_lending/x/vault/keeper" name="TestIssueTokenQueryPaginated/ByOffset" time="0.000000"></testcase>
		<testcase classname="github.com/joltify-finance/joltify_lending/x/vault/keeper" name="TestIssueTokenQueryPaginated/ByKey" time="0.000000"></testcase>
		<testcase classname="github.com/joltify-finance/joltify_lending/x/vault/keeper" name="TestIssueTokenQueryPaginated/Total" time="0.000000"></testcase>
		<testcase classname="github.com/joltify-finance/joltify_lending/x/vault/keeper" name="TestIssueTokenQueryPaginated/InvalidRequest" time="0.000000"></testcase>
		<testcase classname="github.com/joltify-finance/joltify_lending/x/vault/keeper" name="TestIssueTokenQueryPaginated" time="0.090000"></testcase>
		<testcase classname="github.com/joltify-finance/joltify_lending/x/vault/keeper" name="TestOutboundTxQuerySingle/First" time="0.000000"></testcase>
		<testcase classname="github.com/joltify-finance/joltify_lending/x/vault/keeper" name="TestOutboundTxQuerySingle/Second" time="0.000000"></testcase>
		<testcase classname="github.com/joltify-finance/joltify_lending/x/vault/keeper" name="TestOutboundTxQuerySingle/KeyNotFound" time="0.000000"></testcase>
		<testcase classname="github.com/joltify-finance/joltify_lending/x/vault/keeper" name="TestOutboundTxQuerySingle/InvalidRequest" time="0.000000"></testcase>
		<testcase classname="github.com/joltify-finance/joltify_lending/x/vault/keeper" name="TestOutboundTxQuerySingle" time="0.080000"></testcase>
		<testcase classname="github.com/joltify-finance/joltify_lending/x/vault/keeper" name="TestOutboundTxQueryPaginated/ByOffset" time="0.000000"></testcase>
		<testcase classname="github.com/joltify-finance/joltify_lending/x/vault/keeper" name="TestOutboundTxQueryPaginated/ByKey" time="0.000000"></testcase>
		<testcase classname="github.com/joltify-finance/joltify_lending/x/vault/keeper" name="TestOutboundTxQueryPaginated/Total" time="0.000000"></testcase>
		<testcase classname="github.com/joltify-finance/joltify_lending/x/vault/keeper" name="TestOutboundTxQueryPaginated/InvalidRequest" time="0.000000"></testcase>
		<testcase classname="github.com/joltify-finance/joltify_lending/x/vault/keeper" name="TestOutboundTxQueryPaginated" time="0.090000"></testcase>
		<testcase classname="github.com/joltify-finance/joltify_lending/x/vault/keeper" name="TestIssueTokenGet" time="0.080000"></testcase>
		<testcase classname="github.com/joltify-finance/joltify_lending/x/vault/keeper" name="TestIssueTokenGetAll" time="0.080000"></testcase>
		<testcase classname="github.com/joltify-finance/joltify_lending/x/vault/keeper" name="TestCreatePoolMsgServerCreate" time="0.080000"></testcase>
		<testcase classname="github.com/joltify-finance/joltify_lending/x/vault/keeper" name="TestCreatePoolMsgServerCreateNotValidator" time="0.110000"></testcase>
		<testcase classname="github.com/joltify-finance/joltify_lending/x/vault/keeper" name="TestOutboundTxMsgServerCreate" time="0.120000"></testcase>
		<testcase classname="github.com/joltify-finance/joltify_lending/x/vault/keeper" name="TestOutboundTxGet" time="0.100000"></testcase>
		<testcase classname="github.com/joltify-finance/joltify_lending/x/vault/keeper" name="TestOutboundTxGetAll" time="0.080000"></testcase>
		<testcase classname="github.com/joltify-finance/joltify_lending/x/vault/keeper" name="TestProcessHistory" time="0.000000"></testcase>
		<testcase classname="github.com/joltify-finance/joltify_lending/x/vault/keeper" name="TestProcessHistoryWithManyEmpty" time="0.000000"></testcase>
		<testcase classname="github.com/joltify-finance/joltify_lending/x/vault/keeper" name="TestProcessEvent" time="0.080000"></testcase>
	</testsuite>
	<testsuite tests="0" failures="0" time="0.000000" name="github.com/joltify-finance/joltify_lending/x/vault/migrations/v17" timestamp="2024-01-31T15:46:47+11:00">
		<properties>
			<property name="go.version" value="go1.21.4 darwin/amd64"></property>
		</properties>
	</testsuite>
	<testsuite tests="0" failures="0" time="0.000000" name="github.com/joltify-finance/joltify_lending/x/vault/migrations/v21" timestamp="2024-01-31T15:46:47+11:00">
		<properties>
			<property name="go.version" value="go1.21.4 darwin/amd64"></property>
		</properties>
	</testsuite>
	<testsuite tests="0" failures="0" time="0.000000" name="github.com/joltify-finance/joltify_lending/x/vault/migrations/v5" timestamp="2024-01-31T15:46:47+11:00">
		<properties>
			<property name="go.version" value="go1.21.4 darwin/amd64"></property>
		</properties>
	</testsuite>
	<testsuite tests="0" failures="0" time="0.000000" name="github.com/joltify-finance/joltify_lending/x/vault/simulation" timestamp="2024-01-31T15:46:47+11:00">
		<properties>
			<property name="go.version" value="go1.21.4 darwin/amd64"></property>
		</properties>
	</testsuite>
	<testsuite tests="4" failures="0" time="16.363000" name="github.com/joltify-finance/joltify_lending/x/vault/types" timestamp="2024-01-31T15:46:47+11:00">
		<properties>
			<property name="go.version" value="go1.21.4 darwin/amd64"></property>
		</properties>
		<testcase classname="github.com/joltify-finance/joltify_lending/x/vault/types" name="TestGenesisState_Validate/default_is_valid" time="0.000000"></testcase>
		<testcase classname="github.com/joltify-finance/joltify_lending/x/vault/types" name="TestGenesisState_Validate/valid_genesis_state" time="0.000000"></testcase>
		<testcase classname="github.com/joltify-finance/joltify_lending/x/vault/types" name="TestGenesisState_Validate/duplicated_outboundTx" time="0.000000"></testcase>
		<testcase classname="github.com/joltify-finance/joltify_lending/x/vault/types" name="TestGenesisState_Validate" time="0.000000"></testcase>
	</testsuite>
</testsuites>